Línea 21: la clase Threed.SSPanel del control SSPanel1 no era una clase de control cargada.
Línea 40: la clase Threed.SSPanel del control SSPanel28 no era una clase de control cargada.
Línea 81: la clase Threed.SSPanel del control SSPanel2 no era una clase de control cargada.
Línea 101: la clase TabDlg.SSTab del control tab_Princi no era una clase de control cargada.
Línea 564: la clase MSFlexGridLib.MSFlexGrid del control grd_Gas_Listad no era una clase de control cargada.
Línea 582: la clase Threed.SSPanel del control SSPanel23 no era una clase de control cargada.
Línea 608: la clase Threed.SSPanel del control SSPanel25 no era una clase de control cargada.
Línea 634: la clase Threed.SSPanel del control SSPanel26 no era una clase de control cargada.
Línea 657: la clase EditLib.fpDoubleSingle del control ipp_Gas_ImpVal no era una clase de control cargada.
Línea 753: la clase Threed.SSPanel del control SSPanel27 no era una clase de control cargada.
Línea 776: la clase MSFlexGridLib.MSFlexGrid del control grd_Fin_Listad no era una clase de control cargada.
Línea 794: la clase Threed.SSPanel del control SSPanel10 no era una clase de control cargada.
Línea 820: la clase Threed.SSPanel del control SSPanel11 no era una clase de control cargada.
Línea 846: la clase Threed.SSPanel del control SSPanel12 no era una clase de control cargada.
Línea 872: la clase Threed.SSPanel del control SSPanel13 no era una clase de control cargada.
Línea 898: la clase Threed.SSPanel del control SSPanel14 no era una clase de control cargada.
Línea 921: la clase EditLib.fpDoubleSingle del control ipp_Fin_SalPag no era una clase de control cargada.
Línea 1017: la clase Threed.SSPanel del control SSPanel15 no era una clase de control cargada.
Línea 1040: la clase EditLib.fpDoubleSingle del control ipp_Fin_MonOto no era una clase de control cargada.
Línea 1136: la clase EditLib.fpLongInteger del control ipp_Fin_MesPag no era una clase de control cargada.
Línea 1227: la clase EditLib.fpDoubleSingle del control ipp_Fin_CuoMen no era una clase de control cargada.
Línea 1323: la clase MSFlexGridLib.MSFlexGrid del control grd_Tar_Listad no era una clase de control cargada.
Línea 1341: la clase Threed.SSPanel del control SSPanel8 no era una clase de control cargada.
Línea 1367: la clase Threed.SSPanel del control SSPanel4 no era una clase de control cargada.
Línea 1393: la clase Threed.SSPanel del control SSPanel5 no era una clase de control cargada.
Línea 1419: la clase Threed.SSPanel del control SSPanel6 no era una clase de control cargada.
Línea 1445: la clase Threed.SSPanel del control SSPanel7 no era una clase de control cargada.
Línea 1468: la clase EditLib.fpDoubleSingle del control ipp_Tar_SalPag no era una clase de control cargada.
Línea 1564: la clase Threed.SSPanel del control SSPanel9 no era una clase de control cargada.
Línea 1587: la clase EditLib.fpDoubleSingle del control ipp_Tar_LinCre no era una clase de control cargada.
Línea 1683: la clase EditLib.fpDoubleSingle del control ipp_Tar_MonMin no era una clase de control cargada.
Línea 1779: la clase MSFlexGridLib.MSFlexGrid del control grd_Inm_Listad no era una clase de control cargada.
Línea 1797: la clase Threed.SSPanel del control SSPanel17 no era una clase de control cargada.
Línea 1823: la clase Threed.SSPanel del control SSPanel18 no era una clase de control cargada.
Línea 1849: la clase Threed.SSPanel del control SSPanel19 no era una clase de control cargada.
Línea 1875: la clase Threed.SSPanel del control SSPanel20 no era una clase de control cargada.
Línea 1901: la clase Threed.SSPanel del control SSPanel21 no era una clase de control cargada.
Línea 1924: la clase EditLib.fpDoubleSingle del control ipp_Inm_ImpVal no era una clase de control cargada.
Línea 2020: la clase Threed.SSPanel del control SSPanel22 no era una clase de control cargada.
Línea 2043: la clase EditLib.fpDateTime del control ipp_Inm_FecAdq no era una clase de control cargada.
Línea 2312: la clase Threed.SSPanel del control SSPanel3 no era una clase de control cargada.
Línea 2332: la clase Threed.SSPanel del control pnl_Client no era una clase de control cargada.
Línea 2357: la clase Threed.SSPanel del control SSPanel16 no era una clase de control cargada.
Línea 27: el nombre de la propiedad _Version de SSPanel1 no es válido.
Línea 28: el nombre de la propiedad _ExtentX de SSPanel1 no es válido.
Línea 29: el nombre de la propiedad _ExtentY de SSPanel1 no es válido.
Línea 30: el nombre de la propiedad _StockProps de SSPanel1 no es válido.
Línea 46: el nombre de la propiedad _Version de SSPanel28 no es válido.
Línea 47: el nombre de la propiedad _ExtentX de SSPanel28 no es válido.
Línea 48: el nombre de la propiedad _ExtentY de SSPanel28 no es válido.
Línea 49: el nombre de la propiedad _StockProps de SSPanel28 no es válido.
Línea 59: el nombre de la propiedad BevelOuter de SSPanel28 no es válido.
Línea 87: el nombre de la propiedad _Version de SSPanel2 no es válido.
Línea 88: el nombre de la propiedad _ExtentX de SSPanel2 no es válido.
Línea 89: el nombre de la propiedad _ExtentY de SSPanel2 no es válido.
Línea 90: el nombre de la propiedad _StockProps de SSPanel2 no es válido.
Línea 100: el nombre de la propiedad BevelOuter de SSPanel2 no es válido.
Línea 107: el nombre de la propiedad _ExtentX de tab_Princi no es válido.
Línea 108: el nombre de la propiedad _ExtentY de tab_Princi no es válido.
Línea 109: el nombre de la propiedad _Version de tab_Princi no es válido.
Línea 110: el nombre de la propiedad Style de tab_Princi no es válido.
Línea 111: el nombre de la propiedad Tabs de tab_Princi no es válido.
Línea 112: el nombre de la propiedad TabsPerRow de tab_Princi no es válido.
Línea 113: el nombre de la propiedad TabHeight de tab_Princi no es válido.
Línea 114: el nombre de la propiedad TabCaption(0) de tab_Princi no es válido.
Línea 115: el nombre de la propiedad TabPicture(0) de tab_Princi no es válido.
Línea 116: el nombre de la propiedad Tab(0).ControlEnabled de tab_Princi no es válido.
Línea 117: el nombre de la propiedad Tab(0).Control(0) de tab_Princi no es válido.
Línea 118: el nombre de la propiedad Tab(0).Control(0).Enabled de tab_Princi no es válido.
Línea 119: el nombre de la propiedad Tab(0).Control(1) de tab_Princi no es válido.
Línea 120: el nombre de la propiedad Tab(0).Control(1).Enabled de tab_Princi no es válido.
Línea 121: el nombre de la propiedad Tab(0).Control(2) de tab_Princi no es válido.
Línea 122: el nombre de la propiedad Tab(0).Control(2).Enabled de tab_Princi no es válido.
Línea 123: el nombre de la propiedad Tab(0).Control(3) de tab_Princi no es válido.
Línea 124: el nombre de la propiedad Tab(0).Control(3).Enabled de tab_Princi no es válido.
Línea 125: el nombre de la propiedad Tab(0).Control(4) de tab_Princi no es válido.
Línea 126: el nombre de la propiedad Tab(0).Control(4).Enabled de tab_Princi no es válido.
Línea 127: el nombre de la propiedad Tab(0).Control(5) de tab_Princi no es válido.
Línea 128: el nombre de la propiedad Tab(0).Control(5).Enabled de tab_Princi no es válido.
Línea 129: el nombre de la propiedad Tab(0).Control(6) de tab_Princi no es válido.
Línea 130: el nombre de la propiedad Tab(0).Control(6).Enabled de tab_Princi no es válido.
Línea 131: el nombre de la propiedad Tab(0).Control(7) de tab_Princi no es válido.
Línea 132: el nombre de la propiedad Tab(0).Control(7).Enabled de tab_Princi no es válido.
Línea 133: el nombre de la propiedad Tab(0).Control(8) de tab_Princi no es válido.
Línea 134: el nombre de la propiedad Tab(0).Control(8).Enabled de tab_Princi no es válido.
Línea 135: el nombre de la propiedad Tab(0).Control(9) de tab_Princi no es válido.
Línea 136: el nombre de la propiedad Tab(0).Control(9).Enabled de tab_Princi no es válido.
Línea 137: el nombre de la propiedad Tab(0).Control(10) de tab_Princi no es válido.
Línea 138: el nombre de la propiedad Tab(0).Control(10).Enabled de tab_Princi no es válido.
Línea 139: el nombre de la propiedad Tab(0).Control(11) de tab_Princi no es válido.
Línea 140: el nombre de la propiedad Tab(0).Control(11).Enabled de tab_Princi no es válido.
Línea 141: el nombre de la propiedad Tab(0).Control(12) de tab_Princi no es válido.
Línea 142: el nombre de la propiedad Tab(0).Control(12).Enabled de tab_Princi no es válido.
Línea 143: el nombre de la propiedad Tab(0).Control(13) de tab_Princi no es válido.
Línea 144: el nombre de la propiedad Tab(0).Control(13).Enabled de tab_Princi no es válido.
Línea 145: el nombre de la propiedad Tab(0).Control(14) de tab_Princi no es válido.
Línea 146: el nombre de la propiedad Tab(0).Control(14).Enabled de tab_Princi no es válido.
Línea 147: el nombre de la propiedad Tab(0).Control(15) de tab_Princi no es válido.
Línea 148: el nombre de la propiedad Tab(0).Control(15).Enabled de tab_Princi no es válido.
Línea 149: el nombre de la propiedad Tab(0).Control(16) de tab_Princi no es válido.
Línea 150: el nombre de la propiedad Tab(0).Control(16).Enabled de tab_Princi no es válido.
Línea 151: el nombre de la propiedad Tab(0).Control(17) de tab_Princi no es válido.
Línea 152: el nombre de la propiedad Tab(0).Control(17).Enabled de tab_Princi no es válido.
Línea 153: el nombre de la propiedad Tab(0).Control(18) de tab_Princi no es válido.
Línea 154: el nombre de la propiedad Tab(0).Control(18).Enabled de tab_Princi no es válido.
Línea 155: el nombre de la propiedad Tab(0).Control(19) de tab_Princi no es válido.
Línea 156: el nombre de la propiedad Tab(0).Control(19).Enabled de tab_Princi no es válido.
Línea 157: el nombre de la propiedad Tab(0).Control(20) de tab_Princi no es válido.
Línea 158: el nombre de la propiedad Tab(0).Control(20).Enabled de tab_Princi no es válido.
Línea 159: el nombre de la propiedad Tab(0).ControlCount de tab_Princi no es válido.
Línea 160: el nombre de la propiedad TabCaption(1) de tab_Princi no es válido.
Línea 161: el nombre de la propiedad TabPicture(1) de tab_Princi no es válido.
Línea 162: el nombre de la propiedad Tab(1).ControlEnabled de tab_Princi no es válido.
Línea 163: el nombre de la propiedad Tab(1).Control(0) de tab_Princi no es válido.
Línea 164: el nombre de la propiedad Tab(1).Control(1) de tab_Princi no es válido.
Línea 165: el nombre de la propiedad Tab(1).Control(2) de tab_Princi no es válido.
Línea 166: el nombre de la propiedad Tab(1).Control(3) de tab_Princi no es válido.
Línea 167: el nombre de la propiedad Tab(1).Control(4) de tab_Princi no es válido.
Línea 168: el nombre de la propiedad Tab(1).Control(5) de tab_Princi no es válido.
Línea 169: el nombre de la propiedad Tab(1).Control(6) de tab_Princi no es válido.
Línea 170: el nombre de la propiedad Tab(1).Control(7) de tab_Princi no es válido.
Línea 171: el nombre de la propiedad Tab(1).Control(8) de tab_Princi no es válido.
Línea 172: el nombre de la propiedad Tab(1).Control(9) de tab_Princi no es válido.
Línea 173: el nombre de la propiedad Tab(1).Control(10) de tab_Princi no es válido.
Línea 174: el nombre de la propiedad Tab(1).Control(11) de tab_Princi no es válido.
Línea 175: el nombre de la propiedad Tab(1).Control(12) de tab_Princi no es válido.
Línea 176: el nombre de la propiedad Tab(1).Control(13) de tab_Princi no es válido.
Línea 177: el nombre de la propiedad Tab(1).Control(14) de tab_Princi no es válido.
Línea 178: el nombre de la propiedad Tab(1).Control(15) de tab_Princi no es válido.
Línea 179: el nombre de la propiedad Tab(1).Control(16) de tab_Princi no es válido.
Línea 180: el nombre de la propiedad Tab(1).Control(17) de tab_Princi no es válido.
Línea 181: el nombre de la propiedad Tab(1).Control(18) de tab_Princi no es válido.
Línea 182: el nombre de la propiedad Tab(1).Control(19) de tab_Princi no es válido.
Línea 183: el nombre de la propiedad Tab(1).Control(20) de tab_Princi no es válido.
Línea 184: el nombre de la propiedad Tab(1).Control(21) de tab_Princi no es válido.
Línea 185: el nombre de la propiedad Tab(1).Control(22) de tab_Princi no es válido.
Línea 186: el nombre de la propiedad Tab(1).Control(23) de tab_Princi no es válido.
Línea 187: el nombre de la propiedad Tab(1).Control(24) de tab_Princi no es válido.
Línea 188: el nombre de la propiedad Tab(1).Control(25) de tab_Princi no es válido.
Línea 189: el nombre de la propiedad Tab(1).Control(26) de tab_Princi no es válido.
Línea 190: el nombre de la propiedad Tab(1).Control(27) de tab_Princi no es válido.
Línea 191: el nombre de la propiedad Tab(1).ControlCount de tab_Princi no es válido.
Línea 192: el nombre de la propiedad TabCaption(2) de tab_Princi no es válido.
Línea 193: el nombre de la propiedad TabPicture(2) de tab_Princi no es válido.
Línea 194: el nombre de la propiedad Tab(2).ControlEnabled de tab_Princi no es válido.
Línea 195: el nombre de la propiedad Tab(2).Control(0) de tab_Princi no es válido.
Línea 196: el nombre de la propiedad Tab(2).Control(1) de tab_Princi no es válido.
Línea 197: el nombre de la propiedad Tab(2).Control(2) de tab_Princi no es válido.
Línea 198: el nombre de la propiedad Tab(2).Control(3) de tab_Princi no es válido.
Línea 199: el nombre de la propiedad Tab(2).Control(4) de tab_Princi no es válido.
Línea 200: el nombre de la propiedad Tab(2).Control(5) de tab_Princi no es válido.
Línea 201: el nombre de la propiedad Tab(2).Control(6) de tab_Princi no es válido.
Línea 202: el nombre de la propiedad Tab(2).Control(7) de tab_Princi no es válido.
Línea 203: el nombre de la propiedad Tab(2).Control(8) de tab_Princi no es válido.
Línea 204: el nombre de la propiedad Tab(2).Control(9) de tab_Princi no es válido.
Línea 205: el nombre de la propiedad Tab(2).Control(10) de tab_Princi no es válido.
Línea 206: el nombre de la propiedad Tab(2).Control(11) de tab_Princi no es válido.
Línea 207: el nombre de la propiedad Tab(2).Control(12) de tab_Princi no es válido.
Línea 208: el nombre de la propiedad Tab(2).Control(13) de tab_Princi no es válido.
Línea 209: el nombre de la propiedad Tab(2).Control(14) de tab_Princi no es válido.
Línea 210: el nombre de la propiedad Tab(2).Control(15) de tab_Princi no es válido.
Línea 211: el nombre de la propiedad Tab(2).Control(16) de tab_Princi no es válido.
Línea 212: el nombre de la propiedad Tab(2).Control(17) de tab_Princi no es válido.
Línea 213: el nombre de la propiedad Tab(2).Control(18) de tab_Princi no es válido.
Línea 214: el nombre de la propiedad Tab(2).Control(19) de tab_Princi no es válido.
Línea 215: el nombre de la propiedad Tab(2).Control(20) de tab_Princi no es válido.
Línea 216: el nombre de la propiedad Tab(2).Control(21) de tab_Princi no es válido.
Línea 217: el nombre de la propiedad Tab(2).Control(22) de tab_Princi no es válido.
Línea 218: el nombre de la propiedad Tab(2).Control(23) de tab_Princi no es válido.
Línea 219: el nombre de la propiedad Tab(2).Control(24) de tab_Princi no es válido.
Línea 220: el nombre de la propiedad Tab(2).Control(25) de tab_Princi no es válido.
Línea 221: el nombre de la propiedad Tab(2).Control(26) de tab_Princi no es válido.
Línea 222: el nombre de la propiedad Tab(2).ControlCount de tab_Princi no es válido.
Línea 223: el nombre de la propiedad TabCaption(3) de tab_Princi no es válido.
Línea 224: el nombre de la propiedad TabPicture(3) de tab_Princi no es válido.
Línea 225: el nombre de la propiedad Tab(3).ControlEnabled de tab_Princi no es válido.
Línea 226: el nombre de la propiedad Tab(3).Control(0) de tab_Princi no es válido.
Línea 227: el nombre de la propiedad Tab(3).Control(1) de tab_Princi no es válido.
Línea 228: el nombre de la propiedad Tab(3).Control(2) de tab_Princi no es válido.
Línea 229: el nombre de la propiedad Tab(3).Control(3) de tab_Princi no es válido.
Línea 230: el nombre de la propiedad Tab(3).Control(4) de tab_Princi no es válido.
Línea 231: el nombre de la propiedad Tab(3).Control(5) de tab_Princi no es válido.
Línea 232: el nombre de la propiedad Tab(3).Control(6) de tab_Princi no es válido.
Línea 233: el nombre de la propiedad Tab(3).Control(7) de tab_Princi no es válido.
Línea 234: el nombre de la propiedad Tab(3).Control(8) de tab_Princi no es válido.
Línea 235: el nombre de la propiedad Tab(3).Control(9) de tab_Princi no es válido.
Línea 236: el nombre de la propiedad Tab(3).Control(10) de tab_Princi no es válido.
Línea 237: el nombre de la propiedad Tab(3).Control(11) de tab_Princi no es válido.
Línea 238: el nombre de la propiedad Tab(3).Control(12) de tab_Princi no es válido.
Línea 239: el nombre de la propiedad Tab(3).Control(13) de tab_Princi no es válido.
Línea 240: el nombre de la propiedad Tab(3).Control(14) de tab_Princi no es válido.
Línea 241: el nombre de la propiedad Tab(3).ControlCount de tab_Princi no es válido.
Línea 570: el nombre de la propiedad _ExtentX de grd_Gas_Listad no es válido.
Línea 571: el nombre de la propiedad _ExtentY de grd_Gas_Listad no es válido.
Línea 572: el nombre de la propiedad _Version de grd_Gas_Listad no es válido.
Línea 573: el nombre de la propiedad Rows de grd_Gas_Listad no es válido.
Línea 574: el nombre de la propiedad Cols de grd_Gas_Listad no es válido.
Línea 575: el nombre de la propiedad FixedRows de grd_Gas_Listad no es válido.
Línea 576: el nombre de la propiedad FixedCols de grd_Gas_Listad no es válido.
Línea 577: el nombre de la propiedad BackColorSel de grd_Gas_Listad no es válido.
Línea 578: el nombre de la propiedad FocusRect de grd_Gas_Listad no es válido.
Línea 579: el nombre de la propiedad ScrollBars de grd_Gas_Listad no es válido.
Línea 580: el nombre de la propiedad SelectionMode de grd_Gas_Listad no es válido.
Línea 588: el nombre de la propiedad _Version de SSPanel23 no es válido.
Línea 589: el nombre de la propiedad _ExtentX de SSPanel23 no es válido.
Línea 590: el nombre de la propiedad _ExtentY de SSPanel23 no es válido.
Línea 591: el nombre de la propiedad _StockProps de SSPanel23 no es válido.
Línea 592: el nombre de la propiedad Caption de SSPanel23 no es válido.
Línea 604: el nombre de la propiedad BevelOuter de SSPanel23 no es válido.
Línea 605: el nombre de la propiedad RoundedCorners de SSPanel23 no es válido.
Línea 606: el nombre de la propiedad Outline de SSPanel23 no es válido.
Línea 614: el nombre de la propiedad _Version de SSPanel25 no es válido.
Línea 615: el nombre de la propiedad _ExtentX de SSPanel25 no es válido.
Línea 616: el nombre de la propiedad _ExtentY de SSPanel25 no es válido.
Línea 617: el nombre de la propiedad _StockProps de SSPanel25 no es válido.
Línea 618: el nombre de la propiedad Caption de SSPanel25 no es válido.
Línea 630: el nombre de la propiedad BevelOuter de SSPanel25 no es válido.
Línea 631: el nombre de la propiedad RoundedCorners de SSPanel25 no es válido.
Línea 632: el nombre de la propiedad Outline de SSPanel25 no es válido.
Línea 640: el nombre de la propiedad _Version de SSPanel26 no es válido.
Línea 641: el nombre de la propiedad _ExtentX de SSPanel26 no es válido.
Línea 642: el nombre de la propiedad _ExtentY de SSPanel26 no es válido.
Línea 643: el nombre de la propiedad _StockProps de SSPanel26 no es válido.
Línea 653: el nombre de la propiedad BorderWidth de SSPanel26 no es válido.
Línea 654: el nombre de la propiedad BevelOuter de SSPanel26 no es válido.
Línea 655: el nombre de la propiedad BevelInner de SSPanel26 no es válido.
Línea 663: el nombre de la propiedad _Version de ipp_Gas_ImpVal no es válido.
Línea 664: el nombre de la propiedad _ExtentX de ipp_Gas_ImpVal no es válido.
Línea 665: el nombre de la propiedad _ExtentY de ipp_Gas_ImpVal no es válido.
Línea 668: el nombre de la propiedad Object.TabStop de ipp_Gas_ImpVal no es válido.
Línea 680: el nombre de la propiedad ThreeDInsideStyle de ipp_Gas_ImpVal no es válido.
Línea 681: el nombre de la propiedad ThreeDInsideHighlightColor de ipp_Gas_ImpVal no es válido.
Línea 682: el nombre de la propiedad ThreeDInsideShadowColor de ipp_Gas_ImpVal no es válido.
Línea 683: el nombre de la propiedad ThreeDInsideWidth de ipp_Gas_ImpVal no es válido.
Línea 684: el nombre de la propiedad ThreeDOutsideStyle de ipp_Gas_ImpVal no es válido.
Línea 685: el nombre de la propiedad ThreeDOutsideHighlightColor de ipp_Gas_ImpVal no es válido.
Línea 686: el nombre de la propiedad ThreeDOutsideShadowColor de ipp_Gas_ImpVal no es válido.
Línea 687: el nombre de la propiedad ThreeDOutsideWidth de ipp_Gas_ImpVal no es válido.
Línea 688: el nombre de la propiedad ThreeDFrameWidth de ipp_Gas_ImpVal no es válido.
Línea 690: el nombre de la propiedad BorderColor de ipp_Gas_ImpVal no es válido.
Línea 691: el nombre de la propiedad BorderWidth de ipp_Gas_ImpVal no es válido.
Línea 692: el nombre de la propiedad ButtonDisable de ipp_Gas_ImpVal no es válido.
Línea 693: el nombre de la propiedad ButtonHide de ipp_Gas_ImpVal no es válido.
Línea 694: el nombre de la propiedad ButtonIncrement de ipp_Gas_ImpVal no es válido.
Línea 695: el nombre de la propiedad ButtonMin de ipp_Gas_ImpVal no es válido.
Línea 696: el nombre de la propiedad ButtonMax de ipp_Gas_ImpVal no es válido.
Línea 697: el nombre de la propiedad ButtonStyle de ipp_Gas_ImpVal no es válido.
Línea 698: el nombre de la propiedad ButtonWidth de ipp_Gas_ImpVal no es válido.
Línea 699: el nombre de la propiedad ButtonWrap de ipp_Gas_ImpVal no es válido.
Línea 700: el nombre de la propiedad ButtonDefaultAction de ipp_Gas_ImpVal no es válido.
Línea 701: el nombre de la propiedad ThreeDText de ipp_Gas_ImpVal no es válido.
Línea 702: el nombre de la propiedad ThreeDTextHighlightColor de ipp_Gas_ImpVal no es válido.
Línea 703: el nombre de la propiedad ThreeDTextShadowColor de ipp_Gas_ImpVal no es válido.
Línea 704: el nombre de la propiedad ThreeDTextOffset de ipp_Gas_ImpVal no es válido.
Línea 705: el nombre de la propiedad AlignTextH de ipp_Gas_ImpVal no es válido.
Línea 706: el nombre de la propiedad AlignTextV de ipp_Gas_ImpVal no es válido.
Línea 707: el nombre de la propiedad AllowNull de ipp_Gas_ImpVal no es válido.
Línea 708: el nombre de la propiedad NoSpecialKeys de ipp_Gas_ImpVal no es válido.
Línea 709: el nombre de la propiedad AutoAdvance de ipp_Gas_ImpVal no es válido.
Línea 710: el nombre de la propiedad AutoBeep de ipp_Gas_ImpVal no es válido.
Línea 711: el nombre de la propiedad CaretInsert de ipp_Gas_ImpVal no es válido.
Línea 712: el nombre de la propiedad CaretOverWrite de ipp_Gas_ImpVal no es válido.
Línea 713: el nombre de la propiedad UserEntry de ipp_Gas_ImpVal no es válido.
Línea 714: el nombre de la propiedad HideSelection de ipp_Gas_ImpVal no es válido.
Línea 715: el nombre de la propiedad InvalidColor de ipp_Gas_ImpVal no es válido.
Línea 716: el nombre de la propiedad InvalidOption de ipp_Gas_ImpVal no es válido.
Línea 717: el nombre de la propiedad MarginLeft de ipp_Gas_ImpVal no es válido.
Línea 718: el nombre de la propiedad MarginTop de ipp_Gas_ImpVal no es válido.
Línea 719: el nombre de la propiedad MarginRight de ipp_Gas_ImpVal no es válido.
Línea 720: el nombre de la propiedad MarginBottom de ipp_Gas_ImpVal no es válido.
Línea 721: el nombre de la propiedad NullColor de ipp_Gas_ImpVal no es válido.
Línea 722: el nombre de la propiedad OnFocusAlignH de ipp_Gas_ImpVal no es válido.
Línea 723: el nombre de la propiedad OnFocusAlignV de ipp_Gas_ImpVal no es válido.
Línea 724: el nombre de la propiedad OnFocusNoSelect de ipp_Gas_ImpVal no es válido.
Línea 725: el nombre de la propiedad OnFocusPosition de ipp_Gas_ImpVal no es válido.
Línea 726: el nombre de la propiedad ControlType de ipp_Gas_ImpVal no es válido.
Línea 727: el nombre de la propiedad Text de ipp_Gas_ImpVal no es válido.
Línea 728: el nombre de la propiedad DecimalPlaces de ipp_Gas_ImpVal no es válido.
Línea 729: el nombre de la propiedad DecimalPoint de ipp_Gas_ImpVal no es válido.
Línea 730: el nombre de la propiedad FixedPoint de ipp_Gas_ImpVal no es válido.
Línea 731: el nombre de la propiedad LeadZero de ipp_Gas_ImpVal no es válido.
Línea 732: el nombre de la propiedad MaxValue de ipp_Gas_ImpVal no es válido.
Línea 733: el nombre de la propiedad MinValue de ipp_Gas_ImpVal no es válido.
Línea 734: el nombre de la propiedad NegFormat de ipp_Gas_ImpVal no es válido.
Línea 735: el nombre de la propiedad NegToggle de ipp_Gas_ImpVal no es válido.
Línea 736: el nombre de la propiedad Separator de ipp_Gas_ImpVal no es válido.
Línea 737: el nombre de la propiedad UseSeparator de ipp_Gas_ImpVal no es válido.
Línea 738: el nombre de la propiedad IncInt de ipp_Gas_ImpVal no es válido.
Línea 739: el nombre de la propiedad IncDec de ipp_Gas_ImpVal no es válido.
Línea 740: el nombre de la propiedad BorderGrayAreaColor de ipp_Gas_ImpVal no es válido.
Línea 741: el nombre de la propiedad ThreeDOnFocusInvert de ipp_Gas_ImpVal no es válido.
Línea 742: el nombre de la propiedad ThreeDFrameColor de ipp_Gas_ImpVal no es válido.
Línea 744: el nombre de la propiedad BorderDropShadow de ipp_Gas_ImpVal no es válido.
Línea 745: el nombre de la propiedad BorderDropShadowColor de ipp_Gas_ImpVal no es válido.
Línea 746: el nombre de la propiedad BorderDropShadowWidth de ipp_Gas_ImpVal no es válido.
Línea 747: el nombre de la propiedad ButtonColor de ipp_Gas_ImpVal no es válido.
Línea 748: el nombre de la propiedad AutoMenu de ipp_Gas_ImpVal no es válido.
Línea 749: el nombre de la propiedad ButtonAlign de ipp_Gas_ImpVal no es válido.
Línea 759: el nombre de la propiedad _Version de SSPanel27 no es válido.
Línea 760: el nombre de la propiedad _ExtentX de SSPanel27 no es válido.
Línea 761: el nombre de la propiedad _ExtentY de SSPanel27 no es válido.
Línea 762: el nombre de la propiedad _StockProps de SSPanel27 no es válido.
Línea 772: el nombre de la propiedad BorderWidth de SSPanel27 no es válido.
Línea 773: el nombre de la propiedad BevelOuter de SSPanel27 no es válido.
Línea 774: el nombre de la propiedad BevelInner de SSPanel27 no es válido.
Línea 782: el nombre de la propiedad _ExtentX de grd_Fin_Listad no es válido.
Línea 783: el nombre de la propiedad _ExtentY de grd_Fin_Listad no es válido.
Línea 784: el nombre de la propiedad _Version de grd_Fin_Listad no es válido.
Línea 785: el nombre de la propiedad Rows de grd_Fin_Listad no es válido.
Línea 786: el nombre de la propiedad Cols de grd_Fin_Listad no es válido.
Línea 787: el nombre de la propiedad FixedRows de grd_Fin_Listad no es válido.
Línea 788: el nombre de la propiedad FixedCols de grd_Fin_Listad no es válido.
Línea 789: el nombre de la propiedad BackColorSel de grd_Fin_Listad no es válido.
Línea 790: el nombre de la propiedad FocusRect de grd_Fin_Listad no es válido.
Línea 791: el nombre de la propiedad ScrollBars de grd_Fin_Listad no es válido.
Línea 792: el nombre de la propiedad SelectionMode de grd_Fin_Listad no es válido.
Línea 800: el nombre de la propiedad _Version de SSPanel10 no es válido.
Línea 801: el nombre de la propiedad _ExtentX de SSPanel10 no es válido.
Línea 802: el nombre de la propiedad _ExtentY de SSPanel10 no es válido.
Línea 803: el nombre de la propiedad _StockProps de SSPanel10 no es válido.
Línea 804: el nombre de la propiedad Caption de SSPanel10 no es válido.
Línea 816: el nombre de la propiedad BevelOuter de SSPanel10 no es válido.
Línea 817: el nombre de la propiedad RoundedCorners de SSPanel10 no es válido.
Línea 818: el nombre de la propiedad Outline de SSPanel10 no es válido.
Línea 826: el nombre de la propiedad _Version de SSPanel11 no es válido.
Línea 827: el nombre de la propiedad _ExtentX de SSPanel11 no es válido.
Línea 828: el nombre de la propiedad _ExtentY de SSPanel11 no es válido.
Línea 829: el nombre de la propiedad _StockProps de SSPanel11 no es válido.
Línea 830: el nombre de la propiedad Caption de SSPanel11 no es válido.
Línea 842: el nombre de la propiedad BevelOuter de SSPanel11 no es válido.
Línea 843: el nombre de la propiedad RoundedCorners de SSPanel11 no es válido.
Línea 844: el nombre de la propiedad Outline de SSPanel11 no es válido.
Línea 852: el nombre de la propiedad _Version de SSPanel12 no es válido.
Línea 853: el nombre de la propiedad _ExtentX de SSPanel12 no es válido.
Línea 854: el nombre de la propiedad _ExtentY de SSPanel12 no es válido.
Línea 855: el nombre de la propiedad _StockProps de SSPanel12 no es válido.
Línea 856: el nombre de la propiedad Caption de SSPanel12 no es válido.
Línea 868: el nombre de la propiedad BevelOuter de SSPanel12 no es válido.
Línea 869: el nombre de la propiedad RoundedCorners de SSPanel12 no es válido.
Línea 870: el nombre de la propiedad Outline de SSPanel12 no es válido.
Línea 878: el nombre de la propiedad _Version de SSPanel13 no es válido.
Línea 879: el nombre de la propiedad _ExtentX de SSPanel13 no es válido.
Línea 880: el nombre de la propiedad _ExtentY de SSPanel13 no es válido.
Línea 881: el nombre de la propiedad _StockProps de SSPanel13 no es válido.
Línea 882: el nombre de la propiedad Caption de SSPanel13 no es válido.
Línea 894: el nombre de la propiedad BevelOuter de SSPanel13 no es válido.
Línea 895: el nombre de la propiedad RoundedCorners de SSPanel13 no es válido.
Línea 896: el nombre de la propiedad Outline de SSPanel13 no es válido.
Línea 904: el nombre de la propiedad _Version de SSPanel14 no es válido.
Línea 905: el nombre de la propiedad _ExtentX de SSPanel14 no es válido.
Línea 906: el nombre de la propiedad _ExtentY de SSPanel14 no es válido.
Línea 907: el nombre de la propiedad _StockProps de SSPanel14 no es válido.
Línea 917: el nombre de la propiedad BorderWidth de SSPanel14 no es válido.
Línea 918: el nombre de la propiedad BevelOuter de SSPanel14 no es válido.
Línea 919: el nombre de la propiedad BevelInner de SSPanel14 no es válido.
Línea 927: el nombre de la propiedad _Version de ipp_Fin_SalPag no es válido.
Línea 928: el nombre de la propiedad _ExtentX de ipp_Fin_SalPag no es válido.
Línea 929: el nombre de la propiedad _ExtentY de ipp_Fin_SalPag no es válido.
Línea 932: el nombre de la propiedad Object.TabStop de ipp_Fin_SalPag no es válido.
Línea 944: el nombre de la propiedad ThreeDInsideStyle de ipp_Fin_SalPag no es válido.
Línea 945: el nombre de la propiedad ThreeDInsideHighlightColor de ipp_Fin_SalPag no es válido.
Línea 946: el nombre de la propiedad ThreeDInsideShadowColor de ipp_Fin_SalPag no es válido.
Línea 947: el nombre de la propiedad ThreeDInsideWidth de ipp_Fin_SalPag no es válido.
Línea 948: el nombre de la propiedad ThreeDOutsideStyle de ipp_Fin_SalPag no es válido.
Línea 949: el nombre de la propiedad ThreeDOutsideHighlightColor de ipp_Fin_SalPag no es válido.
Línea 950: el nombre de la propiedad ThreeDOutsideShadowColor de ipp_Fin_SalPag no es válido.
Línea 951: el nombre de la propiedad ThreeDOutsideWidth de ipp_Fin_SalPag no es válido.
Línea 952: el nombre de la propiedad ThreeDFrameWidth de ipp_Fin_SalPag no es válido.
Línea 954: el nombre de la propiedad BorderColor de ipp_Fin_SalPag no es válido.
Línea 955: el nombre de la propiedad BorderWidth de ipp_Fin_SalPag no es válido.
Línea 956: el nombre de la propiedad ButtonDisable de ipp_Fin_SalPag no es válido.
Línea 957: el nombre de la propiedad ButtonHide de ipp_Fin_SalPag no es válido.
Línea 958: el nombre de la propiedad ButtonIncrement de ipp_Fin_SalPag no es válido.
Línea 959: el nombre de la propiedad ButtonMin de ipp_Fin_SalPag no es válido.
Línea 960: el nombre de la propiedad ButtonMax de ipp_Fin_SalPag no es válido.
Línea 961: el nombre de la propiedad ButtonStyle de ipp_Fin_SalPag no es válido.
Línea 962: el nombre de la propiedad ButtonWidth de ipp_Fin_SalPag no es válido.
Línea 963: el nombre de la propiedad ButtonWrap de ipp_Fin_SalPag no es válido.
Línea 964: el nombre de la propiedad ButtonDefaultAction de ipp_Fin_SalPag no es válido.
Línea 965: el nombre de la propiedad ThreeDText de ipp_Fin_SalPag no es válido.
Línea 966: el nombre de la propiedad ThreeDTextHighlightColor de ipp_Fin_SalPag no es válido.
Línea 967: el nombre de la propiedad ThreeDTextShadowColor de ipp_Fin_SalPag no es válido.
Línea 968: el nombre de la propiedad ThreeDTextOffset de ipp_Fin_SalPag no es válido.
Línea 969: el nombre de la propiedad AlignTextH de ipp_Fin_SalPag no es válido.
Línea 970: el nombre de la propiedad AlignTextV de ipp_Fin_SalPag no es válido.
Línea 971: el nombre de la propiedad AllowNull de ipp_Fin_SalPag no es válido.
Línea 972: el nombre de la propiedad NoSpecialKeys de ipp_Fin_SalPag no es válido.
Línea 973: el nombre de la propiedad AutoAdvance de ipp_Fin_SalPag no es válido.
Línea 974: el nombre de la propiedad AutoBeep de ipp_Fin_SalPag no es válido.
Línea 975: el nombre de la propiedad CaretInsert de ipp_Fin_SalPag no es válido.
Línea 976: el nombre de la propiedad CaretOverWrite de ipp_Fin_SalPag no es válido.
Línea 977: el nombre de la propiedad UserEntry de ipp_Fin_SalPag no es válido.
Línea 978: el nombre de la propiedad HideSelection de ipp_Fin_SalPag no es válido.
Línea 979: el nombre de la propiedad InvalidColor de ipp_Fin_SalPag no es válido.
Línea 980: el nombre de la propiedad InvalidOption de ipp_Fin_SalPag no es válido.
Línea 981: el nombre de la propiedad MarginLeft de ipp_Fin_SalPag no es válido.
Línea 982: el nombre de la propiedad MarginTop de ipp_Fin_SalPag no es válido.
Línea 983: el nombre de la propiedad MarginRight de ipp_Fin_SalPag no es válido.
Línea 984: el nombre de la propiedad MarginBottom de ipp_Fin_SalPag no es válido.
Línea 985: el nombre de la propiedad NullColor de ipp_Fin_SalPag no es válido.
Línea 986: el nombre de la propiedad OnFocusAlignH de ipp_Fin_SalPag no es válido.
Línea 987: el nombre de la propiedad OnFocusAlignV de ipp_Fin_SalPag no es válido.
Línea 988: el nombre de la propiedad OnFocusNoSelect de ipp_Fin_SalPag no es válido.
Línea 989: el nombre de la propiedad OnFocusPosition de ipp_Fin_SalPag no es válido.
Línea 990: el nombre de la propiedad ControlType de ipp_Fin_SalPag no es válido.
Línea 991: el nombre de la propiedad Text de ipp_Fin_SalPag no es válido.
Línea 992: el nombre de la propiedad DecimalPlaces de ipp_Fin_SalPag no es válido.
Línea 993: el nombre de la propiedad DecimalPoint de ipp_Fin_SalPag no es válido.
Línea 994: el nombre de la propiedad FixedPoint de ipp_Fin_SalPag no es válido.
Línea 995: el nombre de la propiedad LeadZero de ipp_Fin_SalPag no es válido.
Línea 996: el nombre de la propiedad MaxValue de ipp_Fin_SalPag no es válido.
Línea 997: el nombre de la propiedad MinValue de ipp_Fin_SalPag no es válido.
Línea 998: el nombre de la propiedad NegFormat de ipp_Fin_SalPag no es válido.
Línea 999: el nombre de la propiedad NegToggle de ipp_Fin_SalPag no es válido.
Línea 1000: el nombre de la propiedad Separator de ipp_Fin_SalPag no es válido.
Línea 1001: el nombre de la propiedad UseSeparator de ipp_Fin_SalPag no es válido.
Línea 1002: el nombre de la propiedad IncInt de ipp_Fin_SalPag no es válido.
Línea 1003: el nombre de la propiedad IncDec de ipp_Fin_SalPag no es válido.
Línea 1004: el nombre de la propiedad BorderGrayAreaColor de ipp_Fin_SalPag no es válido.
Línea 1005: el nombre de la propiedad ThreeDOnFocusInvert de ipp_Fin_SalPag no es válido.
Línea 1006: el nombre de la propiedad ThreeDFrameColor de ipp_Fin_SalPag no es válido.
Línea 1008: el nombre de la propiedad BorderDropShadow de ipp_Fin_SalPag no es válido.
Línea 1009: el nombre de la propiedad BorderDropShadowColor de ipp_Fin_SalPag no es válido.
Línea 1010: el nombre de la propiedad BorderDropShadowWidth de ipp_Fin_SalPag no es válido.
Línea 1011: el nombre de la propiedad ButtonColor de ipp_Fin_SalPag no es válido.
Línea 1012: el nombre de la propiedad AutoMenu de ipp_Fin_SalPag no es válido.
Línea 1013: el nombre de la propiedad ButtonAlign de ipp_Fin_SalPag no es válido.
Línea 1023: el nombre de la propiedad _Version de SSPanel15 no es válido.
Línea 1024: el nombre de la propiedad _ExtentX de SSPanel15 no es válido.
Línea 1025: el nombre de la propiedad _ExtentY de SSPanel15 no es válido.
Línea 1026: el nombre de la propiedad _StockProps de SSPanel15 no es válido.
Línea 1036: el nombre de la propiedad BorderWidth de SSPanel15 no es válido.
Línea 1037: el nombre de la propiedad BevelOuter de SSPanel15 no es válido.
Línea 1038: el nombre de la propiedad BevelInner de SSPanel15 no es válido.
Línea 1046: el nombre de la propiedad _Version de ipp_Fin_MonOto no es válido.
Línea 1047: el nombre de la propiedad _ExtentX de ipp_Fin_MonOto no es válido.
Línea 1048: el nombre de la propiedad _ExtentY de ipp_Fin_MonOto no es válido.
Línea 1051: el nombre de la propiedad Object.TabStop de ipp_Fin_MonOto no es válido.
Línea 1063: el nombre de la propiedad ThreeDInsideStyle de ipp_Fin_MonOto no es válido.
Línea 1064: el nombre de la propiedad ThreeDInsideHighlightColor de ipp_Fin_MonOto no es válido.
Línea 1065: el nombre de la propiedad ThreeDInsideShadowColor de ipp_Fin_MonOto no es válido.
Línea 1066: el nombre de la propiedad ThreeDInsideWidth de ipp_Fin_MonOto no es válido.
Línea 1067: el nombre de la propiedad ThreeDOutsideStyle de ipp_Fin_MonOto no es válido.
Línea 1068: el nombre de la propiedad ThreeDOutsideHighlightColor de ipp_Fin_MonOto no es válido.
Línea 1069: el nombre de la propiedad ThreeDOutsideShadowColor de ipp_Fin_MonOto no es válido.
Línea 1070: el nombre de la propiedad ThreeDOutsideWidth de ipp_Fin_MonOto no es válido.
Línea 1071: el nombre de la propiedad ThreeDFrameWidth de ipp_Fin_MonOto no es válido.
Línea 1073: el nombre de la propiedad BorderColor de ipp_Fin_MonOto no es válido.
Línea 1074: el nombre de la propiedad BorderWidth de ipp_Fin_MonOto no es válido.
Línea 1075: el nombre de la propiedad ButtonDisable de ipp_Fin_MonOto no es válido.
Línea 1076: el nombre de la propiedad ButtonHide de ipp_Fin_MonOto no es válido.
Línea 1077: el nombre de la propiedad ButtonIncrement de ipp_Fin_MonOto no es válido.
Línea 1078: el nombre de la propiedad ButtonMin de ipp_Fin_MonOto no es válido.
Línea 1079: el nombre de la propiedad ButtonMax de ipp_Fin_MonOto no es válido.
Línea 1080: el nombre de la propiedad ButtonStyle de ipp_Fin_MonOto no es válido.
Línea 1081: el nombre de la propiedad ButtonWidth de ipp_Fin_MonOto no es válido.
Línea 1082: el nombre de la propiedad ButtonWrap de ipp_Fin_MonOto no es válido.
Línea 1083: el nombre de la propiedad ButtonDefaultAction de ipp_Fin_MonOto no es válido.
Línea 1084: el nombre de la propiedad ThreeDText de ipp_Fin_MonOto no es válido.
Línea 1085: el nombre de la propiedad ThreeDTextHighlightColor de ipp_Fin_MonOto no es válido.
Línea 1086: el nombre de la propiedad ThreeDTextShadowColor de ipp_Fin_MonOto no es válido.
Línea 1087: el nombre de la propiedad ThreeDTextOffset de ipp_Fin_MonOto no es válido.
Línea 1088: el nombre de la propiedad AlignTextH de ipp_Fin_MonOto no es válido.
Línea 1089: el nombre de la propiedad AlignTextV de ipp_Fin_MonOto no es válido.
Línea 1090: el nombre de la propiedad AllowNull de ipp_Fin_MonOto no es válido.
Línea 1091: el nombre de la propiedad NoSpecialKeys de ipp_Fin_MonOto no es válido.
Línea 1092: el nombre de la propiedad AutoAdvance de ipp_Fin_MonOto no es válido.
Línea 1093: el nombre de la propiedad AutoBeep de ipp_Fin_MonOto no es válido.
Línea 1094: el nombre de la propiedad CaretInsert de ipp_Fin_MonOto no es válido.
Línea 1095: el nombre de la propiedad CaretOverWrite de ipp_Fin_MonOto no es válido.
Línea 1096: el nombre de la propiedad UserEntry de ipp_Fin_MonOto no es válido.
Línea 1097: el nombre de la propiedad HideSelection de ipp_Fin_MonOto no es válido.
Línea 1098: el nombre de la propiedad InvalidColor de ipp_Fin_MonOto no es válido.
Línea 1099: el nombre de la propiedad InvalidOption de ipp_Fin_MonOto no es válido.
Línea 1100: el nombre de la propiedad MarginLeft de ipp_Fin_MonOto no es válido.
Línea 1101: el nombre de la propiedad MarginTop de ipp_Fin_MonOto no es válido.
Línea 1102: el nombre de la propiedad MarginRight de ipp_Fin_MonOto no es válido.
Línea 1103: el nombre de la propiedad MarginBottom de ipp_Fin_MonOto no es válido.
Línea 1104: el nombre de la propiedad NullColor de ipp_Fin_MonOto no es válido.
Línea 1105: el nombre de la propiedad OnFocusAlignH de ipp_Fin_MonOto no es válido.
Línea 1106: el nombre de la propiedad OnFocusAlignV de ipp_Fin_MonOto no es válido.
Línea 1107: el nombre de la propiedad OnFocusNoSelect de ipp_Fin_MonOto no es válido.
Línea 1108: el nombre de la propiedad OnFocusPosition de ipp_Fin_MonOto no es válido.
Línea 1109: el nombre de la propiedad ControlType de ipp_Fin_MonOto no es válido.
Línea 1110: el nombre de la propiedad Text de ipp_Fin_MonOto no es válido.
Línea 1111: el nombre de la propiedad DecimalPlaces de ipp_Fin_MonOto no es válido.
Línea 1112: el nombre de la propiedad DecimalPoint de ipp_Fin_MonOto no es válido.
Línea 1113: el nombre de la propiedad FixedPoint de ipp_Fin_MonOto no es válido.
Línea 1114: el nombre de la propiedad LeadZero de ipp_Fin_MonOto no es válido.
Línea 1115: el nombre de la propiedad MaxValue de ipp_Fin_MonOto no es válido.
Línea 1116: el nombre de la propiedad MinValue de ipp_Fin_MonOto no es válido.
Línea 1117: el nombre de la propiedad NegFormat de ipp_Fin_MonOto no es válido.
Línea 1118: el nombre de la propiedad NegToggle de ipp_Fin_MonOto no es válido.
Línea 1119: el nombre de la propiedad Separator de ipp_Fin_MonOto no es válido.
Línea 1120: el nombre de la propiedad UseSeparator de ipp_Fin_MonOto no es válido.
Línea 1121: el nombre de la propiedad IncInt de ipp_Fin_MonOto no es válido.
Línea 1122: el nombre de la propiedad IncDec de ipp_Fin_MonOto no es válido.
Línea 1123: el nombre de la propiedad BorderGrayAreaColor de ipp_Fin_MonOto no es válido.
Línea 1124: el nombre de la propiedad ThreeDOnFocusInvert de ipp_Fin_MonOto no es válido.
Línea 1125: el nombre de la propiedad ThreeDFrameColor de ipp_Fin_MonOto no es válido.
Línea 1127: el nombre de la propiedad BorderDropShadow de ipp_Fin_MonOto no es válido.
Línea 1128: el nombre de la propiedad BorderDropShadowColor de ipp_Fin_MonOto no es válido.
Línea 1129: el nombre de la propiedad BorderDropShadowWidth de ipp_Fin_MonOto no es válido.
Línea 1130: el nombre de la propiedad ButtonColor de ipp_Fin_MonOto no es válido.
Línea 1131: el nombre de la propiedad AutoMenu de ipp_Fin_MonOto no es válido.
Línea 1132: el nombre de la propiedad ButtonAlign de ipp_Fin_MonOto no es válido.
Línea 1142: el nombre de la propiedad _Version de ipp_Fin_MesPag no es válido.
Línea 1143: el nombre de la propiedad _ExtentX de ipp_Fin_MesPag no es válido.
Línea 1144: el nombre de la propiedad _ExtentY de ipp_Fin_MesPag no es válido.
Línea 1147: el nombre de la propiedad Object.TabStop de ipp_Fin_MesPag no es válido.
Línea 1159: el nombre de la propiedad ThreeDInsideStyle de ipp_Fin_MesPag no es válido.
Línea 1160: el nombre de la propiedad ThreeDInsideHighlightColor de ipp_Fin_MesPag no es válido.
Línea 1161: el nombre de la propiedad ThreeDInsideShadowColor de ipp_Fin_MesPag no es válido.
Línea 1162: el nombre de la propiedad ThreeDInsideWidth de ipp_Fin_MesPag no es válido.
Línea 1163: el nombre de la propiedad ThreeDOutsideStyle de ipp_Fin_MesPag no es válido.
Línea 1164: el nombre de la propiedad ThreeDOutsideHighlightColor de ipp_Fin_MesPag no es válido.
Línea 1165: el nombre de la propiedad ThreeDOutsideShadowColor de ipp_Fin_MesPag no es válido.
Línea 1166: el nombre de la propiedad ThreeDOutsideWidth de ipp_Fin_MesPag no es válido.
Línea 1167: el nombre de la propiedad ThreeDFrameWidth de ipp_Fin_MesPag no es válido.
Línea 1169: el nombre de la propiedad BorderColor de ipp_Fin_MesPag no es válido.
Línea 1170: el nombre de la propiedad BorderWidth de ipp_Fin_MesPag no es válido.
Línea 1171: el nombre de la propiedad ButtonDisable de ipp_Fin_MesPag no es válido.
Línea 1172: el nombre de la propiedad ButtonHide de ipp_Fin_MesPag no es válido.
Línea 1173: el nombre de la propiedad ButtonIncrement de ipp_Fin_MesPag no es válido.
Línea 1174: el nombre de la propiedad ButtonMin de ipp_Fin_MesPag no es válido.
Línea 1175: el nombre de la propiedad ButtonMax de ipp_Fin_MesPag no es válido.
Línea 1176: el nombre de la propiedad ButtonStyle de ipp_Fin_MesPag no es válido.
Línea 1177: el nombre de la propiedad ButtonWidth de ipp_Fin_MesPag no es válido.
Línea 1178: el nombre de la propiedad ButtonWrap de ipp_Fin_MesPag no es válido.
Línea 1179: el nombre de la propiedad ButtonDefaultAction de ipp_Fin_MesPag no es válido.
Línea 1180: el nombre de la propiedad ThreeDText de ipp_Fin_MesPag no es válido.
Línea 1181: el nombre de la propiedad ThreeDTextHighlightColor de ipp_Fin_MesPag no es válido.
Línea 1182: el nombre de la propiedad ThreeDTextShadowColor de ipp_Fin_MesPag no es válido.
Línea 1183: el nombre de la propiedad ThreeDTextOffset de ipp_Fin_MesPag no es válido.
Línea 1184: el nombre de la propiedad AlignTextH de ipp_Fin_MesPag no es válido.
Línea 1185: el nombre de la propiedad AlignTextV de ipp_Fin_MesPag no es válido.
Línea 1186: el nombre de la propiedad AllowNull de ipp_Fin_MesPag no es válido.
Línea 1187: el nombre de la propiedad NoSpecialKeys de ipp_Fin_MesPag no es válido.
Línea 1188: el nombre de la propiedad AutoAdvance de ipp_Fin_MesPag no es válido.
Línea 1189: el nombre de la propiedad AutoBeep de ipp_Fin_MesPag no es válido.
Línea 1190: el nombre de la propiedad CaretInsert de ipp_Fin_MesPag no es válido.
Línea 1191: el nombre de la propiedad CaretOverWrite de ipp_Fin_MesPag no es válido.
Línea 1192: el nombre de la propiedad UserEntry de ipp_Fin_MesPag no es válido.
Línea 1193: el nombre de la propiedad HideSelection de ipp_Fin_MesPag no es válido.
Línea 1194: el nombre de la propiedad InvalidColor de ipp_Fin_MesPag no es válido.
Línea 1195: el nombre de la propiedad InvalidOption de ipp_Fin_MesPag no es válido.
Línea 1196: el nombre de la propiedad MarginLeft de ipp_Fin_MesPag no es válido.
Línea 1197: el nombre de la propiedad MarginTop de ipp_Fin_MesPag no es válido.
Línea 1198: el nombre de la propiedad MarginRight de ipp_Fin_MesPag no es válido.
Línea 1199: el nombre de la propiedad MarginBottom de ipp_Fin_MesPag no es válido.
Línea 1200: el nombre de la propiedad NullColor de ipp_Fin_MesPag no es válido.
Línea 1201: el nombre de la propiedad OnFocusAlignH de ipp_Fin_MesPag no es válido.
Línea 1202: el nombre de la propiedad OnFocusAlignV de ipp_Fin_MesPag no es válido.
Línea 1203: el nombre de la propiedad OnFocusNoSelect de ipp_Fin_MesPag no es válido.
Línea 1204: el nombre de la propiedad OnFocusPosition de ipp_Fin_MesPag no es válido.
Línea 1205: el nombre de la propiedad ControlType de ipp_Fin_MesPag no es válido.
Línea 1206: el nombre de la propiedad Text de ipp_Fin_MesPag no es válido.
Línea 1207: el nombre de la propiedad MaxValue de ipp_Fin_MesPag no es válido.
Línea 1208: el nombre de la propiedad MinValue de ipp_Fin_MesPag no es válido.
Línea 1209: el nombre de la propiedad NegFormat de ipp_Fin_MesPag no es válido.
Línea 1210: el nombre de la propiedad NegToggle de ipp_Fin_MesPag no es válido.
Línea 1211: el nombre de la propiedad Separator de ipp_Fin_MesPag no es válido.
Línea 1212: el nombre de la propiedad UseSeparator de ipp_Fin_MesPag no es válido.
Línea 1213: el nombre de la propiedad IncInt de ipp_Fin_MesPag no es válido.
Línea 1214: el nombre de la propiedad BorderGrayAreaColor de ipp_Fin_MesPag no es válido.
Línea 1215: el nombre de la propiedad ThreeDOnFocusInvert de ipp_Fin_MesPag no es válido.
Línea 1216: el nombre de la propiedad ThreeDFrameColor de ipp_Fin_MesPag no es válido.
Línea 1218: el nombre de la propiedad BorderDropShadow de ipp_Fin_MesPag no es válido.
Línea 1219: el nombre de la propiedad BorderDropShadowColor de ipp_Fin_MesPag no es válido.
Línea 1220: el nombre de la propiedad BorderDropShadowWidth de ipp_Fin_MesPag no es válido.
Línea 1221: el nombre de la propiedad ButtonColor de ipp_Fin_MesPag no es válido.
Línea 1222: el nombre de la propiedad AutoMenu de ipp_Fin_MesPag no es válido.
Línea 1223: el nombre de la propiedad ButtonAlign de ipp_Fin_MesPag no es válido.
Línea 1233: el nombre de la propiedad _Version de ipp_Fin_CuoMen no es válido.
Línea 1234: el nombre de la propiedad _ExtentX de ipp_Fin_CuoMen no es válido.
Línea 1235: el nombre de la propiedad _ExtentY de ipp_Fin_CuoMen no es válido.
Línea 1238: el nombre de la propiedad Object.TabStop de ipp_Fin_CuoMen no es válido.
Línea 1250: el nombre de la propiedad ThreeDInsideStyle de ipp_Fin_CuoMen no es válido.
Línea 1251: el nombre de la propiedad ThreeDInsideHighlightColor de ipp_Fin_CuoMen no es válido.
Línea 1252: el nombre de la propiedad ThreeDInsideShadowColor de ipp_Fin_CuoMen no es válido.
Línea 1253: el nombre de la propiedad ThreeDInsideWidth de ipp_Fin_CuoMen no es válido.
Línea 1254: el nombre de la propiedad ThreeDOutsideStyle de ipp_Fin_CuoMen no es válido.
Línea 1255: el nombre de la propiedad ThreeDOutsideHighlightColor de ipp_Fin_CuoMen no es válido.
Línea 1256: el nombre de la propiedad ThreeDOutsideShadowColor de ipp_Fin_CuoMen no es válido.
Línea 1257: el nombre de la propiedad ThreeDOutsideWidth de ipp_Fin_CuoMen no es válido.
Línea 1258: el nombre de la propiedad ThreeDFrameWidth de ipp_Fin_CuoMen no es válido.
Línea 1260: el nombre de la propiedad BorderColor de ipp_Fin_CuoMen no es válido.
Línea 1261: el nombre de la propiedad BorderWidth de ipp_Fin_CuoMen no es válido.
Línea 1262: el nombre de la propiedad ButtonDisable de ipp_Fin_CuoMen no es válido.
Línea 1263: el nombre de la propiedad ButtonHide de ipp_Fin_CuoMen no es válido.
Línea 1264: el nombre de la propiedad ButtonIncrement de ipp_Fin_CuoMen no es válido.
Línea 1265: el nombre de la propiedad ButtonMin de ipp_Fin_CuoMen no es válido.
Línea 1266: el nombre de la propiedad ButtonMax de ipp_Fin_CuoMen no es válido.
Línea 1267: el nombre de la propiedad ButtonStyle de ipp_Fin_CuoMen no es válido.
Línea 1268: el nombre de la propiedad ButtonWidth de ipp_Fin_CuoMen no es válido.
Línea 1269: el nombre de la propiedad ButtonWrap de ipp_Fin_CuoMen no es válido.
Línea 1270: el nombre de la propiedad ButtonDefaultAction de ipp_Fin_CuoMen no es válido.
Línea 1271: el nombre de la propiedad ThreeDText de ipp_Fin_CuoMen no es válido.
Línea 1272: el nombre de la propiedad ThreeDTextHighlightColor de ipp_Fin_CuoMen no es válido.
Línea 1273: el nombre de la propiedad ThreeDTextShadowColor de ipp_Fin_CuoMen no es válido.
Línea 1274: el nombre de la propiedad ThreeDTextOffset de ipp_Fin_CuoMen no es válido.
Línea 1275: el nombre de la propiedad AlignTextH de ipp_Fin_CuoMen no es válido.
Línea 1276: el nombre de la propiedad AlignTextV de ipp_Fin_CuoMen no es válido.
Línea 1277: el nombre de la propiedad AllowNull de ipp_Fin_CuoMen no es válido.
Línea 1278: el nombre de la propiedad NoSpecialKeys de ipp_Fin_CuoMen no es válido.
Línea 1279: el nombre de la propiedad AutoAdvance de ipp_Fin_CuoMen no es válido.
Línea 1280: el nombre de la propiedad AutoBeep de ipp_Fin_CuoMen no es válido.
Línea 1281: el nombre de la propiedad CaretInsert de ipp_Fin_CuoMen no es válido.
Línea 1282: el nombre de la propiedad CaretOverWrite de ipp_Fin_CuoMen no es válido.
Línea 1283: el nombre de la propiedad UserEntry de ipp_Fin_CuoMen no es válido.
Línea 1284: el nombre de la propiedad HideSelection de ipp_Fin_CuoMen no es válido.
Línea 1285: el nombre de la propiedad InvalidColor de ipp_Fin_CuoMen no es válido.
Línea 1286: el nombre de la propiedad InvalidOption de ipp_Fin_CuoMen no es válido.
Línea 1287: el nombre de la propiedad MarginLeft de ipp_Fin_CuoMen no es válido.
Línea 1288: el nombre de la propiedad MarginTop de ipp_Fin_CuoMen no es válido.
Línea 1289: el nombre de la propiedad MarginRight de ipp_Fin_CuoMen no es válido.
Línea 1290: el nombre de la propiedad MarginBottom de ipp_Fin_CuoMen no es válido.
Línea 1291: el nombre de la propiedad NullColor de ipp_Fin_CuoMen no es válido.
Línea 1292: el nombre de la propiedad OnFocusAlignH de ipp_Fin_CuoMen no es válido.
Línea 1293: el nombre de la propiedad OnFocusAlignV de ipp_Fin_CuoMen no es válido.
Línea 1294: el nombre de la propiedad OnFocusNoSelect de ipp_Fin_CuoMen no es válido.
Línea 1295: el nombre de la propiedad OnFocusPosition de ipp_Fin_CuoMen no es válido.
Línea 1296: el nombre de la propiedad ControlType de ipp_Fin_CuoMen no es válido.
Línea 1297: el nombre de la propiedad Text de ipp_Fin_CuoMen no es válido.
Línea 1298: el nombre de la propiedad DecimalPlaces de ipp_Fin_CuoMen no es válido.
Línea 1299: el nombre de la propiedad DecimalPoint de ipp_Fin_CuoMen no es válido.
Línea 1300: el nombre de la propiedad FixedPoint de ipp_Fin_CuoMen no es válido.
Línea 1301: el nombre de la propiedad LeadZero de ipp_Fin_CuoMen no es válido.
Línea 1302: el nombre de la propiedad MaxValue de ipp_Fin_CuoMen no es válido.
Línea 1303: el nombre de la propiedad MinValue de ipp_Fin_CuoMen no es válido.
Línea 1304: el nombre de la propiedad NegFormat de ipp_Fin_CuoMen no es válido.
Línea 1305: el nombre de la propiedad NegToggle de ipp_Fin_CuoMen no es válido.
Línea 1306: el nombre de la propiedad Separator de ipp_Fin_CuoMen no es válido.
Línea 1307: el nombre de la propiedad UseSeparator de ipp_Fin_CuoMen no es válido.
Línea 1308: el nombre de la propiedad IncInt de ipp_Fin_CuoMen no es válido.
Línea 1309: el nombre de la propiedad IncDec de ipp_Fin_CuoMen no es válido.
Línea 1310: el nombre de la propiedad BorderGrayAreaColor de ipp_Fin_CuoMen no es válido.
Línea 1311: el nombre de la propiedad ThreeDOnFocusInvert de ipp_Fin_CuoMen no es válido.
Línea 1312: el nombre de la propiedad ThreeDFrameColor de ipp_Fin_CuoMen no es válido.
Línea 1314: el nombre de la propiedad BorderDropShadow de ipp_Fin_CuoMen no es válido.
Línea 1315: el nombre de la propiedad BorderDropShadowColor de ipp_Fin_CuoMen no es válido.
Línea 1316: el nombre de la propiedad BorderDropShadowWidth de ipp_Fin_CuoMen no es válido.
Línea 1317: el nombre de la propiedad ButtonColor de ipp_Fin_CuoMen no es válido.
Línea 1318: el nombre de la propiedad AutoMenu de ipp_Fin_CuoMen no es válido.
Línea 1319: el nombre de la propiedad ButtonAlign de ipp_Fin_CuoMen no es válido.
Línea 1329: el nombre de la propiedad _ExtentX de grd_Tar_Listad no es válido.
Línea 1330: el nombre de la propiedad _ExtentY de grd_Tar_Listad no es válido.
Línea 1331: el nombre de la propiedad _Version de grd_Tar_Listad no es válido.
Línea 1332: el nombre de la propiedad Rows de grd_Tar_Listad no es válido.
Línea 1333: el nombre de la propiedad Cols de grd_Tar_Listad no es válido.
Línea 1334: el nombre de la propiedad FixedRows de grd_Tar_Listad no es válido.
Línea 1335: el nombre de la propiedad FixedCols de grd_Tar_Listad no es válido.
Línea 1336: el nombre de la propiedad BackColorSel de grd_Tar_Listad no es válido.
Línea 1337: el nombre de la propiedad FocusRect de grd_Tar_Listad no es válido.
Línea 1338: el nombre de la propiedad ScrollBars de grd_Tar_Listad no es válido.
Línea 1339: el nombre de la propiedad SelectionMode de grd_Tar_Listad no es válido.
Línea 1347: el nombre de la propiedad _Version de SSPanel8 no es válido.
Línea 1348: el nombre de la propiedad _ExtentX de SSPanel8 no es válido.
Línea 1349: el nombre de la propiedad _ExtentY de SSPanel8 no es válido.
Línea 1350: el nombre de la propiedad _StockProps de SSPanel8 no es válido.
Línea 1351: el nombre de la propiedad Caption de SSPanel8 no es válido.
Línea 1363: el nombre de la propiedad BevelOuter de SSPanel8 no es válido.
Línea 1364: el nombre de la propiedad RoundedCorners de SSPanel8 no es válido.
Línea 1365: el nombre de la propiedad Outline de SSPanel8 no es válido.
Línea 1373: el nombre de la propiedad _Version de SSPanel4 no es válido.
Línea 1374: el nombre de la propiedad _ExtentX de SSPanel4 no es válido.
Línea 1375: el nombre de la propiedad _ExtentY de SSPanel4 no es válido.
Línea 1376: el nombre de la propiedad _StockProps de SSPanel4 no es válido.
Línea 1377: el nombre de la propiedad Caption de SSPanel4 no es válido.
Línea 1389: el nombre de la propiedad BevelOuter de SSPanel4 no es válido.
Línea 1390: el nombre de la propiedad RoundedCorners de SSPanel4 no es válido.
Línea 1391: el nombre de la propiedad Outline de SSPanel4 no es válido.
Línea 1399: el nombre de la propiedad _Version de SSPanel5 no es válido.
Línea 1400: el nombre de la propiedad _ExtentX de SSPanel5 no es válido.
Línea 1401: el nombre de la propiedad _ExtentY de SSPanel5 no es válido.
Línea 1402: el nombre de la propiedad _StockProps de SSPanel5 no es válido.
Línea 1403: el nombre de la propiedad Caption de SSPanel5 no es válido.
Línea 1415: el nombre de la propiedad BevelOuter de SSPanel5 no es válido.
Línea 1416: el nombre de la propiedad RoundedCorners de SSPanel5 no es válido.
Línea 1417: el nombre de la propiedad Outline de SSPanel5 no es válido.
Línea 1425: el nombre de la propiedad _Version de SSPanel6 no es válido.
Línea 1426: el nombre de la propiedad _ExtentX de SSPanel6 no es válido.
Línea 1427: el nombre de la propiedad _ExtentY de SSPanel6 no es válido.
Línea 1428: el nombre de la propiedad _StockProps de SSPanel6 no es válido.
Línea 1429: el nombre de la propiedad Caption de SSPanel6 no es válido.
Línea 1441: el nombre de la propiedad BevelOuter de SSPanel6 no es válido.
Línea 1442: el nombre de la propiedad RoundedCorners de SSPanel6 no es válido.
Línea 1443: el nombre de la propiedad Outline de SSPanel6 no es válido.
Línea 1451: el nombre de la propiedad _Version de SSPanel7 no es válido.
Línea 1452: el nombre de la propiedad _ExtentX de SSPanel7 no es válido.
Línea 1453: el nombre de la propiedad _ExtentY de SSPanel7 no es válido.
Línea 1454: el nombre de la propiedad _StockProps de SSPanel7 no es válido.
Línea 1464: el nombre de la propiedad BorderWidth de SSPanel7 no es válido.
Línea 1465: el nombre de la propiedad BevelOuter de SSPanel7 no es válido.
Línea 1466: el nombre de la propiedad BevelInner de SSPanel7 no es válido.
Línea 1474: el nombre de la propiedad _Version de ipp_Tar_SalPag no es válido.
Línea 1475: el nombre de la propiedad _ExtentX de ipp_Tar_SalPag no es válido.
Línea 1476: el nombre de la propiedad _ExtentY de ipp_Tar_SalPag no es válido.
Línea 1479: el nombre de la propiedad Object.TabStop de ipp_Tar_SalPag no es válido.
Línea 1491: el nombre de la propiedad ThreeDInsideStyle de ipp_Tar_SalPag no es válido.
Línea 1492: el nombre de la propiedad ThreeDInsideHighlightColor de ipp_Tar_SalPag no es válido.
Línea 1493: el nombre de la propiedad ThreeDInsideShadowColor de ipp_Tar_SalPag no es válido.
Línea 1494: el nombre de la propiedad ThreeDInsideWidth de ipp_Tar_SalPag no es válido.
Línea 1495: el nombre de la propiedad ThreeDOutsideStyle de ipp_Tar_SalPag no es válido.
Línea 1496: el nombre de la propiedad ThreeDOutsideHighlightColor de ipp_Tar_SalPag no es válido.
Línea 1497: el nombre de la propiedad ThreeDOutsideShadowColor de ipp_Tar_SalPag no es válido.
Línea 1498: el nombre de la propiedad ThreeDOutsideWidth de ipp_Tar_SalPag no es válido.
Línea 1499: el nombre de la propiedad ThreeDFrameWidth de ipp_Tar_SalPag no es válido.
Línea 1501: el nombre de la propiedad BorderColor de ipp_Tar_SalPag no es válido.
Línea 1502: el nombre de la propiedad BorderWidth de ipp_Tar_SalPag no es válido.
Línea 1503: el nombre de la propiedad ButtonDisable de ipp_Tar_SalPag no es válido.
Línea 1504: el nombre de la propiedad ButtonHide de ipp_Tar_SalPag no es válido.
Línea 1505: el nombre de la propiedad ButtonIncrement de ipp_Tar_SalPag no es válido.
Línea 1506: el nombre de la propiedad ButtonMin de ipp_Tar_SalPag no es válido.
Línea 1507: el nombre de la propiedad ButtonMax de ipp_Tar_SalPag no es válido.
Línea 1508: el nombre de la propiedad ButtonStyle de ipp_Tar_SalPag no es válido.
Línea 1509: el nombre de la propiedad ButtonWidth de ipp_Tar_SalPag no es válido.
Línea 1510: el nombre de la propiedad ButtonWrap de ipp_Tar_SalPag no es válido.
Línea 1511: el nombre de la propiedad ButtonDefaultAction de ipp_Tar_SalPag no es válido.
Línea 1512: el nombre de la propiedad ThreeDText de ipp_Tar_SalPag no es válido.
Línea 1513: el nombre de la propiedad ThreeDTextHighlightColor de ipp_Tar_SalPag no es válido.
Línea 1514: el nombre de la propiedad ThreeDTextShadowColor de ipp_Tar_SalPag no es válido.
Línea 1515: el nombre de la propiedad ThreeDTextOffset de ipp_Tar_SalPag no es válido.
Línea 1516: el nombre de la propiedad AlignTextH de ipp_Tar_SalPag no es válido.
Línea 1517: el nombre de la propiedad AlignTextV de ipp_Tar_SalPag no es válido.
Línea 1518: el nombre de la propiedad AllowNull de ipp_Tar_SalPag no es válido.
Línea 1519: el nombre de la propiedad NoSpecialKeys de ipp_Tar_SalPag no es válido.
Línea 1520: el nombre de la propiedad AutoAdvance de ipp_Tar_SalPag no es válido.
Línea 1521: el nombre de la propiedad AutoBeep de ipp_Tar_SalPag no es válido.
Línea 1522: el nombre de la propiedad CaretInsert de ipp_Tar_SalPag no es válido.
Línea 1523: el nombre de la propiedad CaretOverWrite de ipp_Tar_SalPag no es válido.
Línea 1524: el nombre de la propiedad UserEntry de ipp_Tar_SalPag no es válido.
Línea 1525: el nombre de la propiedad HideSelection de ipp_Tar_SalPag no es válido.
Línea 1526: el nombre de la propiedad InvalidColor de ipp_Tar_SalPag no es válido.
Línea 1527: el nombre de la propiedad InvalidOption de ipp_Tar_SalPag no es válido.
Línea 1528: el nombre de la propiedad MarginLeft de ipp_Tar_SalPag no es válido.
Línea 1529: el nombre de la propiedad MarginTop de ipp_Tar_SalPag no es válido.
Línea 1530: el nombre de la propiedad MarginRight de ipp_Tar_SalPag no es válido.
Línea 1531: el nombre de la propiedad MarginBottom de ipp_Tar_SalPag no es válido.
Línea 1532: el nombre de la propiedad NullColor de ipp_Tar_SalPag no es válido.
Línea 1533: el nombre de la propiedad OnFocusAlignH de ipp_Tar_SalPag no es válido.
Línea 1534: el nombre de la propiedad OnFocusAlignV de ipp_Tar_SalPag no es válido.
Línea 1535: el nombre de la propiedad OnFocusNoSelect de ipp_Tar_SalPag no es válido.
Línea 1536: el nombre de la propiedad OnFocusPosition de ipp_Tar_SalPag no es válido.
Línea 1537: el nombre de la propiedad ControlType de ipp_Tar_SalPag no es válido.
Línea 1538: el nombre de la propiedad Text de ipp_Tar_SalPag no es válido.
Línea 1539: el nombre de la propiedad DecimalPlaces de ipp_Tar_SalPag no es válido.
Línea 1540: el nombre de la propiedad DecimalPoint de ipp_Tar_SalPag no es válido.
Línea 1541: el nombre de la propiedad FixedPoint de ipp_Tar_SalPag no es válido.
Línea 1542: el nombre de la propiedad LeadZero de ipp_Tar_SalPag no es válido.
Línea 1543: el nombre de la propiedad MaxValue de ipp_Tar_SalPag no es válido.
Línea 1544: el nombre de la propiedad MinValue de ipp_Tar_SalPag no es válido.
Línea 1545: el nombre de la propiedad NegFormat de ipp_Tar_SalPag no es válido.
Línea 1546: el nombre de la propiedad NegToggle de ipp_Tar_SalPag no es válido.
Línea 1547: el nombre de la propiedad Separator de ipp_Tar_SalPag no es válido.
Línea 1548: el nombre de la propiedad UseSeparator de ipp_Tar_SalPag no es válido.
Línea 1549: el nombre de la propiedad IncInt de ipp_Tar_SalPag no es válido.
Línea 1550: el nombre de la propiedad IncDec de ipp_Tar_SalPag no es válido.
Línea 1551: el nombre de la propiedad BorderGrayAreaColor de ipp_Tar_SalPag no es válido.
Línea 1552: el nombre de la propiedad ThreeDOnFocusInvert de ipp_Tar_SalPag no es válido.
Línea 1553: el nombre de la propiedad ThreeDFrameColor de ipp_Tar_SalPag no es válido.
Línea 1555: el nombre de la propiedad BorderDropShadow de ipp_Tar_SalPag no es válido.
Línea 1556: el nombre de la propiedad BorderDropShadowColor de ipp_Tar_SalPag no es válido.
Línea 1557: el nombre de la propiedad BorderDropShadowWidth de ipp_Tar_SalPag no es válido.
Línea 1558: el nombre de la propiedad ButtonColor de ipp_Tar_SalPag no es válido.
Línea 1559: el nombre de la propiedad AutoMenu de ipp_Tar_SalPag no es válido.
Línea 1560: el nombre de la propiedad ButtonAlign de ipp_Tar_SalPag no es válido.
Línea 1570: el nombre de la propiedad _Version de SSPanel9 no es válido.
Línea 1571: el nombre de la propiedad _ExtentX de SSPanel9 no es válido.
Línea 1572: el nombre de la propiedad _ExtentY de SSPanel9 no es válido.
Línea 1573: el nombre de la propiedad _StockProps de SSPanel9 no es válido.
Línea 1583: el nombre de la propiedad BorderWidth de SSPanel9 no es válido.
Línea 1584: el nombre de la propiedad BevelOuter de SSPanel9 no es válido.
Línea 1585: el nombre de la propiedad BevelInner de SSPanel9 no es válido.
Línea 1593: el nombre de la propiedad _Version de ipp_Tar_LinCre no es válido.
Línea 1594: el nombre de la propiedad _ExtentX de ipp_Tar_LinCre no es válido.
Línea 1595: el nombre de la propiedad _ExtentY de ipp_Tar_LinCre no es válido.
Línea 1598: el nombre de la propiedad Object.TabStop de ipp_Tar_LinCre no es válido.
Línea 1610: el nombre de la propiedad ThreeDInsideStyle de ipp_Tar_LinCre no es válido.
Línea 1611: el nombre de la propiedad ThreeDInsideHighlightColor de ipp_Tar_LinCre no es válido.
Línea 1612: el nombre de la propiedad ThreeDInsideShadowColor de ipp_Tar_LinCre no es válido.
Línea 1613: el nombre de la propiedad ThreeDInsideWidth de ipp_Tar_LinCre no es válido.
Línea 1614: el nombre de la propiedad ThreeDOutsideStyle de ipp_Tar_LinCre no es válido.
Línea 1615: el nombre de la propiedad ThreeDOutsideHighlightColor de ipp_Tar_LinCre no es válido.
Línea 1616: el nombre de la propiedad ThreeDOutsideShadowColor de ipp_Tar_LinCre no es válido.
Línea 1617: el nombre de la propiedad ThreeDOutsideWidth de ipp_Tar_LinCre no es válido.
Línea 1618: el nombre de la propiedad ThreeDFrameWidth de ipp_Tar_LinCre no es válido.
Línea 1620: el nombre de la propiedad BorderColor de ipp_Tar_LinCre no es válido.
Línea 1621: el nombre de la propiedad BorderWidth de ipp_Tar_LinCre no es válido.
Línea 1622: el nombre de la propiedad ButtonDisable de ipp_Tar_LinCre no es válido.
Línea 1623: el nombre de la propiedad ButtonHide de ipp_Tar_LinCre no es válido.
Línea 1624: el nombre de la propiedad ButtonIncrement de ipp_Tar_LinCre no es válido.
Línea 1625: el nombre de la propiedad ButtonMin de ipp_Tar_LinCre no es válido.
Línea 1626: el nombre de la propiedad ButtonMax de ipp_Tar_LinCre no es válido.
Línea 1627: el nombre de la propiedad ButtonStyle de ipp_Tar_LinCre no es válido.
Línea 1628: el nombre de la propiedad ButtonWidth de ipp_Tar_LinCre no es válido.
Línea 1629: el nombre de la propiedad ButtonWrap de ipp_Tar_LinCre no es válido.
Línea 1630: el nombre de la propiedad ButtonDefaultAction de ipp_Tar_LinCre no es válido.
Línea 1631: el nombre de la propiedad ThreeDText de ipp_Tar_LinCre no es válido.
Línea 1632: el nombre de la propiedad ThreeDTextHighlightColor de ipp_Tar_LinCre no es válido.
Línea 1633: el nombre de la propiedad ThreeDTextShadowColor de ipp_Tar_LinCre no es válido.
Línea 1634: el nombre de la propiedad ThreeDTextOffset de ipp_Tar_LinCre no es válido.
Línea 1635: el nombre de la propiedad AlignTextH de ipp_Tar_LinCre no es válido.
Línea 1636: el nombre de la propiedad AlignTextV de ipp_Tar_LinCre no es válido.
Línea 1637: el nombre de la propiedad AllowNull de ipp_Tar_LinCre no es válido.
Línea 1638: el nombre de la propiedad NoSpecialKeys de ipp_Tar_LinCre no es válido.
Línea 1639: el nombre de la propiedad AutoAdvance de ipp_Tar_LinCre no es válido.
Línea 1640: el nombre de la propiedad AutoBeep de ipp_Tar_LinCre no es válido.
Línea 1641: el nombre de la propiedad CaretInsert de ipp_Tar_LinCre no es válido.
Línea 1642: el nombre de la propiedad CaretOverWrite de ipp_Tar_LinCre no es válido.
Línea 1643: el nombre de la propiedad UserEntry de ipp_Tar_LinCre no es válido.
Línea 1644: el nombre de la propiedad HideSelection de ipp_Tar_LinCre no es válido.
Línea 1645: el nombre de la propiedad InvalidColor de ipp_Tar_LinCre no es válido.
Línea 1646: el nombre de la propiedad InvalidOption de ipp_Tar_LinCre no es válido.
Línea 1647: el nombre de la propiedad MarginLeft de ipp_Tar_LinCre no es válido.
Línea 1648: el nombre de la propiedad MarginTop de ipp_Tar_LinCre no es válido.
Línea 1649: el nombre de la propiedad MarginRight de ipp_Tar_LinCre no es válido.
Línea 1650: el nombre de la propiedad MarginBottom de ipp_Tar_LinCre no es válido.
Línea 1651: el nombre de la propiedad NullColor de ipp_Tar_LinCre no es válido.
Línea 1652: el nombre de la propiedad OnFocusAlignH de ipp_Tar_LinCre no es válido.
Línea 1653: el nombre de la propiedad OnFocusAlignV de ipp_Tar_LinCre no es válido.
Línea 1654: el nombre de la propiedad OnFocusNoSelect de ipp_Tar_LinCre no es válido.
Línea 1655: el nombre de la propiedad OnFocusPosition de ipp_Tar_LinCre no es válido.
Línea 1656: el nombre de la propiedad ControlType de ipp_Tar_LinCre no es válido.
Línea 1657: el nombre de la propiedad Text de ipp_Tar_LinCre no es válido.
Línea 1658: el nombre de la propiedad DecimalPlaces de ipp_Tar_LinCre no es válido.
Línea 1659: el nombre de la propiedad DecimalPoint de ipp_Tar_LinCre no es válido.
Línea 1660: el nombre de la propiedad FixedPoint de ipp_Tar_LinCre no es válido.
Línea 1661: el nombre de la propiedad LeadZero de ipp_Tar_LinCre no es válido.
Línea 1662: el nombre de la propiedad MaxValue de ipp_Tar_LinCre no es válido.
Línea 1663: el nombre de la propiedad MinValue de ipp_Tar_LinCre no es válido.
Línea 1664: el nombre de la propiedad NegFormat de ipp_Tar_LinCre no es válido.
Línea 1665: el nombre de la propiedad NegToggle de ipp_Tar_LinCre no es válido.
Línea 1666: el nombre de la propiedad Separator de ipp_Tar_LinCre no es válido.
Línea 1667: el nombre de la propiedad UseSeparator de ipp_Tar_LinCre no es válido.
Línea 1668: el nombre de la propiedad IncInt de ipp_Tar_LinCre no es válido.
Línea 1669: el nombre de la propiedad IncDec de ipp_Tar_LinCre no es válido.
Línea 1670: el nombre de la propiedad BorderGrayAreaColor de ipp_Tar_LinCre no es válido.
Línea 1671: el nombre de la propiedad ThreeDOnFocusInvert de ipp_Tar_LinCre no es válido.
Línea 1672: el nombre de la propiedad ThreeDFrameColor de ipp_Tar_LinCre no es válido.
Línea 1674: el nombre de la propiedad BorderDropShadow de ipp_Tar_LinCre no es válido.
Línea 1675: el nombre de la propiedad BorderDropShadowColor de ipp_Tar_LinCre no es válido.
Línea 1676: el nombre de la propiedad BorderDropShadowWidth de ipp_Tar_LinCre no es válido.
Línea 1677: el nombre de la propiedad ButtonColor de ipp_Tar_LinCre no es válido.
Línea 1678: el nombre de la propiedad AutoMenu de ipp_Tar_LinCre no es válido.
Línea 1679: el nombre de la propiedad ButtonAlign de ipp_Tar_LinCre no es válido.
Línea 1689: el nombre de la propiedad _Version de ipp_Tar_MonMin no es válido.
Línea 1690: el nombre de la propiedad _ExtentX de ipp_Tar_MonMin no es válido.
Línea 1691: el nombre de la propiedad _ExtentY de ipp_Tar_MonMin no es válido.
Línea 1694: el nombre de la propiedad Object.TabStop de ipp_Tar_MonMin no es válido.
Línea 1706: el nombre de la propiedad ThreeDInsideStyle de ipp_Tar_MonMin no es válido.
Línea 1707: el nombre de la propiedad ThreeDInsideHighlightColor de ipp_Tar_MonMin no es válido.
Línea 1708: el nombre de la propiedad ThreeDInsideShadowColor de ipp_Tar_MonMin no es válido.
Línea 1709: el nombre de la propiedad ThreeDInsideWidth de ipp_Tar_MonMin no es válido.
Línea 1710: el nombre de la propiedad ThreeDOutsideStyle de ipp_Tar_MonMin no es válido.
Línea 1711: el nombre de la propiedad ThreeDOutsideHighlightColor de ipp_Tar_MonMin no es válido.
Línea 1712: el nombre de la propiedad ThreeDOutsideShadowColor de ipp_Tar_MonMin no es válido.
Línea 1713: el nombre de la propiedad ThreeDOutsideWidth de ipp_Tar_MonMin no es válido.
Línea 1714: el nombre de la propiedad ThreeDFrameWidth de ipp_Tar_MonMin no es válido.
Línea 1716: el nombre de la propiedad BorderColor de ipp_Tar_MonMin no es válido.
Línea 1717: el nombre de la propiedad BorderWidth de ipp_Tar_MonMin no es válido.
Línea 1718: el nombre de la propiedad ButtonDisable de ipp_Tar_MonMin no es válido.
Línea 1719: el nombre de la propiedad ButtonHide de ipp_Tar_MonMin no es válido.
Línea 1720: el nombre de la propiedad ButtonIncrement de ipp_Tar_MonMin no es válido.
Línea 1721: el nombre de la propiedad ButtonMin de ipp_Tar_MonMin no es válido.
Línea 1722: el nombre de la propiedad ButtonMax de ipp_Tar_MonMin no es válido.
Línea 1723: el nombre de la propiedad ButtonStyle de ipp_Tar_MonMin no es válido.
Línea 1724: el nombre de la propiedad ButtonWidth de ipp_Tar_MonMin no es válido.
Línea 1725: el nombre de la propiedad ButtonWrap de ipp_Tar_MonMin no es válido.
Línea 1726: el nombre de la propiedad ButtonDefaultAction de ipp_Tar_MonMin no es válido.
Línea 1727: el nombre de la propiedad ThreeDText de ipp_Tar_MonMin no es válido.
Línea 1728: el nombre de la propiedad ThreeDTextHighlightColor de ipp_Tar_MonMin no es válido.
Línea 1729: el nombre de la propiedad ThreeDTextShadowColor de ipp_Tar_MonMin no es válido.
Línea 1730: el nombre de la propiedad ThreeDTextOffset de ipp_Tar_MonMin no es válido.
Línea 1731: el nombre de la propiedad AlignTextH de ipp_Tar_MonMin no es válido.
Línea 1732: el nombre de la propiedad AlignTextV de ipp_Tar_MonMin no es válido.
Línea 1733: el nombre de la propiedad AllowNull de ipp_Tar_MonMin no es válido.
Línea 1734: el nombre de la propiedad NoSpecialKeys de ipp_Tar_MonMin no es válido.
Línea 1735: el nombre de la propiedad AutoAdvance de ipp_Tar_MonMin no es válido.
Línea 1736: el nombre de la propiedad AutoBeep de ipp_Tar_MonMin no es válido.
Línea 1737: el nombre de la propiedad CaretInsert de ipp_Tar_MonMin no es válido.
Línea 1738: el nombre de la propiedad CaretOverWrite de ipp_Tar_MonMin no es válido.
Línea 1739: el nombre de la propiedad UserEntry de ipp_Tar_MonMin no es válido.
Línea 1740: el nombre de la propiedad HideSelection de ipp_Tar_MonMin no es válido.
Línea 1741: el nombre de la propiedad InvalidColor de ipp_Tar_MonMin no es válido.
Línea 1742: el nombre de la propiedad InvalidOption de ipp_Tar_MonMin no es válido.
Línea 1743: el nombre de la propiedad MarginLeft de ipp_Tar_MonMin no es válido.
Línea 1744: el nombre de la propiedad MarginTop de ipp_Tar_MonMin no es válido.
Línea 1745: el nombre de la propiedad MarginRight de ipp_Tar_MonMin no es válido.
Línea 1746: el nombre de la propiedad MarginBottom de ipp_Tar_MonMin no es válido.
Línea 1747: el nombre de la propiedad NullColor de ipp_Tar_MonMin no es válido.
Línea 1748: el nombre de la propiedad OnFocusAlignH de ipp_Tar_MonMin no es válido.
Línea 1749: el nombre de la propiedad OnFocusAlignV de ipp_Tar_MonMin no es válido.
Línea 1750: el nombre de la propiedad OnFocusNoSelect de ipp_Tar_MonMin no es válido.
Línea 1751: el nombre de la propiedad OnFocusPosition de ipp_Tar_MonMin no es válido.
Línea 1752: el nombre de la propiedad ControlType de ipp_Tar_MonMin no es válido.
Línea 1753: el nombre de la propiedad Text de ipp_Tar_MonMin no es válido.
Línea 1754: el nombre de la propiedad DecimalPlaces de ipp_Tar_MonMin no es válido.
Línea 1755: el nombre de la propiedad DecimalPoint de ipp_Tar_MonMin no es válido.
Línea 1756: el nombre de la propiedad FixedPoint de ipp_Tar_MonMin no es válido.
Línea 1757: el nombre de la propiedad LeadZero de ipp_Tar_MonMin no es válido.
Línea 1758: el nombre de la propiedad MaxValue de ipp_Tar_MonMin no es válido.
Línea 1759: el nombre de la propiedad MinValue de ipp_Tar_MonMin no es válido.
Línea 1760: el nombre de la propiedad NegFormat de ipp_Tar_MonMin no es válido.
Línea 1761: el nombre de la propiedad NegToggle de ipp_Tar_MonMin no es válido.
Línea 1762: el nombre de la propiedad Separator de ipp_Tar_MonMin no es válido.
Línea 1763: el nombre de la propiedad UseSeparator de ipp_Tar_MonMin no es válido.
Línea 1764: el nombre de la propiedad IncInt de ipp_Tar_MonMin no es válido.
Línea 1765: el nombre de la propiedad IncDec de ipp_Tar_MonMin no es válido.
Línea 1766: el nombre de la propiedad BorderGrayAreaColor de ipp_Tar_MonMin no es válido.
Línea 1767: el nombre de la propiedad ThreeDOnFocusInvert de ipp_Tar_MonMin no es válido.
Línea 1768: el nombre de la propiedad ThreeDFrameColor de ipp_Tar_MonMin no es válido.
Línea 1770: el nombre de la propiedad BorderDropShadow de ipp_Tar_MonMin no es válido.
Línea 1771: el nombre de la propiedad BorderDropShadowColor de ipp_Tar_MonMin no es válido.
Línea 1772: el nombre de la propiedad BorderDropShadowWidth de ipp_Tar_MonMin no es válido.
Línea 1773: el nombre de la propiedad ButtonColor de ipp_Tar_MonMin no es válido.
Línea 1774: el nombre de la propiedad AutoMenu de ipp_Tar_MonMin no es válido.
Línea 1775: el nombre de la propiedad ButtonAlign de ipp_Tar_MonMin no es válido.
Línea 1785: el nombre de la propiedad _ExtentX de grd_Inm_Listad no es válido.
Línea 1786: el nombre de la propiedad _ExtentY de grd_Inm_Listad no es válido.
Línea 1787: el nombre de la propiedad _Version de grd_Inm_Listad no es válido.
Línea 1788: el nombre de la propiedad Rows de grd_Inm_Listad no es válido.
Línea 1789: el nombre de la propiedad Cols de grd_Inm_Listad no es válido.
Línea 1790: el nombre de la propiedad FixedRows de grd_Inm_Listad no es válido.
Línea 1791: el nombre de la propiedad FixedCols de grd_Inm_Listad no es válido.
Línea 1792: el nombre de la propiedad BackColorSel de grd_Inm_Listad no es válido.
Línea 1793: el nombre de la propiedad FocusRect de grd_Inm_Listad no es válido.
Línea 1794: el nombre de la propiedad ScrollBars de grd_Inm_Listad no es válido.
Línea 1795: el nombre de la propiedad SelectionMode de grd_Inm_Listad no es válido.
Línea 1803: el nombre de la propiedad _Version de SSPanel17 no es válido.
Línea 1804: el nombre de la propiedad _ExtentX de SSPanel17 no es válido.
Línea 1805: el nombre de la propiedad _ExtentY de SSPanel17 no es válido.
Línea 1806: el nombre de la propiedad _StockProps de SSPanel17 no es válido.
Línea 1807: el nombre de la propiedad Caption de SSPanel17 no es válido.
Línea 1819: el nombre de la propiedad BevelOuter de SSPanel17 no es válido.
Línea 1820: el nombre de la propiedad RoundedCorners de SSPanel17 no es válido.
Línea 1821: el nombre de la propiedad Outline de SSPanel17 no es válido.
Línea 1829: el nombre de la propiedad _Version de SSPanel18 no es válido.
Línea 1830: el nombre de la propiedad _ExtentX de SSPanel18 no es válido.
Línea 1831: el nombre de la propiedad _ExtentY de SSPanel18 no es válido.
Línea 1832: el nombre de la propiedad _StockProps de SSPanel18 no es válido.
Línea 1833: el nombre de la propiedad Caption de SSPanel18 no es válido.
Línea 1845: el nombre de la propiedad BevelOuter de SSPanel18 no es válido.
Línea 1846: el nombre de la propiedad RoundedCorners de SSPanel18 no es válido.
Línea 1847: el nombre de la propiedad Outline de SSPanel18 no es válido.
Línea 1855: el nombre de la propiedad _Version de SSPanel19 no es válido.
Línea 1856: el nombre de la propiedad _ExtentX de SSPanel19 no es válido.
Línea 1857: el nombre de la propiedad _ExtentY de SSPanel19 no es válido.
Línea 1858: el nombre de la propiedad _StockProps de SSPanel19 no es válido.
Línea 1859: el nombre de la propiedad Caption de SSPanel19 no es válido.
Línea 1871: el nombre de la propiedad BevelOuter de SSPanel19 no es válido.
Línea 1872: el nombre de la propiedad RoundedCorners de SSPanel19 no es válido.
Línea 1873: el nombre de la propiedad Outline de SSPanel19 no es válido.
Línea 1881: el nombre de la propiedad _Version de SSPanel20 no es válido.
Línea 1882: el nombre de la propiedad _ExtentX de SSPanel20 no es válido.
Línea 1883: el nombre de la propiedad _ExtentY de SSPanel20 no es válido.
Línea 1884: el nombre de la propiedad _StockProps de SSPanel20 no es válido.
Línea 1885: el nombre de la propiedad Caption de SSPanel20 no es válido.
Línea 1897: el nombre de la propiedad BevelOuter de SSPanel20 no es válido.
Línea 1898: el nombre de la propiedad RoundedCorners de SSPanel20 no es válido.
Línea 1899: el nombre de la propiedad Outline de SSPanel20 no es válido.
Línea 1907: el nombre de la propiedad _Version de SSPanel21 no es válido.
Línea 1908: el nombre de la propiedad _ExtentX de SSPanel21 no es válido.
Línea 1909: el nombre de la propiedad _ExtentY de SSPanel21 no es válido.
Línea 1910: el nombre de la propiedad _StockProps de SSPanel21 no es válido.
Línea 1920: el nombre de la propiedad BorderWidth de SSPanel21 no es válido.
Línea 1921: el nombre de la propiedad BevelOuter de SSPanel21 no es válido.
Línea 1922: el nombre de la propiedad BevelInner de SSPanel21 no es válido.
Línea 1930: el nombre de la propiedad _Version de ipp_Inm_ImpVal no es válido.
Línea 1931: el nombre de la propiedad _ExtentX de ipp_Inm_ImpVal no es válido.
Línea 1932: el nombre de la propiedad _ExtentY de ipp_Inm_ImpVal no es válido.
Línea 1935: el nombre de la propiedad Object.TabStop de ipp_Inm_ImpVal no es válido.
Línea 1947: el nombre de la propiedad ThreeDInsideStyle de ipp_Inm_ImpVal no es válido.
Línea 1948: el nombre de la propiedad ThreeDInsideHighlightColor de ipp_Inm_ImpVal no es válido.
Línea 1949: el nombre de la propiedad ThreeDInsideShadowColor de ipp_Inm_ImpVal no es válido.
Línea 1950: el nombre de la propiedad ThreeDInsideWidth de ipp_Inm_ImpVal no es válido.
Línea 1951: el nombre de la propiedad ThreeDOutsideStyle de ipp_Inm_ImpVal no es válido.
Línea 1952: el nombre de la propiedad ThreeDOutsideHighlightColor de ipp_Inm_ImpVal no es válido.
Línea 1953: el nombre de la propiedad ThreeDOutsideShadowColor de ipp_Inm_ImpVal no es válido.
Línea 1954: el nombre de la propiedad ThreeDOutsideWidth de ipp_Inm_ImpVal no es válido.
Línea 1955: el nombre de la propiedad ThreeDFrameWidth de ipp_Inm_ImpVal no es válido.
Línea 1957: el nombre de la propiedad BorderColor de ipp_Inm_ImpVal no es válido.
Línea 1958: el nombre de la propiedad BorderWidth de ipp_Inm_ImpVal no es válido.
Línea 1959: el nombre de la propiedad ButtonDisable de ipp_Inm_ImpVal no es válido.
Línea 1960: el nombre de la propiedad ButtonHide de ipp_Inm_ImpVal no es válido.
Línea 1961: el nombre de la propiedad ButtonIncrement de ipp_Inm_ImpVal no es válido.
Línea 1962: el nombre de la propiedad ButtonMin de ipp_Inm_ImpVal no es válido.
Línea 1963: el nombre de la propiedad ButtonMax de ipp_Inm_ImpVal no es válido.
Línea 1964: el nombre de la propiedad ButtonStyle de ipp_Inm_ImpVal no es válido.
Línea 1965: el nombre de la propiedad ButtonWidth de ipp_Inm_ImpVal no es válido.
Línea 1966: el nombre de la propiedad ButtonWrap de ipp_Inm_ImpVal no es válido.
Línea 1967: el nombre de la propiedad ButtonDefaultAction de ipp_Inm_ImpVal no es válido.
Línea 1968: el nombre de la propiedad ThreeDText de ipp_Inm_ImpVal no es válido.
Línea 1969: el nombre de la propiedad ThreeDTextHighlightColor de ipp_Inm_ImpVal no es válido.
Línea 1970: el nombre de la propiedad ThreeDTextShadowColor de ipp_Inm_ImpVal no es válido.
Línea 1971: el nombre de la propiedad ThreeDTextOffset de ipp_Inm_ImpVal no es válido.
Línea 1972: el nombre de la propiedad AlignTextH de ipp_Inm_ImpVal no es válido.
Línea 1973: el nombre de la propiedad AlignTextV de ipp_Inm_ImpVal no es válido.
Línea 1974: el nombre de la propiedad AllowNull de ipp_Inm_ImpVal no es válido.
Línea 1975: el nombre de la propiedad NoSpecialKeys de ipp_Inm_ImpVal no es válido.
Línea 1976: el nombre de la propiedad AutoAdvance de ipp_Inm_ImpVal no es válido.
Línea 1977: el nombre de la propiedad AutoBeep de ipp_Inm_ImpVal no es válido.
Línea 1978: el nombre de la propiedad CaretInsert de ipp_Inm_ImpVal no es válido.
Línea 1979: el nombre de la propiedad CaretOverWrite de ipp_Inm_ImpVal no es válido.
Línea 1980: el nombre de la propiedad UserEntry de ipp_Inm_ImpVal no es válido.
Línea 1981: el nombre de la propiedad HideSelection de ipp_Inm_ImpVal no es válido.
Línea 1982: el nombre de la propiedad InvalidColor de ipp_Inm_ImpVal no es válido.
Línea 1983: el nombre de la propiedad InvalidOption de ipp_Inm_ImpVal no es válido.
Línea 1984: el nombre de la propiedad MarginLeft de ipp_Inm_ImpVal no es válido.
Línea 1985: el nombre de la propiedad MarginTop de ipp_Inm_ImpVal no es válido.
Línea 1986: el nombre de la propiedad MarginRight de ipp_Inm_ImpVal no es válido.
Línea 1987: el nombre de la propiedad MarginBottom de ipp_Inm_ImpVal no es válido.
Línea 1988: el nombre de la propiedad NullColor de ipp_Inm_ImpVal no es válido.
Línea 1989: el nombre de la propiedad OnFocusAlignH de ipp_Inm_ImpVal no es válido.
Línea 1990: el nombre de la propiedad OnFocusAlignV de ipp_Inm_ImpVal no es válido.
Línea 1991: el nombre de la propiedad OnFocusNoSelect de ipp_Inm_ImpVal no es válido.
Línea 1992: el nombre de la propiedad OnFocusPosition de ipp_Inm_ImpVal no es válido.
Línea 1993: el nombre de la propiedad ControlType de ipp_Inm_ImpVal no es válido.
Línea 1994: el nombre de la propiedad Text de ipp_Inm_ImpVal no es válido.
Línea 1995: el nombre de la propiedad DecimalPlaces de ipp_Inm_ImpVal no es válido.
Línea 1996: el nombre de la propiedad DecimalPoint de ipp_Inm_ImpVal no es válido.
Línea 1997: el nombre de la propiedad FixedPoint de ipp_Inm_ImpVal no es válido.
Línea 1998: el nombre de la propiedad LeadZero de ipp_Inm_ImpVal no es válido.
Línea 1999: el nombre de la propiedad MaxValue de ipp_Inm_ImpVal no es válido.
Línea 2000: el nombre de la propiedad MinValue de ipp_Inm_ImpVal no es válido.
Línea 2001: el nombre de la propiedad NegFormat de ipp_Inm_ImpVal no es válido.
Línea 2002: el nombre de la propiedad NegToggle de ipp_Inm_ImpVal no es válido.
Línea 2003: el nombre de la propiedad Separator de ipp_Inm_ImpVal no es válido.
Línea 2004: el nombre de la propiedad UseSeparator de ipp_Inm_ImpVal no es válido.
Línea 2005: el nombre de la propiedad IncInt de ipp_Inm_ImpVal no es válido.
Línea 2006: el nombre de la propiedad IncDec de ipp_Inm_ImpVal no es válido.
Línea 2007: el nombre de la propiedad BorderGrayAreaColor de ipp_Inm_ImpVal no es válido.
Línea 2008: el nombre de la propiedad ThreeDOnFocusInvert de ipp_Inm_ImpVal no es válido.
Línea 2009: el nombre de la propiedad ThreeDFrameColor de ipp_Inm_ImpVal no es válido.
Línea 2011: el nombre de la propiedad BorderDropShadow de ipp_Inm_ImpVal no es válido.
Línea 2012: el nombre de la propiedad BorderDropShadowColor de ipp_Inm_ImpVal no es válido.
Línea 2013: el nombre de la propiedad BorderDropShadowWidth de ipp_Inm_ImpVal no es válido.
Línea 2014: el nombre de la propiedad ButtonColor de ipp_Inm_ImpVal no es válido.
Línea 2015: el nombre de la propiedad AutoMenu de ipp_Inm_ImpVal no es válido.
Línea 2016: el nombre de la propiedad ButtonAlign de ipp_Inm_ImpVal no es válido.
Línea 2026: el nombre de la propiedad _Version de SSPanel22 no es válido.
Línea 2027: el nombre de la propiedad _ExtentX de SSPanel22 no es válido.
Línea 2028: el nombre de la propiedad _ExtentY de SSPanel22 no es válido.
Línea 2029: el nombre de la propiedad _StockProps de SSPanel22 no es válido.
Línea 2039: el nombre de la propiedad BorderWidth de SSPanel22 no es válido.
Línea 2040: el nombre de la propiedad BevelOuter de SSPanel22 no es válido.
Línea 2041: el nombre de la propiedad BevelInner de SSPanel22 no es válido.
Línea 2049: el nombre de la propiedad _Version de ipp_Inm_FecAdq no es válido.
Línea 2050: el nombre de la propiedad _ExtentX de ipp_Inm_FecAdq no es válido.
Línea 2051: el nombre de la propiedad _ExtentY de ipp_Inm_FecAdq no es válido.
Línea 2054: el nombre de la propiedad Object.TabStop de ipp_Inm_FecAdq no es válido.
Línea 2066: el nombre de la propiedad ThreeDInsideStyle de ipp_Inm_FecAdq no es válido.
Línea 2067: el nombre de la propiedad ThreeDInsideHighlightColor de ipp_Inm_FecAdq no es válido.
Línea 2068: el nombre de la propiedad ThreeDInsideShadowColor de ipp_Inm_FecAdq no es válido.
Línea 2069: el nombre de la propiedad ThreeDInsideWidth de ipp_Inm_FecAdq no es válido.
Línea 2070: el nombre de la propiedad ThreeDOutsideStyle de ipp_Inm_FecAdq no es válido.
Línea 2071: el nombre de la propiedad ThreeDOutsideHighlightColor de ipp_Inm_FecAdq no es válido.
Línea 2072: el nombre de la propiedad ThreeDOutsideShadowColor de ipp_Inm_FecAdq no es válido.
Línea 2073: el nombre de la propiedad ThreeDOutsideWidth de ipp_Inm_FecAdq no es válido.
Línea 2074: el nombre de la propiedad ThreeDFrameWidth de ipp_Inm_FecAdq no es válido.
Línea 2076: el nombre de la propiedad BorderColor de ipp_Inm_FecAdq no es válido.
Línea 2077: el nombre de la propiedad BorderWidth de ipp_Inm_FecAdq no es válido.
Línea 2078: el nombre de la propiedad ButtonDisable de ipp_Inm_FecAdq no es válido.
Línea 2079: el nombre de la propiedad ButtonHide de ipp_Inm_FecAdq no es válido.
Línea 2080: el nombre de la propiedad ButtonIncrement de ipp_Inm_FecAdq no es válido.
Línea 2081: el nombre de la propiedad ButtonMin de ipp_Inm_FecAdq no es válido.
Línea 2082: el nombre de la propiedad ButtonMax de ipp_Inm_FecAdq no es válido.
Línea 2083: el nombre de la propiedad ButtonStyle de ipp_Inm_FecAdq no es válido.
Línea 2084: el nombre de la propiedad ButtonWidth de ipp_Inm_FecAdq no es válido.
Línea 2085: el nombre de la propiedad ButtonWrap de ipp_Inm_FecAdq no es válido.
Línea 2086: el nombre de la propiedad ButtonDefaultAction de ipp_Inm_FecAdq no es válido.
Línea 2087: el nombre de la propiedad ThreeDText de ipp_Inm_FecAdq no es válido.
Línea 2088: el nombre de la propiedad ThreeDTextHighlightColor de ipp_Inm_FecAdq no es válido.
Línea 2089: el nombre de la propiedad ThreeDTextShadowColor de ipp_Inm_FecAdq no es válido.
Línea 2090: el nombre de la propiedad ThreeDTextOffset de ipp_Inm_FecAdq no es válido.
Línea 2091: el nombre de la propiedad AlignTextH de ipp_Inm_FecAdq no es válido.
Línea 2092: el nombre de la propiedad AlignTextV de ipp_Inm_FecAdq no es válido.
Línea 2093: el nombre de la propiedad AllowNull de ipp_Inm_FecAdq no es válido.
Línea 2094: el nombre de la propiedad NoSpecialKeys de ipp_Inm_FecAdq no es válido.
Línea 2095: el nombre de la propiedad AutoAdvance de ipp_Inm_FecAdq no es válido.
Línea 2096: el nombre de la propiedad AutoBeep de ipp_Inm_FecAdq no es válido.
Línea 2097: el nombre de la propiedad CaretInsert de ipp_Inm_FecAdq no es válido.
Línea 2098: el nombre de la propiedad CaretOverWrite de ipp_Inm_FecAdq no es válido.
Línea 2099: el nombre de la propiedad UserEntry de ipp_Inm_FecAdq no es válido.
Línea 2100: el nombre de la propiedad HideSelection de ipp_Inm_FecAdq no es válido.
Línea 2101: el nombre de la propiedad InvalidColor de ipp_Inm_FecAdq no es válido.
Línea 2102: el nombre de la propiedad InvalidOption de ipp_Inm_FecAdq no es válido.
Línea 2103: el nombre de la propiedad MarginLeft de ipp_Inm_FecAdq no es válido.
Línea 2104: el nombre de la propiedad MarginTop de ipp_Inm_FecAdq no es válido.
Línea 2105: el nombre de la propiedad MarginRight de ipp_Inm_FecAdq no es válido.
Línea 2106: el nombre de la propiedad MarginBottom de ipp_Inm_FecAdq no es válido.
Línea 2107: el nombre de la propiedad NullColor de ipp_Inm_FecAdq no es válido.
Línea 2108: el nombre de la propiedad OnFocusAlignH de ipp_Inm_FecAdq no es válido.
Línea 2109: el nombre de la propiedad OnFocusAlignV de ipp_Inm_FecAdq no es válido.
Línea 2110: el nombre de la propiedad OnFocusNoSelect de ipp_Inm_FecAdq no es válido.
Línea 2111: el nombre de la propiedad OnFocusPosition de ipp_Inm_FecAdq no es válido.
Línea 2112: el nombre de la propiedad ControlType de ipp_Inm_FecAdq no es válido.
Línea 2113: el nombre de la propiedad Text de ipp_Inm_FecAdq no es válido.
Línea 2114: el nombre de la propiedad DateCalcMethod de ipp_Inm_FecAdq no es válido.
Línea 2115: el nombre de la propiedad DateTimeFormat de ipp_Inm_FecAdq no es válido.
Línea 2116: el nombre de la propiedad UserDefinedFormat de ipp_Inm_FecAdq no es válido.
Línea 2117: el nombre de la propiedad DateMax de ipp_Inm_FecAdq no es válido.
Línea 2118: el nombre de la propiedad DateMin de ipp_Inm_FecAdq no es válido.
Línea 2119: el nombre de la propiedad TimeMax de ipp_Inm_FecAdq no es válido.
Línea 2120: el nombre de la propiedad TimeMin de ipp_Inm_FecAdq no es válido.
Línea 2121: el nombre de la propiedad TimeString1159 de ipp_Inm_FecAdq no es válido.
Línea 2122: el nombre de la propiedad TimeString2359 de ipp_Inm_FecAdq no es válido.
Línea 2123: el nombre de la propiedad DateDefault de ipp_Inm_FecAdq no es válido.
Línea 2124: el nombre de la propiedad TimeDefault de ipp_Inm_FecAdq no es válido.
Línea 2125: el nombre de la propiedad TimeStyle de ipp_Inm_FecAdq no es válido.
Línea 2126: el nombre de la propiedad BorderGrayAreaColor de ipp_Inm_FecAdq no es válido.
Línea 2127: el nombre de la propiedad ThreeDOnFocusInvert de ipp_Inm_FecAdq no es válido.
Línea 2128: el nombre de la propiedad ThreeDFrameColor de ipp_Inm_FecAdq no es válido.
Línea 2130: el nombre de la propiedad BorderDropShadow de ipp_Inm_FecAdq no es válido.
Línea 2131: el nombre de la propiedad BorderDropShadowColor de ipp_Inm_FecAdq no es válido.
Línea 2132: el nombre de la propiedad BorderDropShadowWidth de ipp_Inm_FecAdq no es válido.
Línea 2133: el nombre de la propiedad PopUpType de ipp_Inm_FecAdq no es válido.
Línea 2134: el nombre de la propiedad DateCalcY2KSplit de ipp_Inm_FecAdq no es válido.
Línea 2135: el nombre de la propiedad CaretPosition de ipp_Inm_FecAdq no es válido.
Línea 2136: el nombre de la propiedad IncYear de ipp_Inm_FecAdq no es válido.
Línea 2137: el nombre de la propiedad IncMonth de ipp_Inm_FecAdq no es válido.
Línea 2138: el nombre de la propiedad IncDay de ipp_Inm_FecAdq no es válido.
Línea 2139: el nombre de la propiedad IncHour de ipp_Inm_FecAdq no es válido.
Línea 2140: el nombre de la propiedad IncMinute de ipp_Inm_FecAdq no es válido.
Línea 2141: el nombre de la propiedad IncSecond de ipp_Inm_FecAdq no es válido.
Línea 2142: el nombre de la propiedad ButtonColor de ipp_Inm_FecAdq no es válido.
Línea 2143: el nombre de la propiedad AutoMenu de ipp_Inm_FecAdq no es válido.
Línea 2144: el nombre de la propiedad StartMonth de ipp_Inm_FecAdq no es válido.
Línea 2145: el nombre de la propiedad ButtonAlign de ipp_Inm_FecAdq no es válido.
Línea 2146: el nombre de la propiedad BoundDataType de ipp_Inm_FecAdq no es válido.
Línea 2043: no se pudo establecer la propiedad Appearance de ipp_Inm_FecAdq.
Línea 2318: el nombre de la propiedad _Version de SSPanel3 no es válido.
Línea 2319: el nombre de la propiedad _ExtentX de SSPanel3 no es válido.
Línea 2320: el nombre de la propiedad _ExtentY de SSPanel3 no es válido.
Línea 2321: el nombre de la propiedad _StockProps de SSPanel3 no es válido.
Línea 2331: el nombre de la propiedad BevelOuter de SSPanel3 no es válido.
Línea 2338: el nombre de la propiedad _Version de pnl_Client no es válido.
Línea 2339: el nombre de la propiedad _ExtentX de pnl_Client no es válido.
Línea 2340: el nombre de la propiedad _ExtentY de pnl_Client no es válido.
Línea 2341: el nombre de la propiedad _StockProps de pnl_Client no es válido.
Línea 2342: el nombre de la propiedad Caption de pnl_Client no es válido.
Línea 2353: el nombre de la propiedad BevelOuter de pnl_Client no es válido.
Línea 2354: el nombre de la propiedad Font3D de pnl_Client no es válido.
Línea 2355: el nombre de la propiedad Alignment de pnl_Client no es válido.
Línea 2363: el nombre de la propiedad _Version de SSPanel16 no es válido.
Línea 2364: el nombre de la propiedad _ExtentX de SSPanel16 no es válido.
Línea 2365: el nombre de la propiedad _ExtentY de SSPanel16 no es válido.
Línea 2366: el nombre de la propiedad _StockProps de SSPanel16 no es válido.
Línea 2367: el nombre de la propiedad Caption de SSPanel16 no es válido.
Línea 2378: el nombre de la propiedad BevelOuter de SSPanel16 no es válido.
Línea 2379: el nombre de la propiedad Font3D de SSPanel16 no es válido.
Línea 2380: el nombre de la propiedad Alignment de SSPanel16 no es válido.
