Línea 746: la clase EditLib.fpDoubleSingle del control ipp_PreMin no era una clase de control cargada.
Línea 869: la clase EditLib.fpDoubleSingle del control ipp_PreMax no era una clase de control cargada.
Línea 965: la clase EditLib.fpDoubleSingle del control ipp_AreaMin no era una clase de control cargada.
Línea 1061: la clase EditLib.fpDoubleSingle del control ipp_AreaMax no era una clase de control cargada.
Línea 1157: la clase EditLib.fpDoubleSingle del control ipp_TotVen no era una clase de control cargada.
Línea 1253: la clase EditLib.fpDoubleSingle del control ipp_TotUni no era una clase de control cargada.
Línea 1349: la clase EditLib.fpDoubleSingle del control ipp_TotDisp no era una clase de control cargada.
Línea 1445: la clase EditLib.fpDoubleSingle del control ipp_Avance no era una clase de control cargada.
Línea 1541: la clase EditLib.fpDoubleSingle del control ipp_Dispon no era una clase de control cargada.
Línea 1637: la clase EditLib.fpDoubleSingle del control ipp_Partic no era una clase de control cargada.
Línea 1733: la clase EditLib.fpDoubleSingle del control ipp_Coloca no era una clase de control cargada.
Línea 1829: la clase EditLib.fpDoubleSingle del control ipp_NumEtapa no era una clase de control cargada.
Línea 1925: la clase EditLib.fpDateTime del control ipp_FecFin no era una clase de control cargada.
Línea 2032: la clase EditLib.fpDateTime del control ipp_FecIni no era una clase de control cargada.
Línea 2139: la clase EditLib.fpDoubleSingle del control ipp_Tasa no era una clase de control cargada.
Línea 2993: la clase EditLib.fpDoubleSingle del control ipp_TasaBco1 no era una clase de control cargada.
Línea 3089: la clase EditLib.fpDoubleSingle del control ipp_TasaBco2 no era una clase de control cargada.
Línea 3491: la clase EditLib.fpDateTime del control ipp_FecLim no era una clase de control cargada.
Línea 3598: la clase EditLib.fpDateTime del control ipp_FecInfInm no era una clase de control cargada.
Línea 3705: la clase EditLib.fpDateTime del control ipp_FecInfLeg no era una clase de control cargada.
Línea 3812: la clase EditLib.fpDateTime del control ipp_FecRevApr no era una clase de control cargada.
