Línea 21: la clase Threed.SSPanel del control SSPanel1 no era una clase de control cargada.
Línea 40: la clase Threed.SSPanel del control SSPanel2 no era una clase de control cargada.
Línea 80: la clase TabDlg.SSTab del control tab_Princi no era una clase de control cargada.
Línea 292: la clase MSFlexGridLib.MSFlexGrid del control grd_Aut_Listad no era una clase de control cargada.
Línea 310: la clase Threed.SSPanel del control SSPanel19 no era una clase de control cargada.
Línea 336: la clase Threed.SSPanel del control SSPanel18 no era una clase de control cargada.
Línea 575: la clase MSFlexGridLib.MSFlexGrid del control grd_Inv_Listad no era una clase de control cargada.
Línea 593: la clase Threed.SSPanel del control SSPanel8 no era una clase de control cargada.
Línea 619: la clase Threed.SSPanel del control SSPanel4 no era una clase de control cargada.
Línea 645: la clase Threed.SSPanel del control SSPanel5 no era una clase de control cargada.
Línea 671: la clase Threed.SSPanel del control SSPanel6 no era una clase de control cargada.
Línea 697: la clase Threed.SSPanel del control SSPanel7 no era una clase de control cargada.
Línea 720: la clase EditLib.fpDoubleSingle del control ipp_Inv_SalAct no era una clase de control cargada.
Línea 816: la clase Threed.SSPanel del control SSPanel9 no era una clase de control cargada.
Línea 839: la clase MSFlexGridLib.MSFlexGrid del control grd_Inm_Listad no era una clase de control cargada.
Línea 857: la clase Threed.SSPanel del control SSPanel10 no era una clase de control cargada.
Línea 883: la clase Threed.SSPanel del control SSPanel11 no era una clase de control cargada.
Línea 909: la clase Threed.SSPanel del control SSPanel12 no era una clase de control cargada.
Línea 935: la clase Threed.SSPanel del control SSPanel13 no era una clase de control cargada.
Línea 961: la clase Threed.SSPanel del control SSPanel14 no era una clase de control cargada.
Línea 984: la clase EditLib.fpDoubleSingle del control ipp_Inm_ImpVal no era una clase de control cargada.
Línea 1080: la clase Threed.SSPanel del control SSPanel15 no era una clase de control cargada.
Línea 1103: la clase EditLib.fpDateTime del control ipp_Inm_FecAdq no era una clase de control cargada.
Línea 1210: la clase Threed.SSPanel del control SSPanel17 no era una clase de control cargada.
Línea 1236: la clase Threed.SSPanel del control SSPanel20 no era una clase de control cargada.
Línea 1259: la clase EditLib.fpDoubleSingle del control ipp_Aut_ImpVal no era una clase de control cargada.
Línea 1355: la clase Threed.SSPanel del control SSPanel21 no era una clase de control cargada.
Línea 1378: la clase Threed.SSPanel del control SSPanel16 no era una clase de control cargada.
Línea 1404: la clase Threed.SSPanel del control SSPanel22 no era una clase de control cargada.
Línea 1430: la clase EditLib.fpLongInteger del control ipp_Aut_AnoFab no era una clase de control cargada.
Línea 1521: la clase MSFlexGridLib.MSFlexGrid del control grd_Ens_Listad no era una clase de control cargada.
Línea 1539: la clase Threed.SSPanel del control SSPanel23 no era una clase de control cargada.
Línea 1565: la clase Threed.SSPanel del control SSPanel25 no era una clase de control cargada.
Línea 1591: la clase Threed.SSPanel del control SSPanel26 no era una clase de control cargada.
Línea 1614: la clase EditLib.fpDoubleSingle del control ipp_Ens_ImpVal no era una clase de control cargada.
Línea 1710: la clase Threed.SSPanel del control SSPanel27 no era una clase de control cargada.
Línea 1846: la clase Threed.SSPanel del control SSPanel24 no era una clase de control cargada.
Línea 1870: la clase Threed.SSPanel del control SSPanel3 no era una clase de control cargada.
Línea 1890: la clase Threed.SSPanel del control pnl_Client no era una clase de control cargada.
Línea 1915: la clase Threed.SSPanel del control SSPanel28 no era una clase de control cargada.
Línea 27: el nombre de la propiedad _Version de SSPanel1 no es válido.
Línea 28: el nombre de la propiedad _ExtentX de SSPanel1 no es válido.
Línea 29: el nombre de la propiedad _ExtentY de SSPanel1 no es válido.
Línea 30: el nombre de la propiedad _StockProps de SSPanel1 no es válido.
Línea 46: el nombre de la propiedad _Version de SSPanel2 no es válido.
Línea 47: el nombre de la propiedad _ExtentX de SSPanel2 no es válido.
Línea 48: el nombre de la propiedad _ExtentY de SSPanel2 no es válido.
Línea 49: el nombre de la propiedad _StockProps de SSPanel2 no es válido.
Línea 59: el nombre de la propiedad BevelOuter de SSPanel2 no es válido.
Línea 86: el nombre de la propiedad _ExtentX de tab_Princi no es válido.
Línea 87: el nombre de la propiedad _ExtentY de tab_Princi no es válido.
Línea 88: el nombre de la propiedad _Version de tab_Princi no es válido.
Línea 89: el nombre de la propiedad Style de tab_Princi no es válido.
Línea 90: el nombre de la propiedad Tabs de tab_Princi no es válido.
Línea 91: el nombre de la propiedad Tab de tab_Princi no es válido.
Línea 92: el nombre de la propiedad TabsPerRow de tab_Princi no es válido.
Línea 93: el nombre de la propiedad TabHeight de tab_Princi no es válido.
Línea 94: el nombre de la propiedad TabCaption(0) de tab_Princi no es válido.
Línea 95: el nombre de la propiedad TabPicture(0) de tab_Princi no es válido.
Línea 96: el nombre de la propiedad Tab(0).ControlEnabled de tab_Princi no es válido.
Línea 97: el nombre de la propiedad Tab(0).Control(0) de tab_Princi no es válido.
Línea 98: el nombre de la propiedad Tab(0).Control(1) de tab_Princi no es válido.
Línea 99: el nombre de la propiedad Tab(0).Control(2) de tab_Princi no es válido.
Línea 100: el nombre de la propiedad Tab(0).Control(3) de tab_Princi no es válido.
Línea 101: el nombre de la propiedad Tab(0).Control(4) de tab_Princi no es válido.
Línea 102: el nombre de la propiedad Tab(0).Control(5) de tab_Princi no es válido.
Línea 103: el nombre de la propiedad Tab(0).Control(6) de tab_Princi no es válido.
Línea 104: el nombre de la propiedad Tab(0).Control(7) de tab_Princi no es válido.
Línea 105: el nombre de la propiedad Tab(0).Control(8) de tab_Princi no es válido.
Línea 106: el nombre de la propiedad Tab(0).Control(9) de tab_Princi no es válido.
Línea 107: el nombre de la propiedad Tab(0).Control(10) de tab_Princi no es válido.
Línea 108: el nombre de la propiedad Tab(0).Control(11) de tab_Princi no es válido.
Línea 109: el nombre de la propiedad Tab(0).Control(12) de tab_Princi no es válido.
Línea 110: el nombre de la propiedad Tab(0).Control(13) de tab_Princi no es válido.
Línea 111: el nombre de la propiedad Tab(0).Control(14) de tab_Princi no es válido.
Línea 112: el nombre de la propiedad Tab(0).Control(15) de tab_Princi no es válido.
Línea 113: el nombre de la propiedad Tab(0).Control(16) de tab_Princi no es válido.
Línea 114: el nombre de la propiedad Tab(0).Control(17) de tab_Princi no es válido.
Línea 115: el nombre de la propiedad Tab(0).Control(18) de tab_Princi no es válido.
Línea 116: el nombre de la propiedad Tab(0).Control(19) de tab_Princi no es válido.
Línea 117: el nombre de la propiedad Tab(0).Control(20) de tab_Princi no es válido.
Línea 118: el nombre de la propiedad Tab(0).ControlCount de tab_Princi no es válido.
Línea 119: el nombre de la propiedad TabCaption(1) de tab_Princi no es válido.
Línea 120: el nombre de la propiedad TabPicture(1) de tab_Princi no es válido.
Línea 121: el nombre de la propiedad Tab(1).ControlEnabled de tab_Princi no es válido.
Línea 122: el nombre de la propiedad Tab(1).Control(0) de tab_Princi no es válido.
Línea 123: el nombre de la propiedad Tab(1).Control(0).Enabled de tab_Princi no es válido.
Línea 124: el nombre de la propiedad Tab(1).Control(1) de tab_Princi no es válido.
Línea 125: el nombre de la propiedad Tab(1).Control(1).Enabled de tab_Princi no es válido.
Línea 126: el nombre de la propiedad Tab(1).Control(2) de tab_Princi no es válido.
Línea 127: el nombre de la propiedad Tab(1).Control(2).Enabled de tab_Princi no es válido.
Línea 128: el nombre de la propiedad Tab(1).Control(3) de tab_Princi no es válido.
Línea 129: el nombre de la propiedad Tab(1).Control(3).Enabled de tab_Princi no es válido.
Línea 130: el nombre de la propiedad Tab(1).Control(4) de tab_Princi no es válido.
Línea 131: el nombre de la propiedad Tab(1).Control(4).Enabled de tab_Princi no es válido.
Línea 132: el nombre de la propiedad Tab(1).Control(5) de tab_Princi no es válido.
Línea 133: el nombre de la propiedad Tab(1).Control(5).Enabled de tab_Princi no es válido.
Línea 134: el nombre de la propiedad Tab(1).Control(6) de tab_Princi no es válido.
Línea 135: el nombre de la propiedad Tab(1).Control(6).Enabled de tab_Princi no es válido.
Línea 136: el nombre de la propiedad Tab(1).Control(7) de tab_Princi no es válido.
Línea 137: el nombre de la propiedad Tab(1).Control(7).Enabled de tab_Princi no es válido.
Línea 138: el nombre de la propiedad Tab(1).Control(8) de tab_Princi no es válido.
Línea 139: el nombre de la propiedad Tab(1).Control(8).Enabled de tab_Princi no es válido.
Línea 140: el nombre de la propiedad Tab(1).Control(9) de tab_Princi no es válido.
Línea 141: el nombre de la propiedad Tab(1).Control(9).Enabled de tab_Princi no es válido.
Línea 142: el nombre de la propiedad Tab(1).Control(10) de tab_Princi no es válido.
Línea 143: el nombre de la propiedad Tab(1).Control(10).Enabled de tab_Princi no es válido.
Línea 144: el nombre de la propiedad Tab(1).Control(11) de tab_Princi no es válido.
Línea 145: el nombre de la propiedad Tab(1).Control(11).Enabled de tab_Princi no es válido.
Línea 146: el nombre de la propiedad Tab(1).Control(12) de tab_Princi no es válido.
Línea 147: el nombre de la propiedad Tab(1).Control(12).Enabled de tab_Princi no es válido.
Línea 148: el nombre de la propiedad Tab(1).Control(13) de tab_Princi no es válido.
Línea 149: el nombre de la propiedad Tab(1).Control(13).Enabled de tab_Princi no es válido.
Línea 150: el nombre de la propiedad Tab(1).Control(14) de tab_Princi no es válido.
Línea 151: el nombre de la propiedad Tab(1).Control(14).Enabled de tab_Princi no es válido.
Línea 152: el nombre de la propiedad Tab(1).Control(15) de tab_Princi no es válido.
Línea 153: el nombre de la propiedad Tab(1).Control(15).Enabled de tab_Princi no es válido.
Línea 154: el nombre de la propiedad Tab(1).Control(16) de tab_Princi no es válido.
Línea 155: el nombre de la propiedad Tab(1).Control(16).Enabled de tab_Princi no es válido.
Línea 156: el nombre de la propiedad Tab(1).Control(17) de tab_Princi no es válido.
Línea 157: el nombre de la propiedad Tab(1).Control(17).Enabled de tab_Princi no es válido.
Línea 158: el nombre de la propiedad Tab(1).Control(18) de tab_Princi no es válido.
Línea 159: el nombre de la propiedad Tab(1).Control(18).Enabled de tab_Princi no es válido.
Línea 160: el nombre de la propiedad Tab(1).Control(19) de tab_Princi no es válido.
Línea 161: el nombre de la propiedad Tab(1).Control(19).Enabled de tab_Princi no es válido.
Línea 162: el nombre de la propiedad Tab(1).Control(20) de tab_Princi no es válido.
Línea 163: el nombre de la propiedad Tab(1).Control(20).Enabled de tab_Princi no es válido.
Línea 164: el nombre de la propiedad Tab(1).ControlCount de tab_Princi no es válido.
Línea 165: el nombre de la propiedad TabCaption(2) de tab_Princi no es válido.
Línea 166: el nombre de la propiedad TabPicture(2) de tab_Princi no es válido.
Línea 167: el nombre de la propiedad Tab(2).ControlEnabled de tab_Princi no es válido.
Línea 168: el nombre de la propiedad Tab(2).Control(0) de tab_Princi no es válido.
Línea 169: el nombre de la propiedad Tab(2).Control(1) de tab_Princi no es válido.
Línea 170: el nombre de la propiedad Tab(2).Control(2) de tab_Princi no es válido.
Línea 171: el nombre de la propiedad Tab(2).Control(3) de tab_Princi no es válido.
Línea 172: el nombre de la propiedad Tab(2).Control(4) de tab_Princi no es válido.
Línea 173: el nombre de la propiedad Tab(2).Control(5) de tab_Princi no es válido.
Línea 174: el nombre de la propiedad Tab(2).Control(6) de tab_Princi no es válido.
Línea 175: el nombre de la propiedad Tab(2).Control(7) de tab_Princi no es válido.
Línea 176: el nombre de la propiedad Tab(2).Control(8) de tab_Princi no es válido.
Línea 177: el nombre de la propiedad Tab(2).Control(9) de tab_Princi no es válido.
Línea 178: el nombre de la propiedad Tab(2).Control(10) de tab_Princi no es válido.
Línea 179: el nombre de la propiedad Tab(2).Control(11) de tab_Princi no es válido.
Línea 180: el nombre de la propiedad Tab(2).Control(12) de tab_Princi no es válido.
Línea 181: el nombre de la propiedad Tab(2).Control(13) de tab_Princi no es válido.
Línea 182: el nombre de la propiedad Tab(2).Control(14) de tab_Princi no es válido.
Línea 183: el nombre de la propiedad Tab(2).Control(15) de tab_Princi no es válido.
Línea 184: el nombre de la propiedad Tab(2).Control(16) de tab_Princi no es válido.
Línea 185: el nombre de la propiedad Tab(2).Control(17) de tab_Princi no es válido.
Línea 186: el nombre de la propiedad Tab(2).Control(18) de tab_Princi no es válido.
Línea 187: el nombre de la propiedad Tab(2).Control(19) de tab_Princi no es válido.
Línea 188: el nombre de la propiedad Tab(2).Control(20) de tab_Princi no es válido.
Línea 189: el nombre de la propiedad Tab(2).Control(21) de tab_Princi no es válido.
Línea 190: el nombre de la propiedad Tab(2).ControlCount de tab_Princi no es válido.
Línea 191: el nombre de la propiedad TabCaption(3) de tab_Princi no es válido.
Línea 192: el nombre de la propiedad TabPicture(3) de tab_Princi no es válido.
Línea 193: el nombre de la propiedad Tab(3).ControlEnabled de tab_Princi no es válido.
Línea 194: el nombre de la propiedad Tab(3).Control(0) de tab_Princi no es válido.
Línea 195: el nombre de la propiedad Tab(3).Control(1) de tab_Princi no es válido.
Línea 196: el nombre de la propiedad Tab(3).Control(2) de tab_Princi no es válido.
Línea 197: el nombre de la propiedad Tab(3).Control(3) de tab_Princi no es válido.
Línea 198: el nombre de la propiedad Tab(3).Control(4) de tab_Princi no es válido.
Línea 199: el nombre de la propiedad Tab(3).Control(5) de tab_Princi no es válido.
Línea 200: el nombre de la propiedad Tab(3).Control(6) de tab_Princi no es válido.
Línea 201: el nombre de la propiedad Tab(3).Control(7) de tab_Princi no es válido.
Línea 202: el nombre de la propiedad Tab(3).Control(8) de tab_Princi no es válido.
Línea 203: el nombre de la propiedad Tab(3).Control(9) de tab_Princi no es válido.
Línea 204: el nombre de la propiedad Tab(3).Control(10) de tab_Princi no es válido.
Línea 205: el nombre de la propiedad Tab(3).Control(11) de tab_Princi no es válido.
Línea 206: el nombre de la propiedad Tab(3).Control(12) de tab_Princi no es válido.
Línea 207: el nombre de la propiedad Tab(3).Control(13) de tab_Princi no es válido.
Línea 208: el nombre de la propiedad Tab(3).Control(14) de tab_Princi no es válido.
Línea 209: el nombre de la propiedad Tab(3).ControlCount de tab_Princi no es válido.
Línea 298: el nombre de la propiedad _ExtentX de grd_Aut_Listad no es válido.
Línea 299: el nombre de la propiedad _ExtentY de grd_Aut_Listad no es válido.
Línea 300: el nombre de la propiedad _Version de grd_Aut_Listad no es válido.
Línea 301: el nombre de la propiedad Rows de grd_Aut_Listad no es válido.
Línea 302: el nombre de la propiedad Cols de grd_Aut_Listad no es válido.
Línea 303: el nombre de la propiedad FixedRows de grd_Aut_Listad no es válido.
Línea 304: el nombre de la propiedad FixedCols de grd_Aut_Listad no es válido.
Línea 305: el nombre de la propiedad BackColorSel de grd_Aut_Listad no es válido.
Línea 306: el nombre de la propiedad FocusRect de grd_Aut_Listad no es válido.
Línea 307: el nombre de la propiedad ScrollBars de grd_Aut_Listad no es válido.
Línea 308: el nombre de la propiedad SelectionMode de grd_Aut_Listad no es válido.
Línea 316: el nombre de la propiedad _Version de SSPanel19 no es válido.
Línea 317: el nombre de la propiedad _ExtentX de SSPanel19 no es válido.
Línea 318: el nombre de la propiedad _ExtentY de SSPanel19 no es válido.
Línea 319: el nombre de la propiedad _StockProps de SSPanel19 no es válido.
Línea 320: el nombre de la propiedad Caption de SSPanel19 no es válido.
Línea 332: el nombre de la propiedad BevelOuter de SSPanel19 no es válido.
Línea 333: el nombre de la propiedad RoundedCorners de SSPanel19 no es válido.
Línea 334: el nombre de la propiedad Outline de SSPanel19 no es válido.
Línea 342: el nombre de la propiedad _Version de SSPanel18 no es válido.
Línea 343: el nombre de la propiedad _ExtentX de SSPanel18 no es válido.
Línea 344: el nombre de la propiedad _ExtentY de SSPanel18 no es válido.
Línea 345: el nombre de la propiedad _StockProps de SSPanel18 no es válido.
Línea 346: el nombre de la propiedad Caption de SSPanel18 no es válido.
Línea 358: el nombre de la propiedad BevelOuter de SSPanel18 no es válido.
Línea 359: el nombre de la propiedad RoundedCorners de SSPanel18 no es válido.
Línea 360: el nombre de la propiedad Outline de SSPanel18 no es válido.
Línea 581: el nombre de la propiedad _ExtentX de grd_Inv_Listad no es válido.
Línea 582: el nombre de la propiedad _ExtentY de grd_Inv_Listad no es válido.
Línea 583: el nombre de la propiedad _Version de grd_Inv_Listad no es válido.
Línea 584: el nombre de la propiedad Rows de grd_Inv_Listad no es válido.
Línea 585: el nombre de la propiedad Cols de grd_Inv_Listad no es válido.
Línea 586: el nombre de la propiedad FixedRows de grd_Inv_Listad no es válido.
Línea 587: el nombre de la propiedad FixedCols de grd_Inv_Listad no es válido.
Línea 588: el nombre de la propiedad BackColorSel de grd_Inv_Listad no es válido.
Línea 589: el nombre de la propiedad FocusRect de grd_Inv_Listad no es válido.
Línea 590: el nombre de la propiedad ScrollBars de grd_Inv_Listad no es válido.
Línea 591: el nombre de la propiedad SelectionMode de grd_Inv_Listad no es válido.
Línea 599: el nombre de la propiedad _Version de SSPanel8 no es válido.
Línea 600: el nombre de la propiedad _ExtentX de SSPanel8 no es válido.
Línea 601: el nombre de la propiedad _ExtentY de SSPanel8 no es válido.
Línea 602: el nombre de la propiedad _StockProps de SSPanel8 no es válido.
Línea 603: el nombre de la propiedad Caption de SSPanel8 no es válido.
Línea 615: el nombre de la propiedad BevelOuter de SSPanel8 no es válido.
Línea 616: el nombre de la propiedad RoundedCorners de SSPanel8 no es válido.
Línea 617: el nombre de la propiedad Outline de SSPanel8 no es válido.
Línea 625: el nombre de la propiedad _Version de SSPanel4 no es válido.
Línea 626: el nombre de la propiedad _ExtentX de SSPanel4 no es válido.
Línea 627: el nombre de la propiedad _ExtentY de SSPanel4 no es válido.
Línea 628: el nombre de la propiedad _StockProps de SSPanel4 no es válido.
Línea 629: el nombre de la propiedad Caption de SSPanel4 no es válido.
Línea 641: el nombre de la propiedad BevelOuter de SSPanel4 no es válido.
Línea 642: el nombre de la propiedad RoundedCorners de SSPanel4 no es válido.
Línea 643: el nombre de la propiedad Outline de SSPanel4 no es válido.
Línea 651: el nombre de la propiedad _Version de SSPanel5 no es válido.
Línea 652: el nombre de la propiedad _ExtentX de SSPanel5 no es válido.
Línea 653: el nombre de la propiedad _ExtentY de SSPanel5 no es válido.
Línea 654: el nombre de la propiedad _StockProps de SSPanel5 no es válido.
Línea 655: el nombre de la propiedad Caption de SSPanel5 no es válido.
Línea 667: el nombre de la propiedad BevelOuter de SSPanel5 no es válido.
Línea 668: el nombre de la propiedad RoundedCorners de SSPanel5 no es válido.
Línea 669: el nombre de la propiedad Outline de SSPanel5 no es válido.
Línea 677: el nombre de la propiedad _Version de SSPanel6 no es válido.
Línea 678: el nombre de la propiedad _ExtentX de SSPanel6 no es válido.
Línea 679: el nombre de la propiedad _ExtentY de SSPanel6 no es válido.
Línea 680: el nombre de la propiedad _StockProps de SSPanel6 no es válido.
Línea 681: el nombre de la propiedad Caption de SSPanel6 no es válido.
Línea 693: el nombre de la propiedad BevelOuter de SSPanel6 no es válido.
Línea 694: el nombre de la propiedad RoundedCorners de SSPanel6 no es válido.
Línea 695: el nombre de la propiedad Outline de SSPanel6 no es válido.
Línea 703: el nombre de la propiedad _Version de SSPanel7 no es válido.
Línea 704: el nombre de la propiedad _ExtentX de SSPanel7 no es válido.
Línea 705: el nombre de la propiedad _ExtentY de SSPanel7 no es válido.
Línea 706: el nombre de la propiedad _StockProps de SSPanel7 no es válido.
Línea 716: el nombre de la propiedad BorderWidth de SSPanel7 no es válido.
Línea 717: el nombre de la propiedad BevelOuter de SSPanel7 no es válido.
Línea 718: el nombre de la propiedad BevelInner de SSPanel7 no es válido.
Línea 726: el nombre de la propiedad _Version de ipp_Inv_SalAct no es válido.
Línea 727: el nombre de la propiedad _ExtentX de ipp_Inv_SalAct no es válido.
Línea 728: el nombre de la propiedad _ExtentY de ipp_Inv_SalAct no es válido.
Línea 731: el nombre de la propiedad Object.TabStop de ipp_Inv_SalAct no es válido.
Línea 743: el nombre de la propiedad ThreeDInsideStyle de ipp_Inv_SalAct no es válido.
Línea 744: el nombre de la propiedad ThreeDInsideHighlightColor de ipp_Inv_SalAct no es válido.
Línea 745: el nombre de la propiedad ThreeDInsideShadowColor de ipp_Inv_SalAct no es válido.
Línea 746: el nombre de la propiedad ThreeDInsideWidth de ipp_Inv_SalAct no es válido.
Línea 747: el nombre de la propiedad ThreeDOutsideStyle de ipp_Inv_SalAct no es válido.
Línea 748: el nombre de la propiedad ThreeDOutsideHighlightColor de ipp_Inv_SalAct no es válido.
Línea 749: el nombre de la propiedad ThreeDOutsideShadowColor de ipp_Inv_SalAct no es válido.
Línea 750: el nombre de la propiedad ThreeDOutsideWidth de ipp_Inv_SalAct no es válido.
Línea 751: el nombre de la propiedad ThreeDFrameWidth de ipp_Inv_SalAct no es válido.
Línea 753: el nombre de la propiedad BorderColor de ipp_Inv_SalAct no es válido.
Línea 754: el nombre de la propiedad BorderWidth de ipp_Inv_SalAct no es válido.
Línea 755: el nombre de la propiedad ButtonDisable de ipp_Inv_SalAct no es válido.
Línea 756: el nombre de la propiedad ButtonHide de ipp_Inv_SalAct no es válido.
Línea 757: el nombre de la propiedad ButtonIncrement de ipp_Inv_SalAct no es válido.
Línea 758: el nombre de la propiedad ButtonMin de ipp_Inv_SalAct no es válido.
Línea 759: el nombre de la propiedad ButtonMax de ipp_Inv_SalAct no es válido.
Línea 760: el nombre de la propiedad ButtonStyle de ipp_Inv_SalAct no es válido.
Línea 761: el nombre de la propiedad ButtonWidth de ipp_Inv_SalAct no es válido.
Línea 762: el nombre de la propiedad ButtonWrap de ipp_Inv_SalAct no es válido.
Línea 763: el nombre de la propiedad ButtonDefaultAction de ipp_Inv_SalAct no es válido.
Línea 764: el nombre de la propiedad ThreeDText de ipp_Inv_SalAct no es válido.
Línea 765: el nombre de la propiedad ThreeDTextHighlightColor de ipp_Inv_SalAct no es válido.
Línea 766: el nombre de la propiedad ThreeDTextShadowColor de ipp_Inv_SalAct no es válido.
Línea 767: el nombre de la propiedad ThreeDTextOffset de ipp_Inv_SalAct no es válido.
Línea 768: el nombre de la propiedad AlignTextH de ipp_Inv_SalAct no es válido.
Línea 769: el nombre de la propiedad AlignTextV de ipp_Inv_SalAct no es válido.
Línea 770: el nombre de la propiedad AllowNull de ipp_Inv_SalAct no es válido.
Línea 771: el nombre de la propiedad NoSpecialKeys de ipp_Inv_SalAct no es válido.
Línea 772: el nombre de la propiedad AutoAdvance de ipp_Inv_SalAct no es válido.
Línea 773: el nombre de la propiedad AutoBeep de ipp_Inv_SalAct no es válido.
Línea 774: el nombre de la propiedad CaretInsert de ipp_Inv_SalAct no es válido.
Línea 775: el nombre de la propiedad CaretOverWrite de ipp_Inv_SalAct no es válido.
Línea 776: el nombre de la propiedad UserEntry de ipp_Inv_SalAct no es válido.
Línea 777: el nombre de la propiedad HideSelection de ipp_Inv_SalAct no es válido.
Línea 778: el nombre de la propiedad InvalidColor de ipp_Inv_SalAct no es válido.
Línea 779: el nombre de la propiedad InvalidOption de ipp_Inv_SalAct no es válido.
Línea 780: el nombre de la propiedad MarginLeft de ipp_Inv_SalAct no es válido.
Línea 781: el nombre de la propiedad MarginTop de ipp_Inv_SalAct no es válido.
Línea 782: el nombre de la propiedad MarginRight de ipp_Inv_SalAct no es válido.
Línea 783: el nombre de la propiedad MarginBottom de ipp_Inv_SalAct no es válido.
Línea 784: el nombre de la propiedad NullColor de ipp_Inv_SalAct no es válido.
Línea 785: el nombre de la propiedad OnFocusAlignH de ipp_Inv_SalAct no es válido.
Línea 786: el nombre de la propiedad OnFocusAlignV de ipp_Inv_SalAct no es válido.
Línea 787: el nombre de la propiedad OnFocusNoSelect de ipp_Inv_SalAct no es válido.
Línea 788: el nombre de la propiedad OnFocusPosition de ipp_Inv_SalAct no es válido.
Línea 789: el nombre de la propiedad ControlType de ipp_Inv_SalAct no es válido.
Línea 790: el nombre de la propiedad Text de ipp_Inv_SalAct no es válido.
Línea 791: el nombre de la propiedad DecimalPlaces de ipp_Inv_SalAct no es válido.
Línea 792: el nombre de la propiedad DecimalPoint de ipp_Inv_SalAct no es válido.
Línea 793: el nombre de la propiedad FixedPoint de ipp_Inv_SalAct no es válido.
Línea 794: el nombre de la propiedad LeadZero de ipp_Inv_SalAct no es válido.
Línea 795: el nombre de la propiedad MaxValue de ipp_Inv_SalAct no es válido.
Línea 796: el nombre de la propiedad MinValue de ipp_Inv_SalAct no es válido.
Línea 797: el nombre de la propiedad NegFormat de ipp_Inv_SalAct no es válido.
Línea 798: el nombre de la propiedad NegToggle de ipp_Inv_SalAct no es válido.
Línea 799: el nombre de la propiedad Separator de ipp_Inv_SalAct no es válido.
Línea 800: el nombre de la propiedad UseSeparator de ipp_Inv_SalAct no es válido.
Línea 801: el nombre de la propiedad IncInt de ipp_Inv_SalAct no es válido.
Línea 802: el nombre de la propiedad IncDec de ipp_Inv_SalAct no es válido.
Línea 803: el nombre de la propiedad BorderGrayAreaColor de ipp_Inv_SalAct no es válido.
Línea 804: el nombre de la propiedad ThreeDOnFocusInvert de ipp_Inv_SalAct no es válido.
Línea 805: el nombre de la propiedad ThreeDFrameColor de ipp_Inv_SalAct no es válido.
Línea 807: el nombre de la propiedad BorderDropShadow de ipp_Inv_SalAct no es válido.
Línea 808: el nombre de la propiedad BorderDropShadowColor de ipp_Inv_SalAct no es válido.
Línea 809: el nombre de la propiedad BorderDropShadowWidth de ipp_Inv_SalAct no es válido.
Línea 810: el nombre de la propiedad ButtonColor de ipp_Inv_SalAct no es válido.
Línea 811: el nombre de la propiedad AutoMenu de ipp_Inv_SalAct no es válido.
Línea 812: el nombre de la propiedad ButtonAlign de ipp_Inv_SalAct no es válido.
Línea 822: el nombre de la propiedad _Version de SSPanel9 no es válido.
Línea 823: el nombre de la propiedad _ExtentX de SSPanel9 no es válido.
Línea 824: el nombre de la propiedad _ExtentY de SSPanel9 no es válido.
Línea 825: el nombre de la propiedad _StockProps de SSPanel9 no es válido.
Línea 835: el nombre de la propiedad BorderWidth de SSPanel9 no es válido.
Línea 836: el nombre de la propiedad BevelOuter de SSPanel9 no es válido.
Línea 837: el nombre de la propiedad BevelInner de SSPanel9 no es válido.
Línea 845: el nombre de la propiedad _ExtentX de grd_Inm_Listad no es válido.
Línea 846: el nombre de la propiedad _ExtentY de grd_Inm_Listad no es válido.
Línea 847: el nombre de la propiedad _Version de grd_Inm_Listad no es válido.
Línea 848: el nombre de la propiedad Rows de grd_Inm_Listad no es válido.
Línea 849: el nombre de la propiedad Cols de grd_Inm_Listad no es válido.
Línea 850: el nombre de la propiedad FixedRows de grd_Inm_Listad no es válido.
Línea 851: el nombre de la propiedad FixedCols de grd_Inm_Listad no es válido.
Línea 852: el nombre de la propiedad BackColorSel de grd_Inm_Listad no es válido.
Línea 853: el nombre de la propiedad FocusRect de grd_Inm_Listad no es válido.
Línea 854: el nombre de la propiedad ScrollBars de grd_Inm_Listad no es válido.
Línea 855: el nombre de la propiedad SelectionMode de grd_Inm_Listad no es válido.
Línea 863: el nombre de la propiedad _Version de SSPanel10 no es válido.
Línea 864: el nombre de la propiedad _ExtentX de SSPanel10 no es válido.
Línea 865: el nombre de la propiedad _ExtentY de SSPanel10 no es válido.
Línea 866: el nombre de la propiedad _StockProps de SSPanel10 no es válido.
Línea 867: el nombre de la propiedad Caption de SSPanel10 no es válido.
Línea 879: el nombre de la propiedad BevelOuter de SSPanel10 no es válido.
Línea 880: el nombre de la propiedad RoundedCorners de SSPanel10 no es válido.
Línea 881: el nombre de la propiedad Outline de SSPanel10 no es válido.
Línea 889: el nombre de la propiedad _Version de SSPanel11 no es válido.
Línea 890: el nombre de la propiedad _ExtentX de SSPanel11 no es válido.
Línea 891: el nombre de la propiedad _ExtentY de SSPanel11 no es válido.
Línea 892: el nombre de la propiedad _StockProps de SSPanel11 no es válido.
Línea 893: el nombre de la propiedad Caption de SSPanel11 no es válido.
Línea 905: el nombre de la propiedad BevelOuter de SSPanel11 no es válido.
Línea 906: el nombre de la propiedad RoundedCorners de SSPanel11 no es válido.
Línea 907: el nombre de la propiedad Outline de SSPanel11 no es válido.
Línea 915: el nombre de la propiedad _Version de SSPanel12 no es válido.
Línea 916: el nombre de la propiedad _ExtentX de SSPanel12 no es válido.
Línea 917: el nombre de la propiedad _ExtentY de SSPanel12 no es válido.
Línea 918: el nombre de la propiedad _StockProps de SSPanel12 no es válido.
Línea 919: el nombre de la propiedad Caption de SSPanel12 no es válido.
Línea 931: el nombre de la propiedad BevelOuter de SSPanel12 no es válido.
Línea 932: el nombre de la propiedad RoundedCorners de SSPanel12 no es válido.
Línea 933: el nombre de la propiedad Outline de SSPanel12 no es válido.
Línea 941: el nombre de la propiedad _Version de SSPanel13 no es válido.
Línea 942: el nombre de la propiedad _ExtentX de SSPanel13 no es válido.
Línea 943: el nombre de la propiedad _ExtentY de SSPanel13 no es válido.
Línea 944: el nombre de la propiedad _StockProps de SSPanel13 no es válido.
Línea 945: el nombre de la propiedad Caption de SSPanel13 no es válido.
Línea 957: el nombre de la propiedad BevelOuter de SSPanel13 no es válido.
Línea 958: el nombre de la propiedad RoundedCorners de SSPanel13 no es válido.
Línea 959: el nombre de la propiedad Outline de SSPanel13 no es válido.
Línea 967: el nombre de la propiedad _Version de SSPanel14 no es válido.
Línea 968: el nombre de la propiedad _ExtentX de SSPanel14 no es válido.
Línea 969: el nombre de la propiedad _ExtentY de SSPanel14 no es válido.
Línea 970: el nombre de la propiedad _StockProps de SSPanel14 no es válido.
Línea 980: el nombre de la propiedad BorderWidth de SSPanel14 no es válido.
Línea 981: el nombre de la propiedad BevelOuter de SSPanel14 no es válido.
Línea 982: el nombre de la propiedad BevelInner de SSPanel14 no es válido.
Línea 990: el nombre de la propiedad _Version de ipp_Inm_ImpVal no es válido.
Línea 991: el nombre de la propiedad _ExtentX de ipp_Inm_ImpVal no es válido.
Línea 992: el nombre de la propiedad _ExtentY de ipp_Inm_ImpVal no es válido.
Línea 995: el nombre de la propiedad Object.TabStop de ipp_Inm_ImpVal no es válido.
Línea 1007: el nombre de la propiedad ThreeDInsideStyle de ipp_Inm_ImpVal no es válido.
Línea 1008: el nombre de la propiedad ThreeDInsideHighlightColor de ipp_Inm_ImpVal no es válido.
Línea 1009: el nombre de la propiedad ThreeDInsideShadowColor de ipp_Inm_ImpVal no es válido.
Línea 1010: el nombre de la propiedad ThreeDInsideWidth de ipp_Inm_ImpVal no es válido.
Línea 1011: el nombre de la propiedad ThreeDOutsideStyle de ipp_Inm_ImpVal no es válido.
Línea 1012: el nombre de la propiedad ThreeDOutsideHighlightColor de ipp_Inm_ImpVal no es válido.
Línea 1013: el nombre de la propiedad ThreeDOutsideShadowColor de ipp_Inm_ImpVal no es válido.
Línea 1014: el nombre de la propiedad ThreeDOutsideWidth de ipp_Inm_ImpVal no es válido.
Línea 1015: el nombre de la propiedad ThreeDFrameWidth de ipp_Inm_ImpVal no es válido.
Línea 1017: el nombre de la propiedad BorderColor de ipp_Inm_ImpVal no es válido.
Línea 1018: el nombre de la propiedad BorderWidth de ipp_Inm_ImpVal no es válido.
Línea 1019: el nombre de la propiedad ButtonDisable de ipp_Inm_ImpVal no es válido.
Línea 1020: el nombre de la propiedad ButtonHide de ipp_Inm_ImpVal no es válido.
Línea 1021: el nombre de la propiedad ButtonIncrement de ipp_Inm_ImpVal no es válido.
Línea 1022: el nombre de la propiedad ButtonMin de ipp_Inm_ImpVal no es válido.
Línea 1023: el nombre de la propiedad ButtonMax de ipp_Inm_ImpVal no es válido.
Línea 1024: el nombre de la propiedad ButtonStyle de ipp_Inm_ImpVal no es válido.
Línea 1025: el nombre de la propiedad ButtonWidth de ipp_Inm_ImpVal no es válido.
Línea 1026: el nombre de la propiedad ButtonWrap de ipp_Inm_ImpVal no es válido.
Línea 1027: el nombre de la propiedad ButtonDefaultAction de ipp_Inm_ImpVal no es válido.
Línea 1028: el nombre de la propiedad ThreeDText de ipp_Inm_ImpVal no es válido.
Línea 1029: el nombre de la propiedad ThreeDTextHighlightColor de ipp_Inm_ImpVal no es válido.
Línea 1030: el nombre de la propiedad ThreeDTextShadowColor de ipp_Inm_ImpVal no es válido.
Línea 1031: el nombre de la propiedad ThreeDTextOffset de ipp_Inm_ImpVal no es válido.
Línea 1032: el nombre de la propiedad AlignTextH de ipp_Inm_ImpVal no es válido.
Línea 1033: el nombre de la propiedad AlignTextV de ipp_Inm_ImpVal no es válido.
Línea 1034: el nombre de la propiedad AllowNull de ipp_Inm_ImpVal no es válido.
Línea 1035: el nombre de la propiedad NoSpecialKeys de ipp_Inm_ImpVal no es válido.
Línea 1036: el nombre de la propiedad AutoAdvance de ipp_Inm_ImpVal no es válido.
Línea 1037: el nombre de la propiedad AutoBeep de ipp_Inm_ImpVal no es válido.
Línea 1038: el nombre de la propiedad CaretInsert de ipp_Inm_ImpVal no es válido.
Línea 1039: el nombre de la propiedad CaretOverWrite de ipp_Inm_ImpVal no es válido.
Línea 1040: el nombre de la propiedad UserEntry de ipp_Inm_ImpVal no es válido.
Línea 1041: el nombre de la propiedad HideSelection de ipp_Inm_ImpVal no es válido.
Línea 1042: el nombre de la propiedad InvalidColor de ipp_Inm_ImpVal no es válido.
Línea 1043: el nombre de la propiedad InvalidOption de ipp_Inm_ImpVal no es válido.
Línea 1044: el nombre de la propiedad MarginLeft de ipp_Inm_ImpVal no es válido.
Línea 1045: el nombre de la propiedad MarginTop de ipp_Inm_ImpVal no es válido.
Línea 1046: el nombre de la propiedad MarginRight de ipp_Inm_ImpVal no es válido.
Línea 1047: el nombre de la propiedad MarginBottom de ipp_Inm_ImpVal no es válido.
Línea 1048: el nombre de la propiedad NullColor de ipp_Inm_ImpVal no es válido.
Línea 1049: el nombre de la propiedad OnFocusAlignH de ipp_Inm_ImpVal no es válido.
Línea 1050: el nombre de la propiedad OnFocusAlignV de ipp_Inm_ImpVal no es válido.
Línea 1051: el nombre de la propiedad OnFocusNoSelect de ipp_Inm_ImpVal no es válido.
Línea 1052: el nombre de la propiedad OnFocusPosition de ipp_Inm_ImpVal no es válido.
Línea 1053: el nombre de la propiedad ControlType de ipp_Inm_ImpVal no es válido.
Línea 1054: el nombre de la propiedad Text de ipp_Inm_ImpVal no es válido.
Línea 1055: el nombre de la propiedad DecimalPlaces de ipp_Inm_ImpVal no es válido.
Línea 1056: el nombre de la propiedad DecimalPoint de ipp_Inm_ImpVal no es válido.
Línea 1057: el nombre de la propiedad FixedPoint de ipp_Inm_ImpVal no es válido.
Línea 1058: el nombre de la propiedad LeadZero de ipp_Inm_ImpVal no es válido.
Línea 1059: el nombre de la propiedad MaxValue de ipp_Inm_ImpVal no es válido.
Línea 1060: el nombre de la propiedad MinValue de ipp_Inm_ImpVal no es válido.
Línea 1061: el nombre de la propiedad NegFormat de ipp_Inm_ImpVal no es válido.
Línea 1062: el nombre de la propiedad NegToggle de ipp_Inm_ImpVal no es válido.
Línea 1063: el nombre de la propiedad Separator de ipp_Inm_ImpVal no es válido.
Línea 1064: el nombre de la propiedad UseSeparator de ipp_Inm_ImpVal no es válido.
Línea 1065: el nombre de la propiedad IncInt de ipp_Inm_ImpVal no es válido.
Línea 1066: el nombre de la propiedad IncDec de ipp_Inm_ImpVal no es válido.
Línea 1067: el nombre de la propiedad BorderGrayAreaColor de ipp_Inm_ImpVal no es válido.
Línea 1068: el nombre de la propiedad ThreeDOnFocusInvert de ipp_Inm_ImpVal no es válido.
Línea 1069: el nombre de la propiedad ThreeDFrameColor de ipp_Inm_ImpVal no es válido.
Línea 1071: el nombre de la propiedad BorderDropShadow de ipp_Inm_ImpVal no es válido.
Línea 1072: el nombre de la propiedad BorderDropShadowColor de ipp_Inm_ImpVal no es válido.
Línea 1073: el nombre de la propiedad BorderDropShadowWidth de ipp_Inm_ImpVal no es válido.
Línea 1074: el nombre de la propiedad ButtonColor de ipp_Inm_ImpVal no es válido.
Línea 1075: el nombre de la propiedad AutoMenu de ipp_Inm_ImpVal no es válido.
Línea 1076: el nombre de la propiedad ButtonAlign de ipp_Inm_ImpVal no es válido.
Línea 1086: el nombre de la propiedad _Version de SSPanel15 no es válido.
Línea 1087: el nombre de la propiedad _ExtentX de SSPanel15 no es válido.
Línea 1088: el nombre de la propiedad _ExtentY de SSPanel15 no es válido.
Línea 1089: el nombre de la propiedad _StockProps de SSPanel15 no es válido.
Línea 1099: el nombre de la propiedad BorderWidth de SSPanel15 no es válido.
Línea 1100: el nombre de la propiedad BevelOuter de SSPanel15 no es válido.
Línea 1101: el nombre de la propiedad BevelInner de SSPanel15 no es válido.
Línea 1109: el nombre de la propiedad _Version de ipp_Inm_FecAdq no es válido.
Línea 1110: el nombre de la propiedad _ExtentX de ipp_Inm_FecAdq no es válido.
Línea 1111: el nombre de la propiedad _ExtentY de ipp_Inm_FecAdq no es válido.
Línea 1114: el nombre de la propiedad Object.TabStop de ipp_Inm_FecAdq no es válido.
Línea 1126: el nombre de la propiedad ThreeDInsideStyle de ipp_Inm_FecAdq no es válido.
Línea 1127: el nombre de la propiedad ThreeDInsideHighlightColor de ipp_Inm_FecAdq no es válido.
Línea 1128: el nombre de la propiedad ThreeDInsideShadowColor de ipp_Inm_FecAdq no es válido.
Línea 1129: el nombre de la propiedad ThreeDInsideWidth de ipp_Inm_FecAdq no es válido.
Línea 1130: el nombre de la propiedad ThreeDOutsideStyle de ipp_Inm_FecAdq no es válido.
Línea 1131: el nombre de la propiedad ThreeDOutsideHighlightColor de ipp_Inm_FecAdq no es válido.
Línea 1132: el nombre de la propiedad ThreeDOutsideShadowColor de ipp_Inm_FecAdq no es válido.
Línea 1133: el nombre de la propiedad ThreeDOutsideWidth de ipp_Inm_FecAdq no es válido.
Línea 1134: el nombre de la propiedad ThreeDFrameWidth de ipp_Inm_FecAdq no es válido.
Línea 1136: el nombre de la propiedad BorderColor de ipp_Inm_FecAdq no es válido.
Línea 1137: el nombre de la propiedad BorderWidth de ipp_Inm_FecAdq no es válido.
Línea 1138: el nombre de la propiedad ButtonDisable de ipp_Inm_FecAdq no es válido.
Línea 1139: el nombre de la propiedad ButtonHide de ipp_Inm_FecAdq no es válido.
Línea 1140: el nombre de la propiedad ButtonIncrement de ipp_Inm_FecAdq no es válido.
Línea 1141: el nombre de la propiedad ButtonMin de ipp_Inm_FecAdq no es válido.
Línea 1142: el nombre de la propiedad ButtonMax de ipp_Inm_FecAdq no es válido.
Línea 1143: el nombre de la propiedad ButtonStyle de ipp_Inm_FecAdq no es válido.
Línea 1144: el nombre de la propiedad ButtonWidth de ipp_Inm_FecAdq no es válido.
Línea 1145: el nombre de la propiedad ButtonWrap de ipp_Inm_FecAdq no es válido.
Línea 1146: el nombre de la propiedad ButtonDefaultAction de ipp_Inm_FecAdq no es válido.
Línea 1147: el nombre de la propiedad ThreeDText de ipp_Inm_FecAdq no es válido.
Línea 1148: el nombre de la propiedad ThreeDTextHighlightColor de ipp_Inm_FecAdq no es válido.
Línea 1149: el nombre de la propiedad ThreeDTextShadowColor de ipp_Inm_FecAdq no es válido.
Línea 1150: el nombre de la propiedad ThreeDTextOffset de ipp_Inm_FecAdq no es válido.
Línea 1151: el nombre de la propiedad AlignTextH de ipp_Inm_FecAdq no es válido.
Línea 1152: el nombre de la propiedad AlignTextV de ipp_Inm_FecAdq no es válido.
Línea 1153: el nombre de la propiedad AllowNull de ipp_Inm_FecAdq no es válido.
Línea 1154: el nombre de la propiedad NoSpecialKeys de ipp_Inm_FecAdq no es válido.
Línea 1155: el nombre de la propiedad AutoAdvance de ipp_Inm_FecAdq no es válido.
Línea 1156: el nombre de la propiedad AutoBeep de ipp_Inm_FecAdq no es válido.
Línea 1157: el nombre de la propiedad CaretInsert de ipp_Inm_FecAdq no es válido.
Línea 1158: el nombre de la propiedad CaretOverWrite de ipp_Inm_FecAdq no es válido.
Línea 1159: el nombre de la propiedad UserEntry de ipp_Inm_FecAdq no es válido.
Línea 1160: el nombre de la propiedad HideSelection de ipp_Inm_FecAdq no es válido.
Línea 1161: el nombre de la propiedad InvalidColor de ipp_Inm_FecAdq no es válido.
Línea 1162: el nombre de la propiedad InvalidOption de ipp_Inm_FecAdq no es válido.
Línea 1163: el nombre de la propiedad MarginLeft de ipp_Inm_FecAdq no es válido.
Línea 1164: el nombre de la propiedad MarginTop de ipp_Inm_FecAdq no es válido.
Línea 1165: el nombre de la propiedad MarginRight de ipp_Inm_FecAdq no es válido.
Línea 1166: el nombre de la propiedad MarginBottom de ipp_Inm_FecAdq no es válido.
Línea 1167: el nombre de la propiedad NullColor de ipp_Inm_FecAdq no es válido.
Línea 1168: el nombre de la propiedad OnFocusAlignH de ipp_Inm_FecAdq no es válido.
Línea 1169: el nombre de la propiedad OnFocusAlignV de ipp_Inm_FecAdq no es válido.
Línea 1170: el nombre de la propiedad OnFocusNoSelect de ipp_Inm_FecAdq no es válido.
Línea 1171: el nombre de la propiedad OnFocusPosition de ipp_Inm_FecAdq no es válido.
Línea 1172: el nombre de la propiedad ControlType de ipp_Inm_FecAdq no es válido.
Línea 1173: el nombre de la propiedad Text de ipp_Inm_FecAdq no es válido.
Línea 1174: el nombre de la propiedad DateCalcMethod de ipp_Inm_FecAdq no es válido.
Línea 1175: el nombre de la propiedad DateTimeFormat de ipp_Inm_FecAdq no es válido.
Línea 1176: el nombre de la propiedad UserDefinedFormat de ipp_Inm_FecAdq no es válido.
Línea 1177: el nombre de la propiedad DateMax de ipp_Inm_FecAdq no es válido.
Línea 1178: el nombre de la propiedad DateMin de ipp_Inm_FecAdq no es válido.
Línea 1179: el nombre de la propiedad TimeMax de ipp_Inm_FecAdq no es válido.
Línea 1180: el nombre de la propiedad TimeMin de ipp_Inm_FecAdq no es válido.
Línea 1181: el nombre de la propiedad TimeString1159 de ipp_Inm_FecAdq no es válido.
Línea 1182: el nombre de la propiedad TimeString2359 de ipp_Inm_FecAdq no es válido.
Línea 1183: el nombre de la propiedad DateDefault de ipp_Inm_FecAdq no es válido.
Línea 1184: el nombre de la propiedad TimeDefault de ipp_Inm_FecAdq no es válido.
Línea 1185: el nombre de la propiedad TimeStyle de ipp_Inm_FecAdq no es válido.
Línea 1186: el nombre de la propiedad BorderGrayAreaColor de ipp_Inm_FecAdq no es válido.
Línea 1187: el nombre de la propiedad ThreeDOnFocusInvert de ipp_Inm_FecAdq no es válido.
Línea 1188: el nombre de la propiedad ThreeDFrameColor de ipp_Inm_FecAdq no es válido.
Línea 1190: el nombre de la propiedad BorderDropShadow de ipp_Inm_FecAdq no es válido.
Línea 1191: el nombre de la propiedad BorderDropShadowColor de ipp_Inm_FecAdq no es válido.
Línea 1192: el nombre de la propiedad BorderDropShadowWidth de ipp_Inm_FecAdq no es válido.
Línea 1193: el nombre de la propiedad PopUpType de ipp_Inm_FecAdq no es válido.
Línea 1194: el nombre de la propiedad DateCalcY2KSplit de ipp_Inm_FecAdq no es válido.
Línea 1195: el nombre de la propiedad CaretPosition de ipp_Inm_FecAdq no es válido.
Línea 1196: el nombre de la propiedad IncYear de ipp_Inm_FecAdq no es válido.
Línea 1197: el nombre de la propiedad IncMonth de ipp_Inm_FecAdq no es válido.
Línea 1198: el nombre de la propiedad IncDay de ipp_Inm_FecAdq no es válido.
Línea 1199: el nombre de la propiedad IncHour de ipp_Inm_FecAdq no es válido.
Línea 1200: el nombre de la propiedad IncMinute de ipp_Inm_FecAdq no es válido.
Línea 1201: el nombre de la propiedad IncSecond de ipp_Inm_FecAdq no es válido.
Línea 1202: el nombre de la propiedad ButtonColor de ipp_Inm_FecAdq no es válido.
Línea 1203: el nombre de la propiedad AutoMenu de ipp_Inm_FecAdq no es válido.
Línea 1204: el nombre de la propiedad StartMonth de ipp_Inm_FecAdq no es válido.
Línea 1205: el nombre de la propiedad ButtonAlign de ipp_Inm_FecAdq no es válido.
Línea 1206: el nombre de la propiedad BoundDataType de ipp_Inm_FecAdq no es válido.
Línea 1103: no se pudo establecer la propiedad Appearance de ipp_Inm_FecAdq.
Línea 1216: el nombre de la propiedad _Version de SSPanel17 no es válido.
Línea 1217: el nombre de la propiedad _ExtentX de SSPanel17 no es válido.
Línea 1218: el nombre de la propiedad _ExtentY de SSPanel17 no es válido.
Línea 1219: el nombre de la propiedad _StockProps de SSPanel17 no es válido.
Línea 1220: el nombre de la propiedad Caption de SSPanel17 no es válido.
Línea 1232: el nombre de la propiedad BevelOuter de SSPanel17 no es válido.
Línea 1233: el nombre de la propiedad RoundedCorners de SSPanel17 no es válido.
Línea 1234: el nombre de la propiedad Outline de SSPanel17 no es válido.
Línea 1242: el nombre de la propiedad _Version de SSPanel20 no es válido.
Línea 1243: el nombre de la propiedad _ExtentX de SSPanel20 no es válido.
Línea 1244: el nombre de la propiedad _ExtentY de SSPanel20 no es válido.
Línea 1245: el nombre de la propiedad _StockProps de SSPanel20 no es válido.
Línea 1255: el nombre de la propiedad BorderWidth de SSPanel20 no es válido.
Línea 1256: el nombre de la propiedad BevelOuter de SSPanel20 no es válido.
Línea 1257: el nombre de la propiedad BevelInner de SSPanel20 no es válido.
Línea 1265: el nombre de la propiedad _Version de ipp_Aut_ImpVal no es válido.
Línea 1266: el nombre de la propiedad _ExtentX de ipp_Aut_ImpVal no es válido.
Línea 1267: el nombre de la propiedad _ExtentY de ipp_Aut_ImpVal no es válido.
Línea 1270: el nombre de la propiedad Object.TabStop de ipp_Aut_ImpVal no es válido.
Línea 1282: el nombre de la propiedad ThreeDInsideStyle de ipp_Aut_ImpVal no es válido.
Línea 1283: el nombre de la propiedad ThreeDInsideHighlightColor de ipp_Aut_ImpVal no es válido.
Línea 1284: el nombre de la propiedad ThreeDInsideShadowColor de ipp_Aut_ImpVal no es válido.
Línea 1285: el nombre de la propiedad ThreeDInsideWidth de ipp_Aut_ImpVal no es válido.
Línea 1286: el nombre de la propiedad ThreeDOutsideStyle de ipp_Aut_ImpVal no es válido.
Línea 1287: el nombre de la propiedad ThreeDOutsideHighlightColor de ipp_Aut_ImpVal no es válido.
Línea 1288: el nombre de la propiedad ThreeDOutsideShadowColor de ipp_Aut_ImpVal no es válido.
Línea 1289: el nombre de la propiedad ThreeDOutsideWidth de ipp_Aut_ImpVal no es válido.
Línea 1290: el nombre de la propiedad ThreeDFrameWidth de ipp_Aut_ImpVal no es válido.
Línea 1292: el nombre de la propiedad BorderColor de ipp_Aut_ImpVal no es válido.
Línea 1293: el nombre de la propiedad BorderWidth de ipp_Aut_ImpVal no es válido.
Línea 1294: el nombre de la propiedad ButtonDisable de ipp_Aut_ImpVal no es válido.
Línea 1295: el nombre de la propiedad ButtonHide de ipp_Aut_ImpVal no es válido.
Línea 1296: el nombre de la propiedad ButtonIncrement de ipp_Aut_ImpVal no es válido.
Línea 1297: el nombre de la propiedad ButtonMin de ipp_Aut_ImpVal no es válido.
Línea 1298: el nombre de la propiedad ButtonMax de ipp_Aut_ImpVal no es válido.
Línea 1299: el nombre de la propiedad ButtonStyle de ipp_Aut_ImpVal no es válido.
Línea 1300: el nombre de la propiedad ButtonWidth de ipp_Aut_ImpVal no es válido.
Línea 1301: el nombre de la propiedad ButtonWrap de ipp_Aut_ImpVal no es válido.
Línea 1302: el nombre de la propiedad ButtonDefaultAction de ipp_Aut_ImpVal no es válido.
Línea 1303: el nombre de la propiedad ThreeDText de ipp_Aut_ImpVal no es válido.
Línea 1304: el nombre de la propiedad ThreeDTextHighlightColor de ipp_Aut_ImpVal no es válido.
Línea 1305: el nombre de la propiedad ThreeDTextShadowColor de ipp_Aut_ImpVal no es válido.
Línea 1306: el nombre de la propiedad ThreeDTextOffset de ipp_Aut_ImpVal no es válido.
Línea 1307: el nombre de la propiedad AlignTextH de ipp_Aut_ImpVal no es válido.
Línea 1308: el nombre de la propiedad AlignTextV de ipp_Aut_ImpVal no es válido.
Línea 1309: el nombre de la propiedad AllowNull de ipp_Aut_ImpVal no es válido.
Línea 1310: el nombre de la propiedad NoSpecialKeys de ipp_Aut_ImpVal no es válido.
Línea 1311: el nombre de la propiedad AutoAdvance de ipp_Aut_ImpVal no es válido.
Línea 1312: el nombre de la propiedad AutoBeep de ipp_Aut_ImpVal no es válido.
Línea 1313: el nombre de la propiedad CaretInsert de ipp_Aut_ImpVal no es válido.
Línea 1314: el nombre de la propiedad CaretOverWrite de ipp_Aut_ImpVal no es válido.
Línea 1315: el nombre de la propiedad UserEntry de ipp_Aut_ImpVal no es válido.
Línea 1316: el nombre de la propiedad HideSelection de ipp_Aut_ImpVal no es válido.
Línea 1317: el nombre de la propiedad InvalidColor de ipp_Aut_ImpVal no es válido.
Línea 1318: el nombre de la propiedad InvalidOption de ipp_Aut_ImpVal no es válido.
Línea 1319: el nombre de la propiedad MarginLeft de ipp_Aut_ImpVal no es válido.
Línea 1320: el nombre de la propiedad MarginTop de ipp_Aut_ImpVal no es válido.
Línea 1321: el nombre de la propiedad MarginRight de ipp_Aut_ImpVal no es válido.
Línea 1322: el nombre de la propiedad MarginBottom de ipp_Aut_ImpVal no es válido.
Línea 1323: el nombre de la propiedad NullColor de ipp_Aut_ImpVal no es válido.
Línea 1324: el nombre de la propiedad OnFocusAlignH de ipp_Aut_ImpVal no es válido.
Línea 1325: el nombre de la propiedad OnFocusAlignV de ipp_Aut_ImpVal no es válido.
Línea 1326: el nombre de la propiedad OnFocusNoSelect de ipp_Aut_ImpVal no es válido.
Línea 1327: el nombre de la propiedad OnFocusPosition de ipp_Aut_ImpVal no es válido.
Línea 1328: el nombre de la propiedad ControlType de ipp_Aut_ImpVal no es válido.
Línea 1329: el nombre de la propiedad Text de ipp_Aut_ImpVal no es válido.
Línea 1330: el nombre de la propiedad DecimalPlaces de ipp_Aut_ImpVal no es válido.
Línea 1331: el nombre de la propiedad DecimalPoint de ipp_Aut_ImpVal no es válido.
Línea 1332: el nombre de la propiedad FixedPoint de ipp_Aut_ImpVal no es válido.
Línea 1333: el nombre de la propiedad LeadZero de ipp_Aut_ImpVal no es válido.
Línea 1334: el nombre de la propiedad MaxValue de ipp_Aut_ImpVal no es válido.
Línea 1335: el nombre de la propiedad MinValue de ipp_Aut_ImpVal no es válido.
Línea 1336: el nombre de la propiedad NegFormat de ipp_Aut_ImpVal no es válido.
Línea 1337: el nombre de la propiedad NegToggle de ipp_Aut_ImpVal no es válido.
Línea 1338: el nombre de la propiedad Separator de ipp_Aut_ImpVal no es válido.
Línea 1339: el nombre de la propiedad UseSeparator de ipp_Aut_ImpVal no es válido.
Línea 1340: el nombre de la propiedad IncInt de ipp_Aut_ImpVal no es válido.
Línea 1341: el nombre de la propiedad IncDec de ipp_Aut_ImpVal no es válido.
Línea 1342: el nombre de la propiedad BorderGrayAreaColor de ipp_Aut_ImpVal no es válido.
Línea 1343: el nombre de la propiedad ThreeDOnFocusInvert de ipp_Aut_ImpVal no es válido.
Línea 1344: el nombre de la propiedad ThreeDFrameColor de ipp_Aut_ImpVal no es válido.
Línea 1346: el nombre de la propiedad BorderDropShadow de ipp_Aut_ImpVal no es válido.
Línea 1347: el nombre de la propiedad BorderDropShadowColor de ipp_Aut_ImpVal no es válido.
Línea 1348: el nombre de la propiedad BorderDropShadowWidth de ipp_Aut_ImpVal no es válido.
Línea 1349: el nombre de la propiedad ButtonColor de ipp_Aut_ImpVal no es válido.
Línea 1350: el nombre de la propiedad AutoMenu de ipp_Aut_ImpVal no es válido.
Línea 1351: el nombre de la propiedad ButtonAlign de ipp_Aut_ImpVal no es válido.
Línea 1361: el nombre de la propiedad _Version de SSPanel21 no es válido.
Línea 1362: el nombre de la propiedad _ExtentX de SSPanel21 no es válido.
Línea 1363: el nombre de la propiedad _ExtentY de SSPanel21 no es válido.
Línea 1364: el nombre de la propiedad _StockProps de SSPanel21 no es válido.
Línea 1374: el nombre de la propiedad BorderWidth de SSPanel21 no es válido.
Línea 1375: el nombre de la propiedad BevelOuter de SSPanel21 no es válido.
Línea 1376: el nombre de la propiedad BevelInner de SSPanel21 no es válido.
Línea 1384: el nombre de la propiedad _Version de SSPanel16 no es válido.
Línea 1385: el nombre de la propiedad _ExtentX de SSPanel16 no es válido.
Línea 1386: el nombre de la propiedad _ExtentY de SSPanel16 no es válido.
Línea 1387: el nombre de la propiedad _StockProps de SSPanel16 no es válido.
Línea 1388: el nombre de la propiedad Caption de SSPanel16 no es válido.
Línea 1400: el nombre de la propiedad BevelOuter de SSPanel16 no es válido.
Línea 1401: el nombre de la propiedad RoundedCorners de SSPanel16 no es válido.
Línea 1402: el nombre de la propiedad Outline de SSPanel16 no es válido.
Línea 1410: el nombre de la propiedad _Version de SSPanel22 no es válido.
Línea 1411: el nombre de la propiedad _ExtentX de SSPanel22 no es válido.
Línea 1412: el nombre de la propiedad _ExtentY de SSPanel22 no es válido.
Línea 1413: el nombre de la propiedad _StockProps de SSPanel22 no es válido.
Línea 1414: el nombre de la propiedad Caption de SSPanel22 no es válido.
Línea 1426: el nombre de la propiedad BevelOuter de SSPanel22 no es válido.
Línea 1427: el nombre de la propiedad RoundedCorners de SSPanel22 no es válido.
Línea 1428: el nombre de la propiedad Outline de SSPanel22 no es válido.
Línea 1436: el nombre de la propiedad _Version de ipp_Aut_AnoFab no es válido.
Línea 1437: el nombre de la propiedad _ExtentX de ipp_Aut_AnoFab no es válido.
Línea 1438: el nombre de la propiedad _ExtentY de ipp_Aut_AnoFab no es válido.
Línea 1441: el nombre de la propiedad Object.TabStop de ipp_Aut_AnoFab no es válido.
Línea 1453: el nombre de la propiedad ThreeDInsideStyle de ipp_Aut_AnoFab no es válido.
Línea 1454: el nombre de la propiedad ThreeDInsideHighlightColor de ipp_Aut_AnoFab no es válido.
Línea 1455: el nombre de la propiedad ThreeDInsideShadowColor de ipp_Aut_AnoFab no es válido.
Línea 1456: el nombre de la propiedad ThreeDInsideWidth de ipp_Aut_AnoFab no es válido.
Línea 1457: el nombre de la propiedad ThreeDOutsideStyle de ipp_Aut_AnoFab no es válido.
Línea 1458: el nombre de la propiedad ThreeDOutsideHighlightColor de ipp_Aut_AnoFab no es válido.
Línea 1459: el nombre de la propiedad ThreeDOutsideShadowColor de ipp_Aut_AnoFab no es válido.
Línea 1460: el nombre de la propiedad ThreeDOutsideWidth de ipp_Aut_AnoFab no es válido.
Línea 1461: el nombre de la propiedad ThreeDFrameWidth de ipp_Aut_AnoFab no es válido.
Línea 1463: el nombre de la propiedad BorderColor de ipp_Aut_AnoFab no es válido.
Línea 1464: el nombre de la propiedad BorderWidth de ipp_Aut_AnoFab no es válido.
Línea 1465: el nombre de la propiedad ButtonDisable de ipp_Aut_AnoFab no es válido.
Línea 1466: el nombre de la propiedad ButtonHide de ipp_Aut_AnoFab no es válido.
Línea 1467: el nombre de la propiedad ButtonIncrement de ipp_Aut_AnoFab no es válido.
Línea 1468: el nombre de la propiedad ButtonMin de ipp_Aut_AnoFab no es válido.
Línea 1469: el nombre de la propiedad ButtonMax de ipp_Aut_AnoFab no es válido.
Línea 1470: el nombre de la propiedad ButtonStyle de ipp_Aut_AnoFab no es válido.
Línea 1471: el nombre de la propiedad ButtonWidth de ipp_Aut_AnoFab no es válido.
Línea 1472: el nombre de la propiedad ButtonWrap de ipp_Aut_AnoFab no es válido.
Línea 1473: el nombre de la propiedad ButtonDefaultAction de ipp_Aut_AnoFab no es válido.
Línea 1474: el nombre de la propiedad ThreeDText de ipp_Aut_AnoFab no es válido.
Línea 1475: el nombre de la propiedad ThreeDTextHighlightColor de ipp_Aut_AnoFab no es válido.
Línea 1476: el nombre de la propiedad ThreeDTextShadowColor de ipp_Aut_AnoFab no es válido.
Línea 1477: el nombre de la propiedad ThreeDTextOffset de ipp_Aut_AnoFab no es válido.
Línea 1478: el nombre de la propiedad AlignTextH de ipp_Aut_AnoFab no es válido.
Línea 1479: el nombre de la propiedad AlignTextV de ipp_Aut_AnoFab no es válido.
Línea 1480: el nombre de la propiedad AllowNull de ipp_Aut_AnoFab no es válido.
Línea 1481: el nombre de la propiedad NoSpecialKeys de ipp_Aut_AnoFab no es válido.
Línea 1482: el nombre de la propiedad AutoAdvance de ipp_Aut_AnoFab no es válido.
Línea 1483: el nombre de la propiedad AutoBeep de ipp_Aut_AnoFab no es válido.
Línea 1484: el nombre de la propiedad CaretInsert de ipp_Aut_AnoFab no es válido.
Línea 1485: el nombre de la propiedad CaretOverWrite de ipp_Aut_AnoFab no es válido.
Línea 1486: el nombre de la propiedad UserEntry de ipp_Aut_AnoFab no es válido.
Línea 1487: el nombre de la propiedad HideSelection de ipp_Aut_AnoFab no es válido.
Línea 1488: el nombre de la propiedad InvalidColor de ipp_Aut_AnoFab no es válido.
Línea 1489: el nombre de la propiedad InvalidOption de ipp_Aut_AnoFab no es válido.
Línea 1490: el nombre de la propiedad MarginLeft de ipp_Aut_AnoFab no es válido.
Línea 1491: el nombre de la propiedad MarginTop de ipp_Aut_AnoFab no es válido.
Línea 1492: el nombre de la propiedad MarginRight de ipp_Aut_AnoFab no es válido.
Línea 1493: el nombre de la propiedad MarginBottom de ipp_Aut_AnoFab no es válido.
Línea 1494: el nombre de la propiedad NullColor de ipp_Aut_AnoFab no es válido.
Línea 1495: el nombre de la propiedad OnFocusAlignH de ipp_Aut_AnoFab no es válido.
Línea 1496: el nombre de la propiedad OnFocusAlignV de ipp_Aut_AnoFab no es válido.
Línea 1497: el nombre de la propiedad OnFocusNoSelect de ipp_Aut_AnoFab no es válido.
Línea 1498: el nombre de la propiedad OnFocusPosition de ipp_Aut_AnoFab no es válido.
Línea 1499: el nombre de la propiedad ControlType de ipp_Aut_AnoFab no es válido.
Línea 1500: el nombre de la propiedad Text de ipp_Aut_AnoFab no es válido.
Línea 1501: el nombre de la propiedad MaxValue de ipp_Aut_AnoFab no es válido.
Línea 1502: el nombre de la propiedad MinValue de ipp_Aut_AnoFab no es válido.
Línea 1503: el nombre de la propiedad NegFormat de ipp_Aut_AnoFab no es válido.
Línea 1504: el nombre de la propiedad NegToggle de ipp_Aut_AnoFab no es válido.
Línea 1505: el nombre de la propiedad Separator de ipp_Aut_AnoFab no es válido.
Línea 1506: el nombre de la propiedad UseSeparator de ipp_Aut_AnoFab no es válido.
Línea 1507: el nombre de la propiedad IncInt de ipp_Aut_AnoFab no es válido.
Línea 1508: el nombre de la propiedad BorderGrayAreaColor de ipp_Aut_AnoFab no es válido.
Línea 1509: el nombre de la propiedad ThreeDOnFocusInvert de ipp_Aut_AnoFab no es válido.
Línea 1510: el nombre de la propiedad ThreeDFrameColor de ipp_Aut_AnoFab no es válido.
Línea 1512: el nombre de la propiedad BorderDropShadow de ipp_Aut_AnoFab no es válido.
Línea 1513: el nombre de la propiedad BorderDropShadowColor de ipp_Aut_AnoFab no es válido.
Línea 1514: el nombre de la propiedad BorderDropShadowWidth de ipp_Aut_AnoFab no es válido.
Línea 1515: el nombre de la propiedad ButtonColor de ipp_Aut_AnoFab no es válido.
Línea 1516: el nombre de la propiedad AutoMenu de ipp_Aut_AnoFab no es válido.
Línea 1517: el nombre de la propiedad ButtonAlign de ipp_Aut_AnoFab no es válido.
Línea 1430: no se pudo establecer la propiedad Appearance de ipp_Aut_AnoFab.
Línea 1527: el nombre de la propiedad _ExtentX de grd_Ens_Listad no es válido.
Línea 1528: el nombre de la propiedad _ExtentY de grd_Ens_Listad no es válido.
Línea 1529: el nombre de la propiedad _Version de grd_Ens_Listad no es válido.
Línea 1530: el nombre de la propiedad Rows de grd_Ens_Listad no es válido.
Línea 1531: el nombre de la propiedad Cols de grd_Ens_Listad no es válido.
Línea 1532: el nombre de la propiedad FixedRows de grd_Ens_Listad no es válido.
Línea 1533: el nombre de la propiedad FixedCols de grd_Ens_Listad no es válido.
Línea 1534: el nombre de la propiedad BackColorSel de grd_Ens_Listad no es válido.
Línea 1535: el nombre de la propiedad FocusRect de grd_Ens_Listad no es válido.
Línea 1536: el nombre de la propiedad ScrollBars de grd_Ens_Listad no es válido.
Línea 1537: el nombre de la propiedad SelectionMode de grd_Ens_Listad no es válido.
Línea 1545: el nombre de la propiedad _Version de SSPanel23 no es válido.
Línea 1546: el nombre de la propiedad _ExtentX de SSPanel23 no es válido.
Línea 1547: el nombre de la propiedad _ExtentY de SSPanel23 no es válido.
Línea 1548: el nombre de la propiedad _StockProps de SSPanel23 no es válido.
Línea 1549: el nombre de la propiedad Caption de SSPanel23 no es válido.
Línea 1561: el nombre de la propiedad BevelOuter de SSPanel23 no es válido.
Línea 1562: el nombre de la propiedad RoundedCorners de SSPanel23 no es válido.
Línea 1563: el nombre de la propiedad Outline de SSPanel23 no es válido.
Línea 1571: el nombre de la propiedad _Version de SSPanel25 no es válido.
Línea 1572: el nombre de la propiedad _ExtentX de SSPanel25 no es válido.
Línea 1573: el nombre de la propiedad _ExtentY de SSPanel25 no es válido.
Línea 1574: el nombre de la propiedad _StockProps de SSPanel25 no es válido.
Línea 1575: el nombre de la propiedad Caption de SSPanel25 no es válido.
Línea 1587: el nombre de la propiedad BevelOuter de SSPanel25 no es válido.
Línea 1588: el nombre de la propiedad RoundedCorners de SSPanel25 no es válido.
Línea 1589: el nombre de la propiedad Outline de SSPanel25 no es válido.
Línea 1597: el nombre de la propiedad _Version de SSPanel26 no es válido.
Línea 1598: el nombre de la propiedad _ExtentX de SSPanel26 no es válido.
Línea 1599: el nombre de la propiedad _ExtentY de SSPanel26 no es válido.
Línea 1600: el nombre de la propiedad _StockProps de SSPanel26 no es válido.
Línea 1610: el nombre de la propiedad BorderWidth de SSPanel26 no es válido.
Línea 1611: el nombre de la propiedad BevelOuter de SSPanel26 no es válido.
Línea 1612: el nombre de la propiedad BevelInner de SSPanel26 no es válido.
Línea 1620: el nombre de la propiedad _Version de ipp_Ens_ImpVal no es válido.
Línea 1621: el nombre de la propiedad _ExtentX de ipp_Ens_ImpVal no es válido.
Línea 1622: el nombre de la propiedad _ExtentY de ipp_Ens_ImpVal no es válido.
Línea 1625: el nombre de la propiedad Object.TabStop de ipp_Ens_ImpVal no es válido.
Línea 1637: el nombre de la propiedad ThreeDInsideStyle de ipp_Ens_ImpVal no es válido.
Línea 1638: el nombre de la propiedad ThreeDInsideHighlightColor de ipp_Ens_ImpVal no es válido.
Línea 1639: el nombre de la propiedad ThreeDInsideShadowColor de ipp_Ens_ImpVal no es válido.
Línea 1640: el nombre de la propiedad ThreeDInsideWidth de ipp_Ens_ImpVal no es válido.
Línea 1641: el nombre de la propiedad ThreeDOutsideStyle de ipp_Ens_ImpVal no es válido.
Línea 1642: el nombre de la propiedad ThreeDOutsideHighlightColor de ipp_Ens_ImpVal no es válido.
Línea 1643: el nombre de la propiedad ThreeDOutsideShadowColor de ipp_Ens_ImpVal no es válido.
Línea 1644: el nombre de la propiedad ThreeDOutsideWidth de ipp_Ens_ImpVal no es válido.
Línea 1645: el nombre de la propiedad ThreeDFrameWidth de ipp_Ens_ImpVal no es válido.
Línea 1647: el nombre de la propiedad BorderColor de ipp_Ens_ImpVal no es válido.
Línea 1648: el nombre de la propiedad BorderWidth de ipp_Ens_ImpVal no es válido.
Línea 1649: el nombre de la propiedad ButtonDisable de ipp_Ens_ImpVal no es válido.
Línea 1650: el nombre de la propiedad ButtonHide de ipp_Ens_ImpVal no es válido.
Línea 1651: el nombre de la propiedad ButtonIncrement de ipp_Ens_ImpVal no es válido.
Línea 1652: el nombre de la propiedad ButtonMin de ipp_Ens_ImpVal no es válido.
Línea 1653: el nombre de la propiedad ButtonMax de ipp_Ens_ImpVal no es válido.
Línea 1654: el nombre de la propiedad ButtonStyle de ipp_Ens_ImpVal no es válido.
Línea 1655: el nombre de la propiedad ButtonWidth de ipp_Ens_ImpVal no es válido.
Línea 1656: el nombre de la propiedad ButtonWrap de ipp_Ens_ImpVal no es válido.
Línea 1657: el nombre de la propiedad ButtonDefaultAction de ipp_Ens_ImpVal no es válido.
Línea 1658: el nombre de la propiedad ThreeDText de ipp_Ens_ImpVal no es válido.
Línea 1659: el nombre de la propiedad ThreeDTextHighlightColor de ipp_Ens_ImpVal no es válido.
Línea 1660: el nombre de la propiedad ThreeDTextShadowColor de ipp_Ens_ImpVal no es válido.
Línea 1661: el nombre de la propiedad ThreeDTextOffset de ipp_Ens_ImpVal no es válido.
Línea 1662: el nombre de la propiedad AlignTextH de ipp_Ens_ImpVal no es válido.
Línea 1663: el nombre de la propiedad AlignTextV de ipp_Ens_ImpVal no es válido.
Línea 1664: el nombre de la propiedad AllowNull de ipp_Ens_ImpVal no es válido.
Línea 1665: el nombre de la propiedad NoSpecialKeys de ipp_Ens_ImpVal no es válido.
Línea 1666: el nombre de la propiedad AutoAdvance de ipp_Ens_ImpVal no es válido.
Línea 1667: el nombre de la propiedad AutoBeep de ipp_Ens_ImpVal no es válido.
Línea 1668: el nombre de la propiedad CaretInsert de ipp_Ens_ImpVal no es válido.
Línea 1669: el nombre de la propiedad CaretOverWrite de ipp_Ens_ImpVal no es válido.
Línea 1670: el nombre de la propiedad UserEntry de ipp_Ens_ImpVal no es válido.
Línea 1671: el nombre de la propiedad HideSelection de ipp_Ens_ImpVal no es válido.
Línea 1672: el nombre de la propiedad InvalidColor de ipp_Ens_ImpVal no es válido.
Línea 1673: el nombre de la propiedad InvalidOption de ipp_Ens_ImpVal no es válido.
Línea 1674: el nombre de la propiedad MarginLeft de ipp_Ens_ImpVal no es válido.
Línea 1675: el nombre de la propiedad MarginTop de ipp_Ens_ImpVal no es válido.
Línea 1676: el nombre de la propiedad MarginRight de ipp_Ens_ImpVal no es válido.
Línea 1677: el nombre de la propiedad MarginBottom de ipp_Ens_ImpVal no es válido.
Línea 1678: el nombre de la propiedad NullColor de ipp_Ens_ImpVal no es válido.
Línea 1679: el nombre de la propiedad OnFocusAlignH de ipp_Ens_ImpVal no es válido.
Línea 1680: el nombre de la propiedad OnFocusAlignV de ipp_Ens_ImpVal no es válido.
Línea 1681: el nombre de la propiedad OnFocusNoSelect de ipp_Ens_ImpVal no es válido.
Línea 1682: el nombre de la propiedad OnFocusPosition de ipp_Ens_ImpVal no es válido.
Línea 1683: el nombre de la propiedad ControlType de ipp_Ens_ImpVal no es válido.
Línea 1684: el nombre de la propiedad Text de ipp_Ens_ImpVal no es válido.
Línea 1685: el nombre de la propiedad DecimalPlaces de ipp_Ens_ImpVal no es válido.
Línea 1686: el nombre de la propiedad DecimalPoint de ipp_Ens_ImpVal no es válido.
Línea 1687: el nombre de la propiedad FixedPoint de ipp_Ens_ImpVal no es válido.
Línea 1688: el nombre de la propiedad LeadZero de ipp_Ens_ImpVal no es válido.
Línea 1689: el nombre de la propiedad MaxValue de ipp_Ens_ImpVal no es válido.
Línea 1690: el nombre de la propiedad MinValue de ipp_Ens_ImpVal no es válido.
Línea 1691: el nombre de la propiedad NegFormat de ipp_Ens_ImpVal no es válido.
Línea 1692: el nombre de la propiedad NegToggle de ipp_Ens_ImpVal no es válido.
Línea 1693: el nombre de la propiedad Separator de ipp_Ens_ImpVal no es válido.
Línea 1694: el nombre de la propiedad UseSeparator de ipp_Ens_ImpVal no es válido.
Línea 1695: el nombre de la propiedad IncInt de ipp_Ens_ImpVal no es válido.
Línea 1696: el nombre de la propiedad IncDec de ipp_Ens_ImpVal no es válido.
Línea 1697: el nombre de la propiedad BorderGrayAreaColor de ipp_Ens_ImpVal no es válido.
Línea 1698: el nombre de la propiedad ThreeDOnFocusInvert de ipp_Ens_ImpVal no es válido.
Línea 1699: el nombre de la propiedad ThreeDFrameColor de ipp_Ens_ImpVal no es válido.
Línea 1701: el nombre de la propiedad BorderDropShadow de ipp_Ens_ImpVal no es válido.
Línea 1702: el nombre de la propiedad BorderDropShadowColor de ipp_Ens_ImpVal no es válido.
Línea 1703: el nombre de la propiedad BorderDropShadowWidth de ipp_Ens_ImpVal no es válido.
Línea 1704: el nombre de la propiedad ButtonColor de ipp_Ens_ImpVal no es válido.
Línea 1705: el nombre de la propiedad AutoMenu de ipp_Ens_ImpVal no es válido.
Línea 1706: el nombre de la propiedad ButtonAlign de ipp_Ens_ImpVal no es válido.
Línea 1716: el nombre de la propiedad _Version de SSPanel27 no es válido.
Línea 1717: el nombre de la propiedad _ExtentX de SSPanel27 no es válido.
Línea 1718: el nombre de la propiedad _ExtentY de SSPanel27 no es válido.
Línea 1719: el nombre de la propiedad _StockProps de SSPanel27 no es válido.
Línea 1729: el nombre de la propiedad BorderWidth de SSPanel27 no es válido.
Línea 1730: el nombre de la propiedad BevelOuter de SSPanel27 no es válido.
Línea 1731: el nombre de la propiedad BevelInner de SSPanel27 no es válido.
Línea 1852: el nombre de la propiedad _Version de SSPanel24 no es válido.
Línea 1853: el nombre de la propiedad _ExtentX de SSPanel24 no es válido.
Línea 1854: el nombre de la propiedad _ExtentY de SSPanel24 no es válido.
Línea 1855: el nombre de la propiedad _StockProps de SSPanel24 no es válido.
Línea 1865: el nombre de la propiedad BorderWidth de SSPanel24 no es válido.
Línea 1866: el nombre de la propiedad BevelOuter de SSPanel24 no es válido.
Línea 1867: el nombre de la propiedad BevelInner de SSPanel24 no es válido.
Línea 1876: el nombre de la propiedad _Version de SSPanel3 no es válido.
Línea 1877: el nombre de la propiedad _ExtentX de SSPanel3 no es válido.
Línea 1878: el nombre de la propiedad _ExtentY de SSPanel3 no es válido.
Línea 1879: el nombre de la propiedad _StockProps de SSPanel3 no es válido.
Línea 1889: el nombre de la propiedad BevelOuter de SSPanel3 no es válido.
Línea 1896: el nombre de la propiedad _Version de pnl_Client no es válido.
Línea 1897: el nombre de la propiedad _ExtentX de pnl_Client no es válido.
Línea 1898: el nombre de la propiedad _ExtentY de pnl_Client no es válido.
Línea 1899: el nombre de la propiedad _StockProps de pnl_Client no es válido.
Línea 1900: el nombre de la propiedad Caption de pnl_Client no es válido.
Línea 1911: el nombre de la propiedad BevelOuter de pnl_Client no es válido.
Línea 1912: el nombre de la propiedad Font3D de pnl_Client no es válido.
Línea 1913: el nombre de la propiedad Alignment de pnl_Client no es válido.
Línea 1921: el nombre de la propiedad _Version de SSPanel28 no es válido.
Línea 1922: el nombre de la propiedad _ExtentX de SSPanel28 no es válido.
Línea 1923: el nombre de la propiedad _ExtentY de SSPanel28 no es válido.
Línea 1924: el nombre de la propiedad _StockProps de SSPanel28 no es válido.
Línea 1925: el nombre de la propiedad Caption de SSPanel28 no es válido.
Línea 1936: el nombre de la propiedad BevelOuter de SSPanel28 no es válido.
Línea 1937: el nombre de la propiedad Font3D de SSPanel28 no es válido.
Línea 1938: el nombre de la propiedad Alignment de SSPanel28 no es válido.
