Línea 20: la clase Threed.SSPanel del control SSPanel1 no era una clase de control cargada.
Línea 39: la clase Threed.SSPanel del control SSPanel6 no era una clase de control cargada.
Línea 59: la clase Threed.SSPanel del control pnl_AprCon no era una clase de control cargada.
Línea 84: la clase Threed.SSPanel del control SSPanel7 no era una clase de control cargada.
Línea 109: la clase Threed.SSPanel del control SSPanel15 no era una clase de control cargada.
Línea 142: la clase Threed.SSPanel del control SSPanel39 no era una clase de control cargada.
Línea 173: la clase Threed.SSPanel del control SSPanel25 no era una clase de control cargada.
Línea 193: la clase TabDlg.SSTab del control SSTab1 no era una clase de control cargada.
Línea 220: la clase MSFlexGridLib.MSFlexGrid del control grd_Listad no era una clase de control cargada.
Línea 238: la clase MSFlexGridLib.MSFlexGrid del control grd_Listad no era una clase de control cargada.
Línea 256: la clase MSFlexGridLib.MSFlexGrid del control grd_Listad no era una clase de control cargada.
Línea 276: la clase Threed.SSPanel del control SSPanel3 no era una clase de control cargada.
Línea 296: la clase TabDlg.SSTab del control tab_Seguim no era una clase de control cargada.
Línea 439: la clase Threed.SSPanel del control SSPanel10 no era una clase de control cargada.
Línea 460: la clase MSFlexGridLib.MSFlexGrid del control grd_LisOcu no era una clase de control cargada.
Línea 478: la clase Threed.SSPanel del control SSPanel13 no era una clase de control cargada.
Línea 504: la clase Threed.SSPanel del control SSPanel14 no era una clase de control cargada.
Línea 530: la clase Threed.SSPanel del control SSPanel8 no era una clase de control cargada.
Línea 556: la clase Threed.SSPanel del control pnl_DesOcu no era una clase de control cargada.
Línea 581: la clase MSFlexGridLib.MSFlexGrid del control grd_LisExc no era una clase de control cargada.
Línea 599: la clase Threed.SSPanel del control SSPanel4 no era una clase de control cargada.
Línea 625: la clase Threed.SSPanel del control SSPanel5 no era una clase de control cargada.
Línea 651: la clase Threed.SSPanel del control SSPanel9 no era una clase de control cargada.
Línea 677: la clase Threed.SSPanel del control SSPanel11 no era una clase de control cargada.
Línea 703: la clase Threed.SSPanel del control SSPanel12 no era una clase de control cargada.
Línea 724: la clase Threed.SSPanel del control pnl_DesExc no era una clase de control cargada.
Línea 749: la clase Threed.SSPanel del control pnl_TipAut no era una clase de control cargada.
Línea 774: la clase Threed.SSPanel del control SSPanel17 no era una clase de control cargada.
Línea 795: la clase MSFlexGridLib.MSFlexGrid del control grd_LisCon no era una clase de control cargada.
Línea 813: la clase Threed.SSPanel del control SSPanel18 no era una clase de control cargada.
Línea 839: la clase Threed.SSPanel del control SSPanel19 no era una clase de control cargada.
Línea 865: la clase Threed.SSPanel del control SSPanel20 no era una clase de control cargada.
Línea 891: la clase Threed.SSPanel del control pnl_InsCon no era una clase de control cargada.
Línea 916: la clase Threed.SSPanel del control pnl_MotRec no era una clase de control cargada.
Línea 1030: la clase Threed.SSPanel del control SSPanel24 no era una clase de control cargada.
Línea 1050: la clase Threed.SSPanel del control pnl_NumSol no era una clase de control cargada.
Línea 1073: la clase Threed.SSPanel del control pnl_Client no era una clase de control cargada.
Línea 1098: la clase Threed.SSPanel del control pnl_Situac no era una clase de control cargada.
Línea 1147: la clase Threed.SSPanel del control SSPanel2 no era una clase de control cargada.
Línea 1178: la clase MSFlexGridLib.MSFlexGrid del control grd_LisEva no era una clase de control cargada.
Línea 26: el nombre de la propiedad _Version de SSPanel1 no es válido.
Línea 27: el nombre de la propiedad _ExtentX de SSPanel1 no es válido.
Línea 28: el nombre de la propiedad _ExtentY de SSPanel1 no es válido.
Línea 29: el nombre de la propiedad _StockProps de SSPanel1 no es válido.
Línea 45: el nombre de la propiedad _Version de SSPanel6 no es válido.
Línea 46: el nombre de la propiedad _ExtentX de SSPanel6 no es válido.
Línea 47: el nombre de la propiedad _ExtentY de SSPanel6 no es válido.
Línea 48: el nombre de la propiedad _StockProps de SSPanel6 no es válido.
Línea 58: el nombre de la propiedad BevelOuter de SSPanel6 no es válido.
Línea 65: el nombre de la propiedad _Version de pnl_AprCon no es válido.
Línea 66: el nombre de la propiedad _ExtentX de pnl_AprCon no es válido.
Línea 67: el nombre de la propiedad _ExtentY de pnl_AprCon no es válido.
Línea 68: el nombre de la propiedad _StockProps de pnl_AprCon no es válido.
Línea 69: el nombre de la propiedad Caption de pnl_AprCon no es válido.
Línea 81: el nombre de la propiedad BevelOuter de pnl_AprCon no es válido.
Línea 82: el nombre de la propiedad Outline de pnl_AprCon no es válido.
Línea 90: el nombre de la propiedad _Version de SSPanel7 no es válido.
Línea 91: el nombre de la propiedad _ExtentX de SSPanel7 no es válido.
Línea 92: el nombre de la propiedad _ExtentY de SSPanel7 no es válido.
Línea 93: el nombre de la propiedad _StockProps de SSPanel7 no es válido.
Línea 94: el nombre de la propiedad Caption de SSPanel7 no es válido.
Línea 105: el nombre de la propiedad BevelOuter de SSPanel7 no es válido.
Línea 106: el nombre de la propiedad Font3D de SSPanel7 no es válido.
Línea 107: el nombre de la propiedad Alignment de SSPanel7 no es válido.
Línea 115: el nombre de la propiedad _Version de SSPanel15 no es válido.
Línea 116: el nombre de la propiedad _ExtentX de SSPanel15 no es válido.
Línea 117: el nombre de la propiedad _ExtentY de SSPanel15 no es válido.
Línea 118: el nombre de la propiedad _StockProps de SSPanel15 no es válido.
Línea 119: el nombre de la propiedad Caption de SSPanel15 no es válido.
Línea 130: el nombre de la propiedad BevelOuter de SSPanel15 no es válido.
Línea 131: el nombre de la propiedad Font3D de SSPanel15 no es válido.
Línea 132: el nombre de la propiedad Alignment de SSPanel15 no es válido.
Línea 148: el nombre de la propiedad _Version de SSPanel39 no es válido.
Línea 149: el nombre de la propiedad _ExtentX de SSPanel39 no es válido.
Línea 150: el nombre de la propiedad _ExtentY de SSPanel39 no es válido.
Línea 151: el nombre de la propiedad _StockProps de SSPanel39 no es válido.
Línea 161: el nombre de la propiedad BevelOuter de SSPanel39 no es válido.
Línea 179: el nombre de la propiedad _Version de SSPanel25 no es válido.
Línea 180: el nombre de la propiedad _ExtentX de SSPanel25 no es válido.
Línea 181: el nombre de la propiedad _ExtentY de SSPanel25 no es válido.
Línea 182: el nombre de la propiedad _StockProps de SSPanel25 no es válido.
Línea 192: el nombre de la propiedad BevelOuter de SSPanel25 no es válido.
Línea 199: el nombre de la propiedad _ExtentX de SSTab1 no es válido.
Línea 200: el nombre de la propiedad _ExtentY de SSTab1 no es válido.
Línea 201: el nombre de la propiedad _Version de SSTab1 no es válido.
Línea 202: el nombre de la propiedad Style de SSTab1 no es válido.
Línea 203: el nombre de la propiedad TabHeight de SSTab1 no es válido.
Línea 204: el nombre de la propiedad TabCaption(0) de SSTab1 no es válido.
Línea 205: el nombre de la propiedad TabPicture(0) de SSTab1 no es válido.
Línea 206: el nombre de la propiedad Tab(0).ControlEnabled de SSTab1 no es válido.
Línea 207: el nombre de la propiedad Tab(0).Control(0) de SSTab1 no es válido.
Línea 208: el nombre de la propiedad Tab(0).Control(0).Enabled de SSTab1 no es válido.
Línea 209: el nombre de la propiedad Tab(0).ControlCount de SSTab1 no es válido.
Línea 210: el nombre de la propiedad TabCaption(1) de SSTab1 no es válido.
Línea 211: el nombre de la propiedad TabPicture(1) de SSTab1 no es válido.
Línea 212: el nombre de la propiedad Tab(1).ControlEnabled de SSTab1 no es válido.
Línea 213: el nombre de la propiedad Tab(1).Control(0) de SSTab1 no es válido.
Línea 214: el nombre de la propiedad Tab(1).ControlCount de SSTab1 no es válido.
Línea 215: el nombre de la propiedad TabCaption(2) de SSTab1 no es válido.
Línea 216: el nombre de la propiedad TabPicture(2) de SSTab1 no es válido.
Línea 217: el nombre de la propiedad Tab(2).ControlEnabled de SSTab1 no es válido.
Línea 218: el nombre de la propiedad Tab(2).Control(0) de SSTab1 no es válido.
Línea 219: el nombre de la propiedad Tab(2).ControlCount de SSTab1 no es válido.
Línea 227: el nombre de la propiedad _ExtentX de grd_Listad no es válido.
Línea 228: el nombre de la propiedad _ExtentY de grd_Listad no es válido.
Línea 229: el nombre de la propiedad _Version de grd_Listad no es válido.
Línea 230: el nombre de la propiedad Rows de grd_Listad no es válido.
Línea 231: el nombre de la propiedad FixedRows de grd_Listad no es válido.
Línea 232: el nombre de la propiedad FixedCols de grd_Listad no es válido.
Línea 233: el nombre de la propiedad BackColorSel de grd_Listad no es válido.
Línea 234: el nombre de la propiedad FocusRect de grd_Listad no es válido.
Línea 235: el nombre de la propiedad ScrollBars de grd_Listad no es válido.
Línea 236: el nombre de la propiedad SelectionMode de grd_Listad no es válido.
Línea 245: el nombre de la propiedad _ExtentX de grd_Listad no es válido.
Línea 246: el nombre de la propiedad _ExtentY de grd_Listad no es válido.
Línea 247: el nombre de la propiedad _Version de grd_Listad no es válido.
Línea 248: el nombre de la propiedad Rows de grd_Listad no es válido.
Línea 249: el nombre de la propiedad FixedRows de grd_Listad no es válido.
Línea 250: el nombre de la propiedad FixedCols de grd_Listad no es válido.
Línea 251: el nombre de la propiedad BackColorSel de grd_Listad no es válido.
Línea 252: el nombre de la propiedad FocusRect de grd_Listad no es válido.
Línea 253: el nombre de la propiedad ScrollBars de grd_Listad no es válido.
Línea 254: el nombre de la propiedad SelectionMode de grd_Listad no es válido.
Línea 263: el nombre de la propiedad _ExtentX de grd_Listad no es válido.
Línea 264: el nombre de la propiedad _ExtentY de grd_Listad no es válido.
Línea 265: el nombre de la propiedad _Version de grd_Listad no es válido.
Línea 266: el nombre de la propiedad Rows de grd_Listad no es válido.
Línea 267: el nombre de la propiedad FixedRows de grd_Listad no es válido.
Línea 268: el nombre de la propiedad FixedCols de grd_Listad no es válido.
Línea 269: el nombre de la propiedad BackColorSel de grd_Listad no es válido.
Línea 270: el nombre de la propiedad FocusRect de grd_Listad no es válido.
Línea 271: el nombre de la propiedad ScrollBars de grd_Listad no es válido.
Línea 272: el nombre de la propiedad SelectionMode de grd_Listad no es válido.
Línea 282: el nombre de la propiedad _Version de SSPanel3 no es válido.
Línea 283: el nombre de la propiedad _ExtentX de SSPanel3 no es válido.
Línea 284: el nombre de la propiedad _ExtentY de SSPanel3 no es válido.
Línea 285: el nombre de la propiedad _StockProps de SSPanel3 no es válido.
Línea 295: el nombre de la propiedad BevelOuter de SSPanel3 no es válido.
Línea 302: el nombre de la propiedad _ExtentX de tab_Seguim no es válido.
Línea 303: el nombre de la propiedad _ExtentY de tab_Seguim no es válido.
Línea 304: el nombre de la propiedad _Version de tab_Seguim no es válido.
Línea 305: el nombre de la propiedad Style de tab_Seguim no es válido.
Línea 306: el nombre de la propiedad Tabs de tab_Seguim no es válido.
Línea 307: el nombre de la propiedad TabsPerRow de tab_Seguim no es válido.
Línea 308: el nombre de la propiedad TabHeight de tab_Seguim no es válido.
Línea 309: el nombre de la propiedad TabCaption(0) de tab_Seguim no es válido.
Línea 310: el nombre de la propiedad TabPicture(0) de tab_Seguim no es válido.
Línea 311: el nombre de la propiedad Tab(0).ControlEnabled de tab_Seguim no es válido.
Línea 312: el nombre de la propiedad Tab(0).Control(0) de tab_Seguim no es válido.
Línea 313: el nombre de la propiedad Tab(0).Control(0).Enabled de tab_Seguim no es válido.
Línea 314: el nombre de la propiedad Tab(0).Control(1) de tab_Seguim no es válido.
Línea 315: el nombre de la propiedad Tab(0).Control(1).Enabled de tab_Seguim no es válido.
Línea 316: el nombre de la propiedad Tab(0).Control(2) de tab_Seguim no es válido.
Línea 317: el nombre de la propiedad Tab(0).Control(2).Enabled de tab_Seguim no es válido.
Línea 318: el nombre de la propiedad Tab(0).Control(3) de tab_Seguim no es válido.
Línea 319: el nombre de la propiedad Tab(0).Control(3).Enabled de tab_Seguim no es válido.
Línea 320: el nombre de la propiedad Tab(0).Control(4) de tab_Seguim no es válido.
Línea 321: el nombre de la propiedad Tab(0).Control(4).Enabled de tab_Seguim no es válido.
Línea 322: el nombre de la propiedad Tab(0).Control(5) de tab_Seguim no es válido.
Línea 323: el nombre de la propiedad Tab(0).Control(5).Enabled de tab_Seguim no es válido.
Línea 324: el nombre de la propiedad Tab(0).Control(6) de tab_Seguim no es válido.
Línea 325: el nombre de la propiedad Tab(0).Control(6).Enabled de tab_Seguim no es válido.
Línea 326: el nombre de la propiedad Tab(0).Control(7) de tab_Seguim no es válido.
Línea 327: el nombre de la propiedad Tab(0).Control(7).Enabled de tab_Seguim no es válido.
Línea 328: el nombre de la propiedad Tab(0).Control(8) de tab_Seguim no es válido.
Línea 329: el nombre de la propiedad Tab(0).Control(8).Enabled de tab_Seguim no es válido.
Línea 330: el nombre de la propiedad Tab(0).Control(9) de tab_Seguim no es válido.
Línea 331: el nombre de la propiedad Tab(0).Control(9).Enabled de tab_Seguim no es válido.
Línea 332: el nombre de la propiedad Tab(0).Control(10) de tab_Seguim no es válido.
Línea 333: el nombre de la propiedad Tab(0).Control(10).Enabled de tab_Seguim no es válido.
Línea 334: el nombre de la propiedad Tab(0).ControlCount de tab_Seguim no es válido.
Línea 335: el nombre de la propiedad TabCaption(1) de tab_Seguim no es válido.
Línea 336: el nombre de la propiedad TabPicture(1) de tab_Seguim no es válido.
Línea 337: el nombre de la propiedad Tab(1).ControlEnabled de tab_Seguim no es válido.
Línea 338: el nombre de la propiedad Tab(1).Control(0) de tab_Seguim no es válido.
Línea 339: el nombre de la propiedad Tab(1).Control(1) de tab_Seguim no es válido.
Línea 340: el nombre de la propiedad Tab(1).Control(2) de tab_Seguim no es válido.
Línea 341: el nombre de la propiedad Tab(1).Control(3) de tab_Seguim no es válido.
Línea 342: el nombre de la propiedad Tab(1).Control(4) de tab_Seguim no es válido.
Línea 343: el nombre de la propiedad Tab(1).Control(5) de tab_Seguim no es válido.
Línea 344: el nombre de la propiedad Tab(1).Control(6) de tab_Seguim no es válido.
Línea 345: el nombre de la propiedad Tab(1).Control(7) de tab_Seguim no es válido.
Línea 346: el nombre de la propiedad Tab(1).Control(8) de tab_Seguim no es válido.
Línea 347: el nombre de la propiedad Tab(1).Control(9) de tab_Seguim no es válido.
Línea 348: el nombre de la propiedad Tab(1).Control(10) de tab_Seguim no es válido.
Línea 349: el nombre de la propiedad Tab(1).Control(11) de tab_Seguim no es válido.
Línea 350: el nombre de la propiedad Tab(1).ControlCount de tab_Seguim no es válido.
Línea 351: el nombre de la propiedad TabCaption(2) de tab_Seguim no es válido.
Línea 352: el nombre de la propiedad TabPicture(2) de tab_Seguim no es válido.
Línea 353: el nombre de la propiedad Tab(2).ControlEnabled de tab_Seguim no es válido.
Línea 354: el nombre de la propiedad Tab(2).Control(0) de tab_Seguim no es válido.
Línea 355: el nombre de la propiedad Tab(2).Control(1) de tab_Seguim no es válido.
Línea 356: el nombre de la propiedad Tab(2).Control(2) de tab_Seguim no es válido.
Línea 357: el nombre de la propiedad Tab(2).Control(3) de tab_Seguim no es válido.
Línea 358: el nombre de la propiedad Tab(2).Control(4) de tab_Seguim no es válido.
Línea 359: el nombre de la propiedad Tab(2).Control(5) de tab_Seguim no es válido.
Línea 360: el nombre de la propiedad Tab(2).Control(6) de tab_Seguim no es válido.
Línea 361: el nombre de la propiedad Tab(2).Control(7) de tab_Seguim no es válido.
Línea 362: el nombre de la propiedad Tab(2).Control(8) de tab_Seguim no es válido.
Línea 363: el nombre de la propiedad Tab(2).Control(9) de tab_Seguim no es válido.
Línea 364: el nombre de la propiedad Tab(2).Control(10) de tab_Seguim no es válido.
Línea 365: el nombre de la propiedad Tab(2).ControlCount de tab_Seguim no es válido.
Línea 366: el nombre de la propiedad TabCaption(3) de tab_Seguim no es válido.
Línea 367: el nombre de la propiedad TabPicture(3) de tab_Seguim no es válido.
Línea 368: el nombre de la propiedad Tab(3).ControlEnabled de tab_Seguim no es válido.
Línea 369: el nombre de la propiedad Tab(3).Control(0) de tab_Seguim no es válido.
Línea 370: el nombre de la propiedad Tab(3).Control(1) de tab_Seguim no es válido.
Línea 371: el nombre de la propiedad Tab(3).Control(2) de tab_Seguim no es válido.
Línea 372: el nombre de la propiedad Tab(3).Control(3) de tab_Seguim no es válido.
Línea 373: el nombre de la propiedad Tab(3).ControlCount de tab_Seguim no es válido.
Línea 445: el nombre de la propiedad _Version de SSPanel10 no es válido.
Línea 446: el nombre de la propiedad _ExtentX de SSPanel10 no es válido.
Línea 447: el nombre de la propiedad _ExtentY de SSPanel10 no es válido.
Línea 448: el nombre de la propiedad _StockProps de SSPanel10 no es válido.
Línea 458: el nombre de la propiedad BevelOuter de SSPanel10 no es válido.
Línea 466: el nombre de la propiedad _ExtentX de grd_LisOcu no es válido.
Línea 467: el nombre de la propiedad _ExtentY de grd_LisOcu no es válido.
Línea 468: el nombre de la propiedad _Version de grd_LisOcu no es válido.
Línea 469: el nombre de la propiedad Rows de grd_LisOcu no es válido.
Línea 470: el nombre de la propiedad Cols de grd_LisOcu no es válido.
Línea 471: el nombre de la propiedad FixedRows de grd_LisOcu no es válido.
Línea 472: el nombre de la propiedad FixedCols de grd_LisOcu no es válido.
Línea 473: el nombre de la propiedad BackColorSel de grd_LisOcu no es válido.
Línea 474: el nombre de la propiedad FocusRect de grd_LisOcu no es válido.
Línea 475: el nombre de la propiedad ScrollBars de grd_LisOcu no es válido.
Línea 476: el nombre de la propiedad SelectionMode de grd_LisOcu no es válido.
Línea 484: el nombre de la propiedad _Version de SSPanel13 no es válido.
Línea 485: el nombre de la propiedad _ExtentX de SSPanel13 no es válido.
Línea 486: el nombre de la propiedad _ExtentY de SSPanel13 no es válido.
Línea 487: el nombre de la propiedad _StockProps de SSPanel13 no es válido.
Línea 488: el nombre de la propiedad Caption de SSPanel13 no es válido.
Línea 500: el nombre de la propiedad BevelOuter de SSPanel13 no es válido.
Línea 501: el nombre de la propiedad RoundedCorners de SSPanel13 no es válido.
Línea 502: el nombre de la propiedad Outline de SSPanel13 no es válido.
Línea 510: el nombre de la propiedad _Version de SSPanel14 no es válido.
Línea 511: el nombre de la propiedad _ExtentX de SSPanel14 no es válido.
Línea 512: el nombre de la propiedad _ExtentY de SSPanel14 no es válido.
Línea 513: el nombre de la propiedad _StockProps de SSPanel14 no es válido.
Línea 514: el nombre de la propiedad Caption de SSPanel14 no es válido.
Línea 526: el nombre de la propiedad BevelOuter de SSPanel14 no es válido.
Línea 527: el nombre de la propiedad RoundedCorners de SSPanel14 no es válido.
Línea 528: el nombre de la propiedad Outline de SSPanel14 no es válido.
Línea 536: el nombre de la propiedad _Version de SSPanel8 no es válido.
Línea 537: el nombre de la propiedad _ExtentX de SSPanel8 no es válido.
Línea 538: el nombre de la propiedad _ExtentY de SSPanel8 no es válido.
Línea 539: el nombre de la propiedad _StockProps de SSPanel8 no es válido.
Línea 540: el nombre de la propiedad Caption de SSPanel8 no es válido.
Línea 552: el nombre de la propiedad BevelOuter de SSPanel8 no es válido.
Línea 553: el nombre de la propiedad RoundedCorners de SSPanel8 no es válido.
Línea 554: el nombre de la propiedad Outline de SSPanel8 no es válido.
Línea 562: el nombre de la propiedad _Version de pnl_DesOcu no es válido.
Línea 563: el nombre de la propiedad _ExtentX de pnl_DesOcu no es válido.
Línea 564: el nombre de la propiedad _ExtentY de pnl_DesOcu no es válido.
Línea 565: el nombre de la propiedad _StockProps de pnl_DesOcu no es válido.
Línea 566: el nombre de la propiedad Caption de pnl_DesOcu no es válido.
Línea 577: el nombre de la propiedad BevelOuter de pnl_DesOcu no es válido.
Línea 578: el nombre de la propiedad Font3D de pnl_DesOcu no es válido.
Línea 579: el nombre de la propiedad Alignment de pnl_DesOcu no es válido.
Línea 587: el nombre de la propiedad _ExtentX de grd_LisExc no es válido.
Línea 588: el nombre de la propiedad _ExtentY de grd_LisExc no es válido.
Línea 589: el nombre de la propiedad _Version de grd_LisExc no es válido.
Línea 590: el nombre de la propiedad Rows de grd_LisExc no es válido.
Línea 591: el nombre de la propiedad Cols de grd_LisExc no es válido.
Línea 592: el nombre de la propiedad FixedRows de grd_LisExc no es válido.
Línea 593: el nombre de la propiedad FixedCols de grd_LisExc no es válido.
Línea 594: el nombre de la propiedad BackColorSel de grd_LisExc no es válido.
Línea 595: el nombre de la propiedad FocusRect de grd_LisExc no es válido.
Línea 596: el nombre de la propiedad ScrollBars de grd_LisExc no es válido.
Línea 597: el nombre de la propiedad SelectionMode de grd_LisExc no es válido.
Línea 605: el nombre de la propiedad _Version de SSPanel4 no es válido.
Línea 606: el nombre de la propiedad _ExtentX de SSPanel4 no es válido.
Línea 607: el nombre de la propiedad _ExtentY de SSPanel4 no es válido.
Línea 608: el nombre de la propiedad _StockProps de SSPanel4 no es válido.
Línea 609: el nombre de la propiedad Caption de SSPanel4 no es válido.
Línea 621: el nombre de la propiedad BevelOuter de SSPanel4 no es válido.
Línea 622: el nombre de la propiedad RoundedCorners de SSPanel4 no es válido.
Línea 623: el nombre de la propiedad Outline de SSPanel4 no es válido.
Línea 631: el nombre de la propiedad _Version de SSPanel5 no es válido.
Línea 632: el nombre de la propiedad _ExtentX de SSPanel5 no es válido.
Línea 633: el nombre de la propiedad _ExtentY de SSPanel5 no es válido.
Línea 634: el nombre de la propiedad _StockProps de SSPanel5 no es válido.
Línea 635: el nombre de la propiedad Caption de SSPanel5 no es válido.
Línea 647: el nombre de la propiedad BevelOuter de SSPanel5 no es válido.
Línea 648: el nombre de la propiedad RoundedCorners de SSPanel5 no es válido.
Línea 649: el nombre de la propiedad Outline de SSPanel5 no es válido.
Línea 657: el nombre de la propiedad _Version de SSPanel9 no es válido.
Línea 658: el nombre de la propiedad _ExtentX de SSPanel9 no es válido.
Línea 659: el nombre de la propiedad _ExtentY de SSPanel9 no es válido.
Línea 660: el nombre de la propiedad _StockProps de SSPanel9 no es válido.
Línea 661: el nombre de la propiedad Caption de SSPanel9 no es válido.
Línea 673: el nombre de la propiedad BevelOuter de SSPanel9 no es válido.
Línea 674: el nombre de la propiedad RoundedCorners de SSPanel9 no es válido.
Línea 675: el nombre de la propiedad Outline de SSPanel9 no es válido.
Línea 683: el nombre de la propiedad _Version de SSPanel11 no es válido.
Línea 684: el nombre de la propiedad _ExtentX de SSPanel11 no es válido.
Línea 685: el nombre de la propiedad _ExtentY de SSPanel11 no es válido.
Línea 686: el nombre de la propiedad _StockProps de SSPanel11 no es válido.
Línea 687: el nombre de la propiedad Caption de SSPanel11 no es válido.
Línea 699: el nombre de la propiedad BevelOuter de SSPanel11 no es válido.
Línea 700: el nombre de la propiedad RoundedCorners de SSPanel11 no es válido.
Línea 701: el nombre de la propiedad Outline de SSPanel11 no es válido.
Línea 709: el nombre de la propiedad _Version de SSPanel12 no es válido.
Línea 710: el nombre de la propiedad _ExtentX de SSPanel12 no es válido.
Línea 711: el nombre de la propiedad _ExtentY de SSPanel12 no es válido.
Línea 712: el nombre de la propiedad _StockProps de SSPanel12 no es válido.
Línea 722: el nombre de la propiedad BevelOuter de SSPanel12 no es válido.
Línea 730: el nombre de la propiedad _Version de pnl_DesExc no es válido.
Línea 731: el nombre de la propiedad _ExtentX de pnl_DesExc no es válido.
Línea 732: el nombre de la propiedad _ExtentY de pnl_DesExc no es válido.
Línea 733: el nombre de la propiedad _StockProps de pnl_DesExc no es válido.
Línea 734: el nombre de la propiedad Caption de pnl_DesExc no es válido.
Línea 745: el nombre de la propiedad BevelOuter de pnl_DesExc no es válido.
Línea 746: el nombre de la propiedad Font3D de pnl_DesExc no es válido.
Línea 747: el nombre de la propiedad Alignment de pnl_DesExc no es válido.
Línea 755: el nombre de la propiedad _Version de pnl_TipAut no es válido.
Línea 756: el nombre de la propiedad _ExtentX de pnl_TipAut no es válido.
Línea 757: el nombre de la propiedad _ExtentY de pnl_TipAut no es válido.
Línea 758: el nombre de la propiedad _StockProps de pnl_TipAut no es válido.
Línea 759: el nombre de la propiedad Caption de pnl_TipAut no es válido.
Línea 770: el nombre de la propiedad BevelOuter de pnl_TipAut no es válido.
Línea 771: el nombre de la propiedad Font3D de pnl_TipAut no es válido.
Línea 772: el nombre de la propiedad Alignment de pnl_TipAut no es válido.
Línea 780: el nombre de la propiedad _Version de SSPanel17 no es válido.
Línea 781: el nombre de la propiedad _ExtentX de SSPanel17 no es válido.
Línea 782: el nombre de la propiedad _ExtentY de SSPanel17 no es válido.
Línea 783: el nombre de la propiedad _StockProps de SSPanel17 no es válido.
Línea 793: el nombre de la propiedad BevelOuter de SSPanel17 no es válido.
Línea 801: el nombre de la propiedad _ExtentX de grd_LisCon no es válido.
Línea 802: el nombre de la propiedad _ExtentY de grd_LisCon no es válido.
Línea 803: el nombre de la propiedad _Version de grd_LisCon no es válido.
Línea 804: el nombre de la propiedad Rows de grd_LisCon no es válido.
Línea 805: el nombre de la propiedad Cols de grd_LisCon no es válido.
Línea 806: el nombre de la propiedad FixedRows de grd_LisCon no es válido.
Línea 807: el nombre de la propiedad FixedCols de grd_LisCon no es válido.
Línea 808: el nombre de la propiedad BackColorSel de grd_LisCon no es válido.
Línea 809: el nombre de la propiedad FocusRect de grd_LisCon no es válido.
Línea 810: el nombre de la propiedad ScrollBars de grd_LisCon no es válido.
Línea 811: el nombre de la propiedad SelectionMode de grd_LisCon no es válido.
Línea 819: el nombre de la propiedad _Version de SSPanel18 no es válido.
Línea 820: el nombre de la propiedad _ExtentX de SSPanel18 no es válido.
Línea 821: el nombre de la propiedad _ExtentY de SSPanel18 no es válido.
Línea 822: el nombre de la propiedad _StockProps de SSPanel18 no es válido.
Línea 823: el nombre de la propiedad Caption de SSPanel18 no es válido.
Línea 835: el nombre de la propiedad BevelOuter de SSPanel18 no es válido.
Línea 836: el nombre de la propiedad RoundedCorners de SSPanel18 no es válido.
Línea 837: el nombre de la propiedad Outline de SSPanel18 no es válido.
Línea 845: el nombre de la propiedad _Version de SSPanel19 no es válido.
Línea 846: el nombre de la propiedad _ExtentX de SSPanel19 no es válido.
Línea 847: el nombre de la propiedad _ExtentY de SSPanel19 no es válido.
Línea 848: el nombre de la propiedad _StockProps de SSPanel19 no es válido.
Línea 849: el nombre de la propiedad Caption de SSPanel19 no es válido.
Línea 861: el nombre de la propiedad BevelOuter de SSPanel19 no es válido.
Línea 862: el nombre de la propiedad RoundedCorners de SSPanel19 no es válido.
Línea 863: el nombre de la propiedad Outline de SSPanel19 no es válido.
Línea 871: el nombre de la propiedad _Version de SSPanel20 no es válido.
Línea 872: el nombre de la propiedad _ExtentX de SSPanel20 no es válido.
Línea 873: el nombre de la propiedad _ExtentY de SSPanel20 no es válido.
Línea 874: el nombre de la propiedad _StockProps de SSPanel20 no es válido.
Línea 875: el nombre de la propiedad Caption de SSPanel20 no es válido.
Línea 887: el nombre de la propiedad BevelOuter de SSPanel20 no es válido.
Línea 888: el nombre de la propiedad RoundedCorners de SSPanel20 no es válido.
Línea 889: el nombre de la propiedad Outline de SSPanel20 no es válido.
Línea 897: el nombre de la propiedad _Version de pnl_InsCon no es válido.
Línea 898: el nombre de la propiedad _ExtentX de pnl_InsCon no es válido.
Línea 899: el nombre de la propiedad _ExtentY de pnl_InsCon no es válido.
Línea 900: el nombre de la propiedad _StockProps de pnl_InsCon no es válido.
Línea 901: el nombre de la propiedad Caption de pnl_InsCon no es válido.
Línea 912: el nombre de la propiedad BevelOuter de pnl_InsCon no es válido.
Línea 913: el nombre de la propiedad Font3D de pnl_InsCon no es válido.
Línea 914: el nombre de la propiedad Alignment de pnl_InsCon no es válido.
Línea 922: el nombre de la propiedad _Version de pnl_MotRec no es válido.
Línea 923: el nombre de la propiedad _ExtentX de pnl_MotRec no es válido.
Línea 924: el nombre de la propiedad _ExtentY de pnl_MotRec no es válido.
Línea 925: el nombre de la propiedad _StockProps de pnl_MotRec no es válido.
Línea 936: el nombre de la propiedad BevelOuter de pnl_MotRec no es válido.
Línea 937: el nombre de la propiedad Font3D de pnl_MotRec no es válido.
Línea 938: el nombre de la propiedad Alignment de pnl_MotRec no es válido.
Línea 1036: el nombre de la propiedad _Version de SSPanel24 no es válido.
Línea 1037: el nombre de la propiedad _ExtentX de SSPanel24 no es válido.
Línea 1038: el nombre de la propiedad _ExtentY de SSPanel24 no es válido.
Línea 1039: el nombre de la propiedad _StockProps de SSPanel24 no es válido.
Línea 1049: el nombre de la propiedad BevelOuter de SSPanel24 no es válido.
Línea 1056: el nombre de la propiedad _Version de pnl_NumSol no es válido.
Línea 1057: el nombre de la propiedad _ExtentX de pnl_NumSol no es válido.
Línea 1058: el nombre de la propiedad _ExtentY de pnl_NumSol no es válido.
Línea 1059: el nombre de la propiedad _StockProps de pnl_NumSol no es válido.
Línea 1070: el nombre de la propiedad BevelOuter de pnl_NumSol no es válido.
Línea 1071: el nombre de la propiedad Font3D de pnl_NumSol no es válido.
Línea 1079: el nombre de la propiedad _Version de pnl_Client no es válido.
Línea 1080: el nombre de la propiedad _ExtentX de pnl_Client no es válido.
Línea 1081: el nombre de la propiedad _ExtentY de pnl_Client no es válido.
Línea 1082: el nombre de la propiedad _StockProps de pnl_Client no es válido.
Línea 1083: el nombre de la propiedad Caption de pnl_Client no es válido.
Línea 1094: el nombre de la propiedad BevelOuter de pnl_Client no es válido.
Línea 1095: el nombre de la propiedad Font3D de pnl_Client no es válido.
Línea 1096: el nombre de la propiedad Alignment de pnl_Client no es válido.
Línea 1104: el nombre de la propiedad _Version de pnl_Situac no es válido.
Línea 1105: el nombre de la propiedad _ExtentX de pnl_Situac no es válido.
Línea 1106: el nombre de la propiedad _ExtentY de pnl_Situac no es válido.
Línea 1107: el nombre de la propiedad _StockProps de pnl_Situac no es válido.
Línea 1108: el nombre de la propiedad Caption de pnl_Situac no es válido.
Línea 1119: el nombre de la propiedad BevelOuter de pnl_Situac no es válido.
Línea 1120: el nombre de la propiedad Font3D de pnl_Situac no es válido.
Línea 1153: el nombre de la propiedad _Version de SSPanel2 no es válido.
Línea 1154: el nombre de la propiedad _ExtentX de SSPanel2 no es válido.
Línea 1155: el nombre de la propiedad _ExtentY de SSPanel2 no es válido.
Línea 1156: el nombre de la propiedad _StockProps de SSPanel2 no es válido.
Línea 1166: el nombre de la propiedad BevelOuter de SSPanel2 no es válido.
Línea 1184: el nombre de la propiedad _ExtentX de grd_LisEva no es válido.
Línea 1185: el nombre de la propiedad _ExtentY de grd_LisEva no es válido.
Línea 1186: el nombre de la propiedad _Version de grd_LisEva no es válido.
Línea 1187: el nombre de la propiedad Rows de grd_LisEva no es válido.
Línea 1188: el nombre de la propiedad FixedRows de grd_LisEva no es válido.
Línea 1189: el nombre de la propiedad FixedCols de grd_LisEva no es válido.
Línea 1190: el nombre de la propiedad BackColorSel de grd_LisEva no es válido.
Línea 1191: el nombre de la propiedad FocusRect de grd_LisEva no es válido.
Línea 1192: el nombre de la propiedad ScrollBars de grd_LisEva no es válido.
Línea 1193: el nombre de la propiedad SelectionMode de grd_LisEva no es válido.
