Línea 18: la clase Threed.SSPanel del control SSPanel1 no era una clase de control cargada.
Línea 37: la clase Threed.SSPanel del control SSPanel2 no era una clase de control cargada.
Línea 118: la clase Threed.SSPanel del control SSPanel3 no era una clase de control cargada.
Línea 163: la clase Threed.SSPanel del control SSPanel6 no era una clase de control cargada.
Línea 183: la clase Threed.SSPanel del control SSPanel7 no era una clase de control cargada.
Línea 216: la clase Threed.SSPanel del control pnl_SolEva no era una clase de control cargada.
Línea 236: la clase MSFlexGridLib.MSFlexGrid del control grd_Listad no era una clase de control cargada.
Línea 254: la clase Threed.SSPanel del control pnl_Tit_FecIns no era una clase de control cargada.
Línea 280: la clase Threed.SSPanel del control pnl_Tit_NumSol no era una clase de control cargada.
Línea 306: la clase Threed.SSPanel del control pnl_Tit_NomCli no era una clase de control cargada.
Línea 332: la clase Threed.SSPanel del control pnl_Tit_InsAct no era una clase de control cargada.
Línea 358: la clase Threed.SSPanel del control pnl_Tit_FecSol no era una clase de control cargada.
Línea 384: la clase Threed.SSPanel del control pnl_Tit_Produc no era una clase de control cargada.
Línea 410: la clase Threed.SSPanel del control pnl_Tit_ConHip no era una clase de control cargada.
Línea 436: la clase Threed.SSPanel del control pnl_Tit_SitIns no era una clase de control cargada.
Línea 24: el nombre de la propiedad _Version de SSPanel1 no es válido.
Línea 25: el nombre de la propiedad _ExtentX de SSPanel1 no es válido.
Línea 26: el nombre de la propiedad _ExtentY de SSPanel1 no es válido.
Línea 27: el nombre de la propiedad _StockProps de SSPanel1 no es válido.
Línea 43: el nombre de la propiedad _Version de SSPanel2 no es válido.
Línea 44: el nombre de la propiedad _ExtentX de SSPanel2 no es válido.
Línea 45: el nombre de la propiedad _ExtentY de SSPanel2 no es válido.
Línea 46: el nombre de la propiedad _StockProps de SSPanel2 no es válido.
Línea 56: el nombre de la propiedad BevelOuter de SSPanel2 no es válido.
Línea 124: el nombre de la propiedad _Version de SSPanel3 no es válido.
Línea 125: el nombre de la propiedad _ExtentX de SSPanel3 no es válido.
Línea 126: el nombre de la propiedad _ExtentY de SSPanel3 no es válido.
Línea 127: el nombre de la propiedad _StockProps de SSPanel3 no es válido.
Línea 137: el nombre de la propiedad BevelOuter de SSPanel3 no es válido.
Línea 169: el nombre de la propiedad _Version de SSPanel6 no es válido.
Línea 170: el nombre de la propiedad _ExtentX de SSPanel6 no es válido.
Línea 171: el nombre de la propiedad _ExtentY de SSPanel6 no es válido.
Línea 172: el nombre de la propiedad _StockProps de SSPanel6 no es válido.
Línea 182: el nombre de la propiedad BevelOuter de SSPanel6 no es válido.
Línea 189: el nombre de la propiedad _Version de SSPanel7 no es válido.
Línea 190: el nombre de la propiedad _ExtentX de SSPanel7 no es válido.
Línea 191: el nombre de la propiedad _ExtentY de SSPanel7 no es válido.
Línea 192: el nombre de la propiedad _StockProps de SSPanel7 no es válido.
Línea 193: el nombre de la propiedad Caption de SSPanel7 no es válido.
Línea 204: el nombre de la propiedad BevelOuter de SSPanel7 no es válido.
Línea 205: el nombre de la propiedad Font3D de SSPanel7 no es válido.
Línea 206: el nombre de la propiedad Alignment de SSPanel7 no es válido.
Línea 222: el nombre de la propiedad _Version de pnl_SolEva no es válido.
Línea 223: el nombre de la propiedad _ExtentX de pnl_SolEva no es válido.
Línea 224: el nombre de la propiedad _ExtentY de pnl_SolEva no es válido.
Línea 225: el nombre de la propiedad _StockProps de pnl_SolEva no es válido.
Línea 235: el nombre de la propiedad BevelOuter de pnl_SolEva no es válido.
Línea 242: el nombre de la propiedad _ExtentX de grd_Listad no es válido.
Línea 243: el nombre de la propiedad _ExtentY de grd_Listad no es válido.
Línea 244: el nombre de la propiedad _Version de grd_Listad no es válido.
Línea 245: el nombre de la propiedad Rows de grd_Listad no es válido.
Línea 246: el nombre de la propiedad Cols de grd_Listad no es válido.
Línea 247: el nombre de la propiedad FixedRows de grd_Listad no es válido.
Línea 248: el nombre de la propiedad FixedCols de grd_Listad no es válido.
Línea 249: el nombre de la propiedad BackColorSel de grd_Listad no es válido.
Línea 250: el nombre de la propiedad FocusRect de grd_Listad no es válido.
Línea 251: el nombre de la propiedad ScrollBars de grd_Listad no es válido.
Línea 252: el nombre de la propiedad SelectionMode de grd_Listad no es válido.
Línea 260: el nombre de la propiedad _Version de pnl_Tit_FecIns no es válido.
Línea 261: el nombre de la propiedad _ExtentX de pnl_Tit_FecIns no es válido.
Línea 262: el nombre de la propiedad _ExtentY de pnl_Tit_FecIns no es válido.
Línea 263: el nombre de la propiedad _StockProps de pnl_Tit_FecIns no es válido.
Línea 264: el nombre de la propiedad Caption de pnl_Tit_FecIns no es válido.
Línea 276: el nombre de la propiedad BevelOuter de pnl_Tit_FecIns no es válido.
Línea 277: el nombre de la propiedad RoundedCorners de pnl_Tit_FecIns no es válido.
Línea 278: el nombre de la propiedad Outline de pnl_Tit_FecIns no es válido.
Línea 286: el nombre de la propiedad _Version de pnl_Tit_NumSol no es válido.
Línea 287: el nombre de la propiedad _ExtentX de pnl_Tit_NumSol no es válido.
Línea 288: el nombre de la propiedad _ExtentY de pnl_Tit_NumSol no es válido.
Línea 289: el nombre de la propiedad _StockProps de pnl_Tit_NumSol no es válido.
Línea 290: el nombre de la propiedad Caption de pnl_Tit_NumSol no es válido.
Línea 302: el nombre de la propiedad BevelOuter de pnl_Tit_NumSol no es válido.
Línea 303: el nombre de la propiedad RoundedCorners de pnl_Tit_NumSol no es válido.
Línea 304: el nombre de la propiedad Outline de pnl_Tit_NumSol no es válido.
Línea 312: el nombre de la propiedad _Version de pnl_Tit_NomCli no es válido.
Línea 313: el nombre de la propiedad _ExtentX de pnl_Tit_NomCli no es válido.
Línea 314: el nombre de la propiedad _ExtentY de pnl_Tit_NomCli no es válido.
Línea 315: el nombre de la propiedad _StockProps de pnl_Tit_NomCli no es válido.
Línea 316: el nombre de la propiedad Caption de pnl_Tit_NomCli no es válido.
Línea 328: el nombre de la propiedad BevelOuter de pnl_Tit_NomCli no es válido.
Línea 329: el nombre de la propiedad RoundedCorners de pnl_Tit_NomCli no es válido.
Línea 330: el nombre de la propiedad Outline de pnl_Tit_NomCli no es válido.
Línea 338: el nombre de la propiedad _Version de pnl_Tit_InsAct no es válido.
Línea 339: el nombre de la propiedad _ExtentX de pnl_Tit_InsAct no es válido.
Línea 340: el nombre de la propiedad _ExtentY de pnl_Tit_InsAct no es válido.
Línea 341: el nombre de la propiedad _StockProps de pnl_Tit_InsAct no es válido.
Línea 342: el nombre de la propiedad Caption de pnl_Tit_InsAct no es válido.
Línea 354: el nombre de la propiedad BevelOuter de pnl_Tit_InsAct no es válido.
Línea 355: el nombre de la propiedad RoundedCorners de pnl_Tit_InsAct no es válido.
Línea 356: el nombre de la propiedad Outline de pnl_Tit_InsAct no es válido.
Línea 364: el nombre de la propiedad _Version de pnl_Tit_FecSol no es válido.
Línea 365: el nombre de la propiedad _ExtentX de pnl_Tit_FecSol no es válido.
Línea 366: el nombre de la propiedad _ExtentY de pnl_Tit_FecSol no es válido.
Línea 367: el nombre de la propiedad _StockProps de pnl_Tit_FecSol no es válido.
Línea 368: el nombre de la propiedad Caption de pnl_Tit_FecSol no es válido.
Línea 380: el nombre de la propiedad BevelOuter de pnl_Tit_FecSol no es válido.
Línea 381: el nombre de la propiedad RoundedCorners de pnl_Tit_FecSol no es válido.
Línea 382: el nombre de la propiedad Outline de pnl_Tit_FecSol no es válido.
Línea 390: el nombre de la propiedad _Version de pnl_Tit_Produc no es válido.
Línea 391: el nombre de la propiedad _ExtentX de pnl_Tit_Produc no es válido.
Línea 392: el nombre de la propiedad _ExtentY de pnl_Tit_Produc no es válido.
Línea 393: el nombre de la propiedad _StockProps de pnl_Tit_Produc no es válido.
Línea 394: el nombre de la propiedad Caption de pnl_Tit_Produc no es válido.
Línea 406: el nombre de la propiedad BevelOuter de pnl_Tit_Produc no es válido.
Línea 407: el nombre de la propiedad RoundedCorners de pnl_Tit_Produc no es válido.
Línea 408: el nombre de la propiedad Outline de pnl_Tit_Produc no es válido.
Línea 416: el nombre de la propiedad _Version de pnl_Tit_ConHip no es válido.
Línea 417: el nombre de la propiedad _ExtentX de pnl_Tit_ConHip no es válido.
Línea 418: el nombre de la propiedad _ExtentY de pnl_Tit_ConHip no es válido.
Línea 419: el nombre de la propiedad _StockProps de pnl_Tit_ConHip no es válido.
Línea 420: el nombre de la propiedad Caption de pnl_Tit_ConHip no es válido.
Línea 432: el nombre de la propiedad BevelOuter de pnl_Tit_ConHip no es válido.
Línea 433: el nombre de la propiedad RoundedCorners de pnl_Tit_ConHip no es válido.
Línea 434: el nombre de la propiedad Outline de pnl_Tit_ConHip no es válido.
Línea 442: el nombre de la propiedad _Version de pnl_Tit_SitIns no es válido.
Línea 443: el nombre de la propiedad _ExtentX de pnl_Tit_SitIns no es válido.
Línea 444: el nombre de la propiedad _ExtentY de pnl_Tit_SitIns no es válido.
Línea 445: el nombre de la propiedad _StockProps de pnl_Tit_SitIns no es válido.
Línea 446: el nombre de la propiedad Caption de pnl_Tit_SitIns no es válido.
Línea 458: el nombre de la propiedad BevelOuter de pnl_Tit_SitIns no es válido.
Línea 459: el nombre de la propiedad RoundedCorners de pnl_Tit_SitIns no es válido.
Línea 460: el nombre de la propiedad Outline de pnl_Tit_SitIns no es válido.
